ARM GAS  C:\Users\Davit\AppData\Local\Temp\ccMmIqd0.s 			page 1


   1              		.cpu cortex-m0
   2              		.fpu softvfp
   3              		.eabi_attribute 20, 1
   4              		.eabi_attribute 21, 1
   5              		.eabi_attribute 23, 3
   6              		.eabi_attribute 24, 1
   7              		.eabi_attribute 25, 1
   8              		.eabi_attribute 26, 1
   9              		.eabi_attribute 30, 6
  10              		.eabi_attribute 34, 0
  11              		.eabi_attribute 18, 4
  12              		.code	16
  13              		.file	"BLE_1_custom.c"
  14              		.text
  15              	.Ltext0:
  16              		.cfi_sections	.debug_frame
  17              		.global	cyBle_customs
  18              		.section	.rodata
  19              		.align	2
  20              		.type	cyBle_customs, %object
  21              		.size	cyBle_customs, 14
  22              	cyBle_customs:
  23 0000 0E00     		.short	14
  24 0002 1000     		.short	16
  25 0004 1100     		.short	17
  26 0006 1200     		.short	18
  27 0008 1400     		.short	20
  28 000a 1500     		.short	21
  29 000c 1600     		.short	22
  30 000e 0000     		.section	.text.CyBle_CustomInit,"ax",%progbits
  31              		.align	2
  32              		.global	CyBle_CustomInit
  33              		.code	16
  34              		.thumb_func
  35              		.type	CyBle_CustomInit, %function
  36              	CyBle_CustomInit:
  37              	.LFB2:
  38              		.file 1 "Generated_Source\\PSoC4\\BLE_1_custom.c"
   1:Generated_Source\PSoC4/BLE_1_custom.c **** /***************************************************************************//**
   2:Generated_Source\PSoC4/BLE_1_custom.c **** * \file CYBLE_custom.c
   3:Generated_Source\PSoC4/BLE_1_custom.c **** * \version 3.20
   4:Generated_Source\PSoC4/BLE_1_custom.c **** * 
   5:Generated_Source\PSoC4/BLE_1_custom.c **** * \brief
   6:Generated_Source\PSoC4/BLE_1_custom.c **** *  Contains the source code for the Custom Service.
   7:Generated_Source\PSoC4/BLE_1_custom.c **** * 
   8:Generated_Source\PSoC4/BLE_1_custom.c **** ********************************************************************************
   9:Generated_Source\PSoC4/BLE_1_custom.c **** * \copyright
  10:Generated_Source\PSoC4/BLE_1_custom.c **** * Copyright 2014-2016, Cypress Semiconductor Corporation.  All rights reserved.
  11:Generated_Source\PSoC4/BLE_1_custom.c **** * You may use this file only in accordance with the license, terms, conditions,
  12:Generated_Source\PSoC4/BLE_1_custom.c **** * disclaimers, and limitations in the end user license agreement accompanying
  13:Generated_Source\PSoC4/BLE_1_custom.c **** * the software package with which this file was provided.
  14:Generated_Source\PSoC4/BLE_1_custom.c **** *******************************************************************************/
  15:Generated_Source\PSoC4/BLE_1_custom.c **** 
  16:Generated_Source\PSoC4/BLE_1_custom.c **** 
  17:Generated_Source\PSoC4/BLE_1_custom.c **** #include "BLE_1_eventHandler.h"
  18:Generated_Source\PSoC4/BLE_1_custom.c **** 
  19:Generated_Source\PSoC4/BLE_1_custom.c **** #ifdef CYBLE_CUSTOM_SERVER
ARM GAS  C:\Users\Davit\AppData\Local\Temp\ccMmIqd0.s 			page 2


  20:Generated_Source\PSoC4/BLE_1_custom.c **** 
  21:Generated_Source\PSoC4/BLE_1_custom.c **** /* If any custom service with custom characterisctis is defined in the
  22:Generated_Source\PSoC4/BLE_1_custom.c **** * customizer's GUI their handles will be present in this array.
  23:Generated_Source\PSoC4/BLE_1_custom.c **** */
  24:Generated_Source\PSoC4/BLE_1_custom.c **** /* This array contains attribute handles for the defined Custom Services and their characteristics 
  25:Generated_Source\PSoC4/BLE_1_custom.c ****    The array index definitions are located in the CYBLE_custom.h file. */
  26:Generated_Source\PSoC4/BLE_1_custom.c **** const CYBLE_CUSTOMS_T cyBle_customs[0x01u] = {
  27:Generated_Source\PSoC4/BLE_1_custom.c **** 
  28:Generated_Source\PSoC4/BLE_1_custom.c ****     /* TempSensor service */
  29:Generated_Source\PSoC4/BLE_1_custom.c ****     {
  30:Generated_Source\PSoC4/BLE_1_custom.c ****         0x000Eu, /* Handle of the TempSensor service */ 
  31:Generated_Source\PSoC4/BLE_1_custom.c ****         {
  32:Generated_Source\PSoC4/BLE_1_custom.c **** 
  33:Generated_Source\PSoC4/BLE_1_custom.c ****             /* Temperature characteristic */
  34:Generated_Source\PSoC4/BLE_1_custom.c ****             {
  35:Generated_Source\PSoC4/BLE_1_custom.c ****                 0x0010u, /* Handle of the Temperature characteristic */ 
  36:Generated_Source\PSoC4/BLE_1_custom.c ****                 
  37:Generated_Source\PSoC4/BLE_1_custom.c ****                 /* Array of Descriptors handles */
  38:Generated_Source\PSoC4/BLE_1_custom.c ****                 {
  39:Generated_Source\PSoC4/BLE_1_custom.c ****                     0x0011u, /* Handle of the Custom Descriptor descriptor */ 
  40:Generated_Source\PSoC4/BLE_1_custom.c ****                     0x0012u, /* Handle of the temp1CCCD descriptor */ 
  41:Generated_Source\PSoC4/BLE_1_custom.c ****                 }, 
  42:Generated_Source\PSoC4/BLE_1_custom.c ****             },
  43:Generated_Source\PSoC4/BLE_1_custom.c **** 
  44:Generated_Source\PSoC4/BLE_1_custom.c ****             /* Temperature2 characteristic */
  45:Generated_Source\PSoC4/BLE_1_custom.c ****             {
  46:Generated_Source\PSoC4/BLE_1_custom.c ****                 0x0014u, /* Handle of the Temperature2 characteristic */ 
  47:Generated_Source\PSoC4/BLE_1_custom.c ****                 
  48:Generated_Source\PSoC4/BLE_1_custom.c ****                 /* Array of Descriptors handles */
  49:Generated_Source\PSoC4/BLE_1_custom.c ****                 {
  50:Generated_Source\PSoC4/BLE_1_custom.c ****                     0x0015u, /* Handle of the Custom Descriptor descriptor */ 
  51:Generated_Source\PSoC4/BLE_1_custom.c ****                     0x0016u, /* Handle of the temp2CCCD descriptor */ 
  52:Generated_Source\PSoC4/BLE_1_custom.c ****                 }, 
  53:Generated_Source\PSoC4/BLE_1_custom.c ****             },
  54:Generated_Source\PSoC4/BLE_1_custom.c ****         }, 
  55:Generated_Source\PSoC4/BLE_1_custom.c ****     },
  56:Generated_Source\PSoC4/BLE_1_custom.c **** };
  57:Generated_Source\PSoC4/BLE_1_custom.c **** 
  58:Generated_Source\PSoC4/BLE_1_custom.c **** 
  59:Generated_Source\PSoC4/BLE_1_custom.c **** #endif /* (CYBLE_CUSTOM_SERVER) */
  60:Generated_Source\PSoC4/BLE_1_custom.c **** 
  61:Generated_Source\PSoC4/BLE_1_custom.c **** #ifdef CYBLE_CUSTOM_CLIENT
  62:Generated_Source\PSoC4/BLE_1_custom.c ****     
  63:Generated_Source\PSoC4/BLE_1_custom.c **** 
  64:Generated_Source\PSoC4/BLE_1_custom.c **** static uint16 cyBle_customDisServIndex;
  65:Generated_Source\PSoC4/BLE_1_custom.c **** static uint16 cyBle_customDisCharIndex;
  66:Generated_Source\PSoC4/BLE_1_custom.c **** 
  67:Generated_Source\PSoC4/BLE_1_custom.c **** #endif /* (CYBLE_CUSTOM_CLIENT) */
  68:Generated_Source\PSoC4/BLE_1_custom.c **** 
  69:Generated_Source\PSoC4/BLE_1_custom.c **** 
  70:Generated_Source\PSoC4/BLE_1_custom.c **** /****************************************************************************** 
  71:Generated_Source\PSoC4/BLE_1_custom.c **** * Function Name: CyBle_CustomInit
  72:Generated_Source\PSoC4/BLE_1_custom.c **** ***************************************************************************//**
  73:Generated_Source\PSoC4/BLE_1_custom.c **** * 
  74:Generated_Source\PSoC4/BLE_1_custom.c **** *  This function initializes Custom Service.
  75:Generated_Source\PSoC4/BLE_1_custom.c **** * 
  76:Generated_Source\PSoC4/BLE_1_custom.c **** * \return
ARM GAS  C:\Users\Davit\AppData\Local\Temp\ccMmIqd0.s 			page 3


  77:Generated_Source\PSoC4/BLE_1_custom.c **** *  None
  78:Generated_Source\PSoC4/BLE_1_custom.c **** * 
  79:Generated_Source\PSoC4/BLE_1_custom.c **** ******************************************************************************/
  80:Generated_Source\PSoC4/BLE_1_custom.c **** void CyBle_CustomInit(void)
  81:Generated_Source\PSoC4/BLE_1_custom.c **** {
  39              		.loc 1 81 0
  40              		.cfi_startproc
  41 0000 80B5     		push	{r7, lr}
  42              		.cfi_def_cfa_offset 8
  43              		.cfi_offset 7, -8
  44              		.cfi_offset 14, -4
  45 0002 00AF     		add	r7, sp, #0
  46              		.cfi_def_cfa_register 7
  82:Generated_Source\PSoC4/BLE_1_custom.c ****     
  83:Generated_Source\PSoC4/BLE_1_custom.c **** #ifdef CYBLE_CUSTOM_CLIENT
  84:Generated_Source\PSoC4/BLE_1_custom.c **** 
  85:Generated_Source\PSoC4/BLE_1_custom.c ****     uint16 locServIndex;
  86:Generated_Source\PSoC4/BLE_1_custom.c ****     uint16 locCharIndex;
  87:Generated_Source\PSoC4/BLE_1_custom.c ****     uint16 locDescIndex;
  88:Generated_Source\PSoC4/BLE_1_custom.c ****     
  89:Generated_Source\PSoC4/BLE_1_custom.c ****     for(locServIndex = 0u; locServIndex < CYBLE_CUSTOMC_SERVICE_COUNT; locServIndex++)
  90:Generated_Source\PSoC4/BLE_1_custom.c ****     {
  91:Generated_Source\PSoC4/BLE_1_custom.c ****         if(cyBle_serverInfo[CYBLE_SRVI_CUSTOMS + locServIndex].range.startHandle == CYBLE_GATT_INVA
  92:Generated_Source\PSoC4/BLE_1_custom.c ****         {
  93:Generated_Source\PSoC4/BLE_1_custom.c ****             for(locCharIndex = 0u; locCharIndex < cyBle_customCServ[locServIndex].charCount; locCha
  94:Generated_Source\PSoC4/BLE_1_custom.c ****             {
  95:Generated_Source\PSoC4/BLE_1_custom.c ****                 cyBle_customCServ[locServIndex].customServChar[locCharIndex].
  96:Generated_Source\PSoC4/BLE_1_custom.c ****                     customServCharHandle = 0u;
  97:Generated_Source\PSoC4/BLE_1_custom.c ****                 
  98:Generated_Source\PSoC4/BLE_1_custom.c ****                 for(locDescIndex = 0u; locDescIndex < 
  99:Generated_Source\PSoC4/BLE_1_custom.c ****                     cyBle_customCServ[locServIndex].customServChar[locCharIndex].descCount; 
 100:Generated_Source\PSoC4/BLE_1_custom.c ****                         locDescIndex++)
 101:Generated_Source\PSoC4/BLE_1_custom.c ****                 {
 102:Generated_Source\PSoC4/BLE_1_custom.c ****                     cyBle_customCServ[locServIndex].customServChar[locCharIndex].
 103:Generated_Source\PSoC4/BLE_1_custom.c ****                         customServCharDesc[locDescIndex].descHandle = 0u;
 104:Generated_Source\PSoC4/BLE_1_custom.c ****                 }
 105:Generated_Source\PSoC4/BLE_1_custom.c ****             }
 106:Generated_Source\PSoC4/BLE_1_custom.c ****         }
 107:Generated_Source\PSoC4/BLE_1_custom.c ****     }
 108:Generated_Source\PSoC4/BLE_1_custom.c **** 
 109:Generated_Source\PSoC4/BLE_1_custom.c **** #endif /* (CYBLE_CUSTOM_CLIENT) */
 110:Generated_Source\PSoC4/BLE_1_custom.c **** }
  47              		.loc 1 110 0
  48 0004 BD46     		mov	sp, r7
  49              		@ sp needed
  50 0006 80BD     		pop	{r7, pc}
  51              		.cfi_endproc
  52              	.LFE2:
  53              		.size	CyBle_CustomInit, .-CyBle_CustomInit
  54              		.text
  55              	.Letext0:
  56              		.file 2 "Generated_Source\\PSoC4\\cytypes.h"
  57              		.file 3 "Generated_Source\\PSoC4\\BLE_1_StackGatt.h"
  58              		.file 4 "Generated_Source\\PSoC4\\BLE_1_custom.h"
  59              		.file 5 "Generated_Source\\PSoC4\\BLE_1_Stack.h"
  60              		.section	.debug_info,"",%progbits
  61              	.Ldebug_info0:
ARM GAS  C:\Users\Davit\AppData\Local\Temp\ccMmIqd0.s 			page 4


  62 0000 1A030000 		.4byte	0x31a
  63 0004 0400     		.2byte	0x4
  64 0006 00000000 		.4byte	.Ldebug_abbrev0
  65 000a 04       		.byte	0x4
  66 000b 01       		.uleb128 0x1
  67 000c 8E060000 		.4byte	.LASF90
  68 0010 01       		.byte	0x1
  69 0011 EC010000 		.4byte	.LASF91
  70 0015 A6050000 		.4byte	.LASF92
  71 0019 00000000 		.4byte	.Ldebug_ranges0+0
  72 001d 00000000 		.4byte	0
  73 0021 00000000 		.4byte	.Ldebug_line0
  74 0025 02       		.uleb128 0x2
  75 0026 01       		.byte	0x1
  76 0027 06       		.byte	0x6
  77 0028 AE040000 		.4byte	.LASF0
  78 002c 02       		.uleb128 0x2
  79 002d 01       		.byte	0x1
  80 002e 08       		.byte	0x8
  81 002f 35040000 		.4byte	.LASF1
  82 0033 02       		.uleb128 0x2
  83 0034 02       		.byte	0x2
  84 0035 05       		.byte	0x5
  85 0036 B7000000 		.4byte	.LASF2
  86 003a 02       		.uleb128 0x2
  87 003b 02       		.byte	0x2
  88 003c 07       		.byte	0x7
  89 003d 38070000 		.4byte	.LASF3
  90 0041 02       		.uleb128 0x2
  91 0042 04       		.byte	0x4
  92 0043 05       		.byte	0x5
  93 0044 E9020000 		.4byte	.LASF4
  94 0048 02       		.uleb128 0x2
  95 0049 04       		.byte	0x4
  96 004a 07       		.byte	0x7
  97 004b 3F050000 		.4byte	.LASF5
  98 004f 02       		.uleb128 0x2
  99 0050 08       		.byte	0x8
 100 0051 05       		.byte	0x5
 101 0052 05010000 		.4byte	.LASF6
 102 0056 02       		.uleb128 0x2
 103 0057 08       		.byte	0x8
 104 0058 07       		.byte	0x7
 105 0059 9C020000 		.4byte	.LASF7
 106 005d 03       		.uleb128 0x3
 107 005e 04       		.byte	0x4
 108 005f 05       		.byte	0x5
 109 0060 696E7400 		.ascii	"int\000"
 110 0064 02       		.uleb128 0x2
 111 0065 04       		.byte	0x4
 112 0066 07       		.byte	0x7
 113 0067 17050000 		.4byte	.LASF8
 114 006b 04       		.uleb128 0x4
 115 006c 7B010000 		.4byte	.LASF82
 116 0070 02       		.byte	0x2
 117 0071 BA01     		.2byte	0x1ba
 118 0073 3A000000 		.4byte	0x3a
ARM GAS  C:\Users\Davit\AppData\Local\Temp\ccMmIqd0.s 			page 5


 119 0077 02       		.uleb128 0x2
 120 0078 04       		.byte	0x4
 121 0079 04       		.byte	0x4
 122 007a 33020000 		.4byte	.LASF9
 123 007e 02       		.uleb128 0x2
 124 007f 08       		.byte	0x8
 125 0080 04       		.byte	0x4
 126 0081 0C080000 		.4byte	.LASF10
 127 0085 02       		.uleb128 0x2
 128 0086 01       		.byte	0x1
 129 0087 08       		.byte	0x8
 130 0088 89060000 		.4byte	.LASF11
 131 008c 02       		.uleb128 0x2
 132 008d 04       		.byte	0x4
 133 008e 07       		.byte	0x7
 134 008f DB000000 		.4byte	.LASF12
 135 0093 05       		.uleb128 0x5
 136 0094 01       		.byte	0x1
 137 0095 05       		.byte	0x5
 138 0096 3101     		.2byte	0x131
 139 0098 62020000 		.4byte	0x262
 140 009c 06       		.uleb128 0x6
 141 009d D5010000 		.4byte	.LASF13
 142 00a1 00       		.sleb128 0
 143 00a2 06       		.uleb128 0x6
 144 00a3 4A010000 		.4byte	.LASF14
 145 00a7 01       		.sleb128 1
 146 00a8 06       		.uleb128 0x6
 147 00a9 8C090000 		.4byte	.LASF15
 148 00ad 02       		.sleb128 2
 149 00ae 06       		.uleb128 0x6
 150 00af 68080000 		.4byte	.LASF16
 151 00b3 03       		.sleb128 3
 152 00b4 06       		.uleb128 0x6
 153 00b5 24010000 		.4byte	.LASF17
 154 00b9 04       		.sleb128 4
 155 00ba 06       		.uleb128 0x6
 156 00bb 7B030000 		.4byte	.LASF18
 157 00bf 05       		.sleb128 5
 158 00c0 06       		.uleb128 0x6
 159 00c1 3E000000 		.4byte	.LASF19
 160 00c5 06       		.sleb128 6
 161 00c6 06       		.uleb128 0x6
 162 00c7 4B070000 		.4byte	.LASF20
 163 00cb 20       		.sleb128 32
 164 00cc 06       		.uleb128 0x6
 165 00cd 51050000 		.4byte	.LASF21
 166 00d1 21       		.sleb128 33
 167 00d2 06       		.uleb128 0x6
 168 00d3 00000000 		.4byte	.LASF22
 169 00d7 22       		.sleb128 34
 170 00d8 06       		.uleb128 0x6
 171 00d9 97030000 		.4byte	.LASF23
 172 00dd 23       		.sleb128 35
 173 00de 06       		.uleb128 0x6
 174 00df FB040000 		.4byte	.LASF24
 175 00e3 24       		.sleb128 36
ARM GAS  C:\Users\Davit\AppData\Local\Temp\ccMmIqd0.s 			page 6


 176 00e4 06       		.uleb128 0x6
 177 00e5 C1000000 		.4byte	.LASF25
 178 00e9 25       		.sleb128 37
 179 00ea 06       		.uleb128 0x6
 180 00eb 32030000 		.4byte	.LASF26
 181 00ef 26       		.sleb128 38
 182 00f0 06       		.uleb128 0x6
 183 00f1 13030000 		.4byte	.LASF27
 184 00f5 27       		.sleb128 39
 185 00f6 06       		.uleb128 0x6
 186 00f7 71000000 		.4byte	.LASF28
 187 00fb 28       		.sleb128 40
 188 00fc 06       		.uleb128 0x6
 189 00fd 89050000 		.4byte	.LASF29
 190 0101 29       		.sleb128 41
 191 0102 06       		.uleb128 0x6
 192 0103 39060000 		.4byte	.LASF30
 193 0107 2A       		.sleb128 42
 194 0108 06       		.uleb128 0x6
 195 0109 AC070000 		.4byte	.LASF31
 196 010d 2B       		.sleb128 43
 197 010e 06       		.uleb128 0x6
 198 010f 15060000 		.4byte	.LASF32
 199 0113 2C       		.sleb128 44
 200 0114 06       		.uleb128 0x6
 201 0115 52020000 		.4byte	.LASF33
 202 0119 2D       		.sleb128 45
 203 011a 06       		.uleb128 0x6
 204 011b 93000000 		.4byte	.LASF34
 205 011f 2E       		.sleb128 46
 206 0120 06       		.uleb128 0x6
 207 0121 820A0000 		.4byte	.LASF35
 208 0125 2F       		.sleb128 47
 209 0126 06       		.uleb128 0x6
 210 0127 E4000000 		.4byte	.LASF36
 211 012b 30       		.sleb128 48
 212 012c 06       		.uleb128 0x6
 213 012d EB030000 		.4byte	.LASF37
 214 0131 31       		.sleb128 49
 215 0132 06       		.uleb128 0x6
 216 0133 7B020000 		.4byte	.LASF38
 217 0137 32       		.sleb128 50
 218 0138 06       		.uleb128 0x6
 219 0139 62060000 		.4byte	.LASF39
 220 013d 33       		.sleb128 51
 221 013e 06       		.uleb128 0x6
 222 013f DA050000 		.4byte	.LASF40
 223 0143 34       		.sleb128 52
 224 0144 06       		.uleb128 0x6
 225 0145 4B080000 		.4byte	.LASF41
 226 0149 35       		.sleb128 53
 227 014a 06       		.uleb128 0x6
 228 014b C8020000 		.4byte	.LASF42
 229 014f 36       		.sleb128 54
 230 0150 06       		.uleb128 0x6
 231 0151 57000000 		.4byte	.LASF43
 232 0155 C000     		.sleb128 64
ARM GAS  C:\Users\Davit\AppData\Local\Temp\ccMmIqd0.s 			page 7


 233 0157 06       		.uleb128 0x6
 234 0158 24050000 		.4byte	.LASF44
 235 015c C100     		.sleb128 65
 236 015e 06       		.uleb128 0x6
 237 015f 640A0000 		.4byte	.LASF45
 238 0163 C200     		.sleb128 66
 239 0165 06       		.uleb128 0x6
 240 0166 5D010000 		.4byte	.LASF46
 241 016a C300     		.sleb128 67
 242 016c 06       		.uleb128 0x6
 243 016d 4A090000 		.4byte	.LASF47
 244 0171 C400     		.sleb128 68
 245 0173 06       		.uleb128 0x6
 246 0174 E4080000 		.4byte	.LASF48
 247 0178 C500     		.sleb128 69
 248 017a 06       		.uleb128 0x6
 249 017b 29090000 		.4byte	.LASF49
 250 017f C600     		.sleb128 70
 251 0181 06       		.uleb128 0x6
 252 0182 90040000 		.4byte	.LASF50
 253 0186 C700     		.sleb128 71
 254 0188 06       		.uleb128 0x6
 255 0189 D4040000 		.4byte	.LASF51
 256 018d C800     		.sleb128 72
 257 018f 06       		.uleb128 0x6
 258 0190 39020000 		.4byte	.LASF52
 259 0194 C900     		.sleb128 73
 260 0196 06       		.uleb128 0x6
 261 0197 6F070000 		.4byte	.LASF53
 262 019b CA00     		.sleb128 74
 263 019d 06       		.uleb128 0x6
 264 019e 95010000 		.4byte	.LASF54
 265 01a2 CB00     		.sleb128 75
 266 01a4 06       		.uleb128 0x6
 267 01a5 BA040000 		.4byte	.LASF55
 268 01a9 CC00     		.sleb128 76
 269 01ab 06       		.uleb128 0x6
 270 01ac 24000000 		.4byte	.LASF56
 271 01b0 CD00     		.sleb128 77
 272 01b2 06       		.uleb128 0x6
 273 01b3 0B090000 		.4byte	.LASF57
 274 01b7 CE00     		.sleb128 78
 275 01b9 06       		.uleb128 0x6
 276 01ba 52040000 		.4byte	.LASF58
 277 01be CF00     		.sleb128 79
 278 01c0 06       		.uleb128 0x6
 279 01c1 F7090000 		.4byte	.LASF59
 280 01c5 D000     		.sleb128 80
 281 01c7 06       		.uleb128 0x6
 282 01c8 8D070000 		.4byte	.LASF60
 283 01cc D100     		.sleb128 81
 284 01ce 06       		.uleb128 0x6
 285 01cf 5A030000 		.4byte	.LASF61
 286 01d3 D200     		.sleb128 82
 287 01d5 06       		.uleb128 0x6
 288 01d6 F2020000 		.4byte	.LASF62
 289 01da D300     		.sleb128 83
ARM GAS  C:\Users\Davit\AppData\Local\Temp\ccMmIqd0.s 			page 8


 290 01dc 06       		.uleb128 0x6
 291 01dd B4010000 		.4byte	.LASF63
 292 01e1 D400     		.sleb128 84
 293 01e3 06       		.uleb128 0x6
 294 01e4 400A0000 		.4byte	.LASF64
 295 01e8 D500     		.sleb128 85
 296 01ea 06       		.uleb128 0x6
 297 01eb D5090000 		.4byte	.LASF65
 298 01ef D600     		.sleb128 86
 299 01f1 06       		.uleb128 0x6
 300 01f2 AC090000 		.4byte	.LASF66
 301 01f6 D700     		.sleb128 87
 302 01f8 06       		.uleb128 0x6
 303 01f9 F2050000 		.4byte	.LASF67
 304 01fd D800     		.sleb128 88
 305 01ff 06       		.uleb128 0x6
 306 0200 0F040000 		.4byte	.LASF68
 307 0204 F000     		.sleb128 112
 308 0206 06       		.uleb128 0x6
 309 0207 A0080000 		.4byte	.LASF69
 310 020b F100     		.sleb128 113
 311 020d 06       		.uleb128 0x6
 312 020e 1C070000 		.4byte	.LASF70
 313 0212 F200     		.sleb128 114
 314 0214 06       		.uleb128 0x6
 315 0215 C6080000 		.4byte	.LASF71
 316 0219 F300     		.sleb128 115
 317 021b 06       		.uleb128 0x6
 318 021c CD030000 		.4byte	.LASF72
 319 0220 F400     		.sleb128 116
 320 0222 06       		.uleb128 0x6
 321 0223 68050000 		.4byte	.LASF73
 322 0227 F500     		.sleb128 117
 323 0229 06       		.uleb128 0x6
 324 022a 12020000 		.4byte	.LASF74
 325 022e F600     		.sleb128 118
 326 0230 06       		.uleb128 0x6
 327 0231 81080000 		.4byte	.LASF75
 328 0235 F700     		.sleb128 119
 329 0237 06       		.uleb128 0x6
 330 0238 E9070000 		.4byte	.LASF76
 331 023c F800     		.sleb128 120
 332 023e 06       		.uleb128 0x6
 333 023f 13080000 		.4byte	.LASF77
 334 0243 F900     		.sleb128 121
 335 0245 06       		.uleb128 0x6
 336 0246 68090000 		.4byte	.LASF78
 337 024a FA00     		.sleb128 122
 338 024c 06       		.uleb128 0x6
 339 024d CB070000 		.4byte	.LASF79
 340 0251 FA01     		.sleb128 250
 341 0253 06       		.uleb128 0x6
 342 0254 71040000 		.4byte	.LASF80
 343 0258 FB01     		.sleb128 251
 344 025a 06       		.uleb128 0x6
 345 025b 9E090000 		.4byte	.LASF81
 346 025f FF01     		.sleb128 255
ARM GAS  C:\Users\Davit\AppData\Local\Temp\ccMmIqd0.s 			page 9


 347 0261 00       		.byte	0
 348 0262 04       		.uleb128 0x4
 349 0263 160A0000 		.4byte	.LASF83
 350 0267 03       		.byte	0x3
 351 0268 8401     		.2byte	0x184
 352 026a 6B000000 		.4byte	0x6b
 353 026e 07       		.uleb128 0x7
 354 026f 06       		.byte	0x6
 355 0270 04       		.byte	0x4
 356 0271 4A       		.byte	0x4a
 357 0272 8F020000 		.4byte	0x28f
 358 0276 08       		.uleb128 0x8
 359 0277 36080000 		.4byte	.LASF84
 360 027b 04       		.byte	0x4
 361 027c 4D       		.byte	0x4d
 362 027d 62020000 		.4byte	0x262
 363 0281 00       		.byte	0
 364 0282 08       		.uleb128 0x8
 365 0283 82010000 		.4byte	.LASF85
 366 0287 04       		.byte	0x4
 367 0288 4F       		.byte	0x4f
 368 0289 8F020000 		.4byte	0x28f
 369 028d 02       		.byte	0x2
 370 028e 00       		.byte	0
 371 028f 09       		.uleb128 0x9
 372 0290 62020000 		.4byte	0x262
 373 0294 9F020000 		.4byte	0x29f
 374 0298 0A       		.uleb128 0xa
 375 0299 8C000000 		.4byte	0x8c
 376 029d 01       		.byte	0x1
 377 029e 00       		.byte	0
 378 029f 0B       		.uleb128 0xb
 379 02a0 B3020000 		.4byte	.LASF86
 380 02a4 04       		.byte	0x4
 381 02a5 51       		.byte	0x51
 382 02a6 6E020000 		.4byte	0x26e
 383 02aa 07       		.uleb128 0x7
 384 02ab 0E       		.byte	0xe
 385 02ac 04       		.byte	0x4
 386 02ad 54       		.byte	0x54
 387 02ae CB020000 		.4byte	0x2cb
 388 02b2 08       		.uleb128 0x8
 389 02b3 13010000 		.4byte	.LASF87
 390 02b7 04       		.byte	0x4
 391 02b8 57       		.byte	0x57
 392 02b9 62020000 		.4byte	0x262
 393 02bd 00       		.byte	0
 394 02be 08       		.uleb128 0x8
 395 02bf 43040000 		.4byte	.LASF88
 396 02c3 04       		.byte	0x4
 397 02c4 5A       		.byte	0x5a
 398 02c5 CB020000 		.4byte	0x2cb
 399 02c9 02       		.byte	0x2
 400 02ca 00       		.byte	0
 401 02cb 09       		.uleb128 0x9
 402 02cc 9F020000 		.4byte	0x29f
 403 02d0 DB020000 		.4byte	0x2db
ARM GAS  C:\Users\Davit\AppData\Local\Temp\ccMmIqd0.s 			page 10


 404 02d4 0A       		.uleb128 0xa
 405 02d5 8C000000 		.4byte	0x8c
 406 02d9 01       		.byte	0x1
 407 02da 00       		.byte	0
 408 02db 0B       		.uleb128 0xb
 409 02dc BD030000 		.4byte	.LASF89
 410 02e0 04       		.byte	0x4
 411 02e1 5C       		.byte	0x5c
 412 02e2 AA020000 		.4byte	0x2aa
 413 02e6 0C       		.uleb128 0xc
 414 02e7 39010000 		.4byte	.LASF93
 415 02eb 01       		.byte	0x1
 416 02ec 50       		.byte	0x50
 417 02ed 00000000 		.4byte	.LFB2
 418 02f1 08000000 		.4byte	.LFE2-.LFB2
 419 02f5 01       		.uleb128 0x1
 420 02f6 9C       		.byte	0x9c
 421 02f7 09       		.uleb128 0x9
 422 02f8 DB020000 		.4byte	0x2db
 423 02fc 07030000 		.4byte	0x307
 424 0300 0A       		.uleb128 0xa
 425 0301 8C000000 		.4byte	0x8c
 426 0305 00       		.byte	0
 427 0306 00       		.byte	0
 428 0307 0D       		.uleb128 0xd
 429 0308 320A0000 		.4byte	.LASF94
 430 030c 01       		.byte	0x1
 431 030d 1A       		.byte	0x1a
 432 030e 18030000 		.4byte	0x318
 433 0312 05       		.uleb128 0x5
 434 0313 03       		.byte	0x3
 435 0314 00000000 		.4byte	cyBle_customs
 436 0318 0E       		.uleb128 0xe
 437 0319 F7020000 		.4byte	0x2f7
 438 031d 00       		.byte	0
 439              		.section	.debug_abbrev,"",%progbits
 440              	.Ldebug_abbrev0:
 441 0000 01       		.uleb128 0x1
 442 0001 11       		.uleb128 0x11
 443 0002 01       		.byte	0x1
 444 0003 25       		.uleb128 0x25
 445 0004 0E       		.uleb128 0xe
 446 0005 13       		.uleb128 0x13
 447 0006 0B       		.uleb128 0xb
 448 0007 03       		.uleb128 0x3
 449 0008 0E       		.uleb128 0xe
 450 0009 1B       		.uleb128 0x1b
 451 000a 0E       		.uleb128 0xe
 452 000b 55       		.uleb128 0x55
 453 000c 17       		.uleb128 0x17
 454 000d 11       		.uleb128 0x11
 455 000e 01       		.uleb128 0x1
 456 000f 10       		.uleb128 0x10
 457 0010 17       		.uleb128 0x17
 458 0011 00       		.byte	0
 459 0012 00       		.byte	0
 460 0013 02       		.uleb128 0x2
ARM GAS  C:\Users\Davit\AppData\Local\Temp\ccMmIqd0.s 			page 11


 461 0014 24       		.uleb128 0x24
 462 0015 00       		.byte	0
 463 0016 0B       		.uleb128 0xb
 464 0017 0B       		.uleb128 0xb
 465 0018 3E       		.uleb128 0x3e
 466 0019 0B       		.uleb128 0xb
 467 001a 03       		.uleb128 0x3
 468 001b 0E       		.uleb128 0xe
 469 001c 00       		.byte	0
 470 001d 00       		.byte	0
 471 001e 03       		.uleb128 0x3
 472 001f 24       		.uleb128 0x24
 473 0020 00       		.byte	0
 474 0021 0B       		.uleb128 0xb
 475 0022 0B       		.uleb128 0xb
 476 0023 3E       		.uleb128 0x3e
 477 0024 0B       		.uleb128 0xb
 478 0025 03       		.uleb128 0x3
 479 0026 08       		.uleb128 0x8
 480 0027 00       		.byte	0
 481 0028 00       		.byte	0
 482 0029 04       		.uleb128 0x4
 483 002a 16       		.uleb128 0x16
 484 002b 00       		.byte	0
 485 002c 03       		.uleb128 0x3
 486 002d 0E       		.uleb128 0xe
 487 002e 3A       		.uleb128 0x3a
 488 002f 0B       		.uleb128 0xb
 489 0030 3B       		.uleb128 0x3b
 490 0031 05       		.uleb128 0x5
 491 0032 49       		.uleb128 0x49
 492 0033 13       		.uleb128 0x13
 493 0034 00       		.byte	0
 494 0035 00       		.byte	0
 495 0036 05       		.uleb128 0x5
 496 0037 04       		.uleb128 0x4
 497 0038 01       		.byte	0x1
 498 0039 0B       		.uleb128 0xb
 499 003a 0B       		.uleb128 0xb
 500 003b 3A       		.uleb128 0x3a
 501 003c 0B       		.uleb128 0xb
 502 003d 3B       		.uleb128 0x3b
 503 003e 05       		.uleb128 0x5
 504 003f 01       		.uleb128 0x1
 505 0040 13       		.uleb128 0x13
 506 0041 00       		.byte	0
 507 0042 00       		.byte	0
 508 0043 06       		.uleb128 0x6
 509 0044 28       		.uleb128 0x28
 510 0045 00       		.byte	0
 511 0046 03       		.uleb128 0x3
 512 0047 0E       		.uleb128 0xe
 513 0048 1C       		.uleb128 0x1c
 514 0049 0D       		.uleb128 0xd
 515 004a 00       		.byte	0
 516 004b 00       		.byte	0
 517 004c 07       		.uleb128 0x7
ARM GAS  C:\Users\Davit\AppData\Local\Temp\ccMmIqd0.s 			page 12


 518 004d 13       		.uleb128 0x13
 519 004e 01       		.byte	0x1
 520 004f 0B       		.uleb128 0xb
 521 0050 0B       		.uleb128 0xb
 522 0051 3A       		.uleb128 0x3a
 523 0052 0B       		.uleb128 0xb
 524 0053 3B       		.uleb128 0x3b
 525 0054 0B       		.uleb128 0xb
 526 0055 01       		.uleb128 0x1
 527 0056 13       		.uleb128 0x13
 528 0057 00       		.byte	0
 529 0058 00       		.byte	0
 530 0059 08       		.uleb128 0x8
 531 005a 0D       		.uleb128 0xd
 532 005b 00       		.byte	0
 533 005c 03       		.uleb128 0x3
 534 005d 0E       		.uleb128 0xe
 535 005e 3A       		.uleb128 0x3a
 536 005f 0B       		.uleb128 0xb
 537 0060 3B       		.uleb128 0x3b
 538 0061 0B       		.uleb128 0xb
 539 0062 49       		.uleb128 0x49
 540 0063 13       		.uleb128 0x13
 541 0064 38       		.uleb128 0x38
 542 0065 0B       		.uleb128 0xb
 543 0066 00       		.byte	0
 544 0067 00       		.byte	0
 545 0068 09       		.uleb128 0x9
 546 0069 01       		.uleb128 0x1
 547 006a 01       		.byte	0x1
 548 006b 49       		.uleb128 0x49
 549 006c 13       		.uleb128 0x13
 550 006d 01       		.uleb128 0x1
 551 006e 13       		.uleb128 0x13
 552 006f 00       		.byte	0
 553 0070 00       		.byte	0
 554 0071 0A       		.uleb128 0xa
 555 0072 21       		.uleb128 0x21
 556 0073 00       		.byte	0
 557 0074 49       		.uleb128 0x49
 558 0075 13       		.uleb128 0x13
 559 0076 2F       		.uleb128 0x2f
 560 0077 0B       		.uleb128 0xb
 561 0078 00       		.byte	0
 562 0079 00       		.byte	0
 563 007a 0B       		.uleb128 0xb
 564 007b 16       		.uleb128 0x16
 565 007c 00       		.byte	0
 566 007d 03       		.uleb128 0x3
 567 007e 0E       		.uleb128 0xe
 568 007f 3A       		.uleb128 0x3a
 569 0080 0B       		.uleb128 0xb
 570 0081 3B       		.uleb128 0x3b
 571 0082 0B       		.uleb128 0xb
 572 0083 49       		.uleb128 0x49
 573 0084 13       		.uleb128 0x13
 574 0085 00       		.byte	0
ARM GAS  C:\Users\Davit\AppData\Local\Temp\ccMmIqd0.s 			page 13


 575 0086 00       		.byte	0
 576 0087 0C       		.uleb128 0xc
 577 0088 2E       		.uleb128 0x2e
 578 0089 00       		.byte	0
 579 008a 3F       		.uleb128 0x3f
 580 008b 19       		.uleb128 0x19
 581 008c 03       		.uleb128 0x3
 582 008d 0E       		.uleb128 0xe
 583 008e 3A       		.uleb128 0x3a
 584 008f 0B       		.uleb128 0xb
 585 0090 3B       		.uleb128 0x3b
 586 0091 0B       		.uleb128 0xb
 587 0092 27       		.uleb128 0x27
 588 0093 19       		.uleb128 0x19
 589 0094 11       		.uleb128 0x11
 590 0095 01       		.uleb128 0x1
 591 0096 12       		.uleb128 0x12
 592 0097 06       		.uleb128 0x6
 593 0098 40       		.uleb128 0x40
 594 0099 18       		.uleb128 0x18
 595 009a 9742     		.uleb128 0x2117
 596 009c 19       		.uleb128 0x19
 597 009d 00       		.byte	0
 598 009e 00       		.byte	0
 599 009f 0D       		.uleb128 0xd
 600 00a0 34       		.uleb128 0x34
 601 00a1 00       		.byte	0
 602 00a2 03       		.uleb128 0x3
 603 00a3 0E       		.uleb128 0xe
 604 00a4 3A       		.uleb128 0x3a
 605 00a5 0B       		.uleb128 0xb
 606 00a6 3B       		.uleb128 0x3b
 607 00a7 0B       		.uleb128 0xb
 608 00a8 49       		.uleb128 0x49
 609 00a9 13       		.uleb128 0x13
 610 00aa 3F       		.uleb128 0x3f
 611 00ab 19       		.uleb128 0x19
 612 00ac 02       		.uleb128 0x2
 613 00ad 18       		.uleb128 0x18
 614 00ae 00       		.byte	0
 615 00af 00       		.byte	0
 616 00b0 0E       		.uleb128 0xe
 617 00b1 26       		.uleb128 0x26
 618 00b2 00       		.byte	0
 619 00b3 49       		.uleb128 0x49
 620 00b4 13       		.uleb128 0x13
 621 00b5 00       		.byte	0
 622 00b6 00       		.byte	0
 623 00b7 00       		.byte	0
 624              		.section	.debug_aranges,"",%progbits
 625 0000 1C000000 		.4byte	0x1c
 626 0004 0200     		.2byte	0x2
 627 0006 00000000 		.4byte	.Ldebug_info0
 628 000a 04       		.byte	0x4
 629 000b 00       		.byte	0
 630 000c 0000     		.2byte	0
 631 000e 0000     		.2byte	0
ARM GAS  C:\Users\Davit\AppData\Local\Temp\ccMmIqd0.s 			page 14


 632 0010 00000000 		.4byte	.LFB2
 633 0014 08000000 		.4byte	.LFE2-.LFB2
 634 0018 00000000 		.4byte	0
 635 001c 00000000 		.4byte	0
 636              		.section	.debug_ranges,"",%progbits
 637              	.Ldebug_ranges0:
 638 0000 00000000 		.4byte	.LFB2
 639 0004 08000000 		.4byte	.LFE2
 640 0008 00000000 		.4byte	0
 641 000c 00000000 		.4byte	0
 642              		.section	.debug_line,"",%progbits
 643              	.Ldebug_line0:
 644 0000 9A000000 		.section	.debug_str,"MS",%progbits,1
 644      02008100 
 644      00000201 
 644      FB0E0D00 
 644      01010101 
 645              	.LASF22:
 646 0000 4359424C 		.ascii	"CYBLE_EVT_GAP_PASSKEY_ENTRY_REQUEST\000"
 646      455F4556 
 646      545F4741 
 646      505F5041 
 646      53534B45 
 647              	.LASF56:
 648 0024 4359424C 		.ascii	"CYBLE_EVT_GATTC_WRITE_RSP\000"
 648      455F4556 
 648      545F4741 
 648      5454435F 
 648      57524954 
 649              	.LASF19:
 650 003e 4359424C 		.ascii	"CYBLE_EVT_MEMORY_REQUEST\000"
 650      455F4556 
 650      545F4D45 
 650      4D4F5259 
 650      5F524551 
 651              	.LASF43:
 652 0057 4359424C 		.ascii	"CYBLE_EVT_GATTC_ERROR_RSP\000"
 652      455F4556 
 652      545F4741 
 652      5454435F 
 652      4552524F 
 653              	.LASF28:
 654 0071 4359424C 		.ascii	"CYBLE_EVT_GAP_DEVICE_DISCONNECTED\000"
 654      455F4556 
 654      545F4741 
 654      505F4445 
 654      56494345 
 655              	.LASF34:
 656 0093 4359424C 		.ascii	"CYBLE_EVT_GAP_KEYPRESS_NOTIFICATION\000"
 656      455F4556 
 656      545F4741 
 656      505F4B45 
 656      59505245 
 657              	.LASF2:
 658 00b7 73686F72 		.ascii	"short int\000"
 658      7420696E 
 658      7400
ARM GAS  C:\Users\Davit\AppData\Local\Temp\ccMmIqd0.s 			page 15


 659              	.LASF25:
 660 00c1 4359424C 		.ascii	"CYBLE_EVT_GAP_AUTH_FAILED\000"
 660      455F4556 
 660      545F4741 
 660      505F4155 
 660      54485F46 
 661              	.LASF12:
 662 00db 73697A65 		.ascii	"sizetype\000"
 662      74797065 
 662      00
 663              	.LASF36:
 664 00e4 4359424C 		.ascii	"CYBLE_EVT_GAP_DATA_LENGTH_CHANGE\000"
 664      455F4556 
 664      545F4741 
 664      505F4441 
 664      54415F4C 
 665              	.LASF6:
 666 0105 6C6F6E67 		.ascii	"long long int\000"
 666      206C6F6E 
 666      6720696E 
 666      7400
 667              	.LASF87:
 668 0113 63757374 		.ascii	"customServHandle\000"
 668      6F6D5365 
 668      72764861 
 668      6E646C65 
 668      00
 669              	.LASF17:
 670 0124 4359424C 		.ascii	"CYBLE_EVT_HCI_STATUS\000"
 670      455F4556 
 670      545F4843 
 670      495F5354 
 670      41545553 
 671              	.LASF93:
 672 0139 4379426C 		.ascii	"CyBle_CustomInit\000"
 672      655F4375 
 672      73746F6D 
 672      496E6974 
 672      00
 673              	.LASF14:
 674 014a 4359424C 		.ascii	"CYBLE_EVT_STACK_ON\000"
 674      455F4556 
 674      545F5354 
 674      41434B5F 
 674      4F4E00
 675              	.LASF46:
 676 015d 4359424C 		.ascii	"CYBLE_EVT_GATTS_XCNHG_MTU_REQ\000"
 676      455F4556 
 676      545F4741 
 676      5454535F 
 676      58434E48 
 677              	.LASF82:
 678 017b 75696E74 		.ascii	"uint16\000"
 678      313600
 679              	.LASF85:
 680 0182 63757374 		.ascii	"customServCharDesc\000"
 680      6F6D5365 
ARM GAS  C:\Users\Davit\AppData\Local\Temp\ccMmIqd0.s 			page 16


 680      72764368 
 680      61724465 
 680      736300
 681              	.LASF54:
 682 0195 4359424C 		.ascii	"CYBLE_EVT_GATTC_READ_MULTI_RSP\000"
 682      455F4556 
 682      545F4741 
 682      5454435F 
 682      52454144 
 683              	.LASF63:
 684 01b4 4359424C 		.ascii	"CYBLE_EVT_GATTS_HANDLE_VALUE_CNF\000"
 684      455F4556 
 684      545F4741 
 684      5454535F 
 684      48414E44 
 685              	.LASF13:
 686 01d5 4359424C 		.ascii	"CYBLE_EVT_HOST_INVALID\000"
 686      455F4556 
 686      545F484F 
 686      53545F49 
 686      4E56414C 
 687              	.LASF91:
 688 01ec 47656E65 		.ascii	"Generated_Source\\PSoC4\\BLE_1_custom.c\000"
 688      72617465 
 688      645F536F 
 688      75726365 
 688      5C50536F 
 689              	.LASF74:
 690 0212 4359424C 		.ascii	"CYBLE_EVT_L2CAP_CBFC_DISCONN_CNF\000"
 690      455F4556 
 690      545F4C32 
 690      4341505F 
 690      43424643 
 691              	.LASF9:
 692 0233 666C6F61 		.ascii	"float\000"
 692      7400
 693              	.LASF52:
 694 0239 4359424C 		.ascii	"CYBLE_EVT_GATTC_READ_RSP\000"
 694      455F4556 
 694      545F4741 
 694      5454435F 
 694      52454144 
 695              	.LASF33:
 696 0252 4359424C 		.ascii	"CYBLE_EVT_GAP_NUMERIC_COMPARISON_REQUEST\000"
 696      455F4556 
 696      545F4741 
 696      505F4E55 
 696      4D455249 
 697              	.LASF38:
 698 027b 4359424C 		.ascii	"CYBLE_EVT_GAPC_DIRECT_ADV_REPORT\000"
 698      455F4556 
 698      545F4741 
 698      50435F44 
 698      49524543 
 699              	.LASF7:
 700 029c 6C6F6E67 		.ascii	"long long unsigned int\000"
 700      206C6F6E 
ARM GAS  C:\Users\Davit\AppData\Local\Temp\ccMmIqd0.s 			page 17


 700      6720756E 
 700      7369676E 
 700      65642069 
 701              	.LASF86:
 702 02b3 4359424C 		.ascii	"CYBLE_CUSTOMS_INFO_T\000"
 702      455F4355 
 702      53544F4D 
 702      535F494E 
 702      464F5F54 
 703              	.LASF42:
 704 02c8 4359424C 		.ascii	"CYBLE_EVT_GAP_AUTH_REQ_REPLY_ERR\000"
 704      455F4556 
 704      545F4741 
 704      505F4155 
 704      54485F52 
 705              	.LASF4:
 706 02e9 6C6F6E67 		.ascii	"long int\000"
 706      20696E74 
 706      00
 707              	.LASF62:
 708 02f2 4359424C 		.ascii	"CYBLE_EVT_GATTC_HANDLE_VALUE_IND\000"
 708      455F4556 
 708      545F4741 
 708      5454435F 
 708      48414E44 
 709              	.LASF27:
 710 0313 4359424C 		.ascii	"CYBLE_EVT_GAP_DEVICE_CONNECTED\000"
 710      455F4556 
 710      545F4741 
 710      505F4445 
 710      56494345 
 711              	.LASF26:
 712 0332 4359424C 		.ascii	"CYBLE_EVT_GAPP_ADVERTISEMENT_START_STOP\000"
 712      455F4556 
 712      545F4741 
 712      50505F41 
 712      44564552 
 713              	.LASF61:
 714 035a 4359424C 		.ascii	"CYBLE_EVT_GATTC_HANDLE_VALUE_NTF\000"
 714      455F4556 
 714      545F4741 
 714      5454435F 
 714      48414E44 
 715              	.LASF18:
 716 037b 4359424C 		.ascii	"CYBLE_EVT_STACK_BUSY_STATUS\000"
 716      455F4556 
 716      545F5354 
 716      41434B5F 
 716      42555359 
 717              	.LASF23:
 718 0397 4359424C 		.ascii	"CYBLE_EVT_GAP_PASSKEY_DISPLAY_REQUEST\000"
 718      455F4556 
 718      545F4741 
 718      505F5041 
 718      53534B45 
 719              	.LASF89:
 720 03bd 4359424C 		.ascii	"CYBLE_CUSTOMS_T\000"
ARM GAS  C:\Users\Davit\AppData\Local\Temp\ccMmIqd0.s 			page 18


 720      455F4355 
 720      53544F4D 
 720      535F5400 
 721              	.LASF72:
 722 03cd 4359424C 		.ascii	"CYBLE_EVT_L2CAP_CBFC_CONN_CNF\000"
 722      455F4556 
 722      545F4C32 
 722      4341505F 
 722      43424643 
 723              	.LASF37:
 724 03eb 4359424C 		.ascii	"CYBLE_EVT_GAP_ENHANCE_CONN_COMPLETE\000"
 724      455F4556 
 724      545F4741 
 724      505F454E 
 724      48414E43 
 725              	.LASF68:
 726 040f 4359424C 		.ascii	"CYBLE_EVT_L2CAP_CONN_PARAM_UPDATE_REQ\000"
 726      455F4556 
 726      545F4C32 
 726      4341505F 
 726      434F4E4E 
 727              	.LASF1:
 728 0435 756E7369 		.ascii	"unsigned char\000"
 728      676E6564 
 728      20636861 
 728      7200
 729              	.LASF88:
 730 0443 63757374 		.ascii	"customServInfo\000"
 730      6F6D5365 
 730      7276496E 
 730      666F00
 731              	.LASF58:
 732 0452 4359424C 		.ascii	"CYBLE_EVT_GATTS_PREP_WRITE_REQ\000"
 732      455F4556 
 732      545F4741 
 732      5454535F 
 732      50524550 
 733              	.LASF80:
 734 0471 4359424C 		.ascii	"CYBLE_EVT_LE_PING_AUTH_TIMEOUT\000"
 734      455F4556 
 734      545F4C45 
 734      5F50494E 
 734      475F4155 
 735              	.LASF50:
 736 0490 4359424C 		.ascii	"CYBLE_EVT_GATTC_FIND_INFO_RSP\000"
 736      455F4556 
 736      545F4741 
 736      5454435F 
 736      46494E44 
 737              	.LASF0:
 738 04ae 7369676E 		.ascii	"signed char\000"
 738      65642063 
 738      68617200 
 739              	.LASF55:
 740 04ba 4359424C 		.ascii	"CYBLE_EVT_GATTS_WRITE_REQ\000"
 740      455F4556 
 740      545F4741 
ARM GAS  C:\Users\Davit\AppData\Local\Temp\ccMmIqd0.s 			page 19


 740      5454535F 
 740      57524954 
 741              	.LASF51:
 742 04d4 4359424C 		.ascii	"CYBLE_EVT_GATTC_FIND_BY_TYPE_VALUE_RSP\000"
 742      455F4556 
 742      545F4741 
 742      5454435F 
 742      46494E44 
 743              	.LASF24:
 744 04fb 4359424C 		.ascii	"CYBLE_EVT_GAP_AUTH_COMPLETE\000"
 744      455F4556 
 744      545F4741 
 744      505F4155 
 744      54485F43 
 745              	.LASF8:
 746 0517 756E7369 		.ascii	"unsigned int\000"
 746      676E6564 
 746      20696E74 
 746      00
 747              	.LASF44:
 748 0524 4359424C 		.ascii	"CYBLE_EVT_GATT_CONNECT_IND\000"
 748      455F4556 
 748      545F4741 
 748      54545F43 
 748      4F4E4E45 
 749              	.LASF5:
 750 053f 6C6F6E67 		.ascii	"long unsigned int\000"
 750      20756E73 
 750      69676E65 
 750      6420696E 
 750      7400
 751              	.LASF21:
 752 0551 4359424C 		.ascii	"CYBLE_EVT_GAP_AUTH_REQ\000"
 752      455F4556 
 752      545F4741 
 752      505F4155 
 752      54485F52 
 753              	.LASF73:
 754 0568 4359424C 		.ascii	"CYBLE_EVT_L2CAP_CBFC_DISCONN_IND\000"
 754      455F4556 
 754      545F4C32 
 754      4341505F 
 754      43424643 
 755              	.LASF29:
 756 0589 4359424C 		.ascii	"CYBLE_EVT_GAP_ENCRYPT_CHANGE\000"
 756      455F4556 
 756      545F4741 
 756      505F454E 
 756      43525950 
 757              	.LASF92:
 758 05a6 433A5C55 		.ascii	"C:\\Users\\Davit\\Documents\\Workspace01\\Design01."
 758      73657273 
 758      5C446176 
 758      69745C44 
 758      6F63756D 
 759 05d4 63796473 		.ascii	"cydsn\000"
 759      6E00
ARM GAS  C:\Users\Davit\AppData\Local\Temp\ccMmIqd0.s 			page 20


 760              	.LASF40:
 761 05da 4359424C 		.ascii	"CYBLE_EVT_GAP_CONN_ESTB\000"
 761      455F4556 
 761      545F4741 
 761      505F434F 
 761      4E4E5F45 
 762              	.LASF67:
 763 05f2 4359424C 		.ascii	"CYBLE_EVT_GATTC_LONG_PROCEDURE_END\000"
 763      455F4556 
 763      545F4741 
 763      5454435F 
 763      4C4F4E47 
 764              	.LASF32:
 765 0615 4359424C 		.ascii	"CYBLE_EVT_GAP_KEYINFO_EXCHNGE_CMPLT\000"
 765      455F4556 
 765      545F4741 
 765      505F4B45 
 765      59494E46 
 766              	.LASF30:
 767 0639 4359424C 		.ascii	"CYBLE_EVT_GAP_CONNECTION_UPDATE_COMPLETE\000"
 767      455F4556 
 767      545F4741 
 767      505F434F 
 767      4E4E4543 
 768              	.LASF39:
 769 0662 4359424C 		.ascii	"CYBLE_EVT_GAP_SMP_NEGOTIATED_AUTH_INFO\000"
 769      455F4556 
 769      545F4741 
 769      505F534D 
 769      505F4E45 
 770              	.LASF11:
 771 0689 63686172 		.ascii	"char\000"
 771      00
 772              	.LASF90:
 773 068e 474E5520 		.ascii	"GNU C 4.9.3 20150303 (release) [ARM/embedded-4_9-br"
 773      4320342E 
 773      392E3320 
 773      32303135 
 773      30333033 
 774 06c1 616E6368 		.ascii	"anch revision 221220] -mcpu=cortex-m0 -mthumb -g -O"
 774      20726576 
 774      6973696F 
 774      6E203232 
 774      31323230 
 775 06f4 30202D66 		.ascii	"0 -ffunction-sections -ffat-lto-objects\000"
 775      66756E63 
 775      74696F6E 
 775      2D736563 
 775      74696F6E 
 776              	.LASF70:
 777 071c 4359424C 		.ascii	"CYBLE_EVT_L2CAP_COMMAND_REJ\000"
 777      455F4556 
 777      545F4C32 
 777      4341505F 
 777      434F4D4D 
 778              	.LASF3:
 779 0738 73686F72 		.ascii	"short unsigned int\000"
ARM GAS  C:\Users\Davit\AppData\Local\Temp\ccMmIqd0.s 			page 21


 779      7420756E 
 779      7369676E 
 779      65642069 
 779      6E7400
 780              	.LASF20:
 781 074b 4359424C 		.ascii	"CYBLE_EVT_GAPC_SCAN_PROGRESS_RESULT\000"
 781      455F4556 
 781      545F4741 
 781      50435F53 
 781      43414E5F 
 782              	.LASF53:
 783 076f 4359424C 		.ascii	"CYBLE_EVT_GATTC_READ_BLOB_RSP\000"
 783      455F4556 
 783      545F4741 
 783      5454435F 
 783      52454144 
 784              	.LASF60:
 785 078d 4359424C 		.ascii	"CYBLE_EVT_GATTC_EXEC_WRITE_RSP\000"
 785      455F4556 
 785      545F4741 
 785      5454435F 
 785      45584543 
 786              	.LASF31:
 787 07ac 4359424C 		.ascii	"CYBLE_EVT_GAPC_SCAN_START_STOP\000"
 787      455F4556 
 787      545F4741 
 787      50435F53 
 787      43414E5F 
 788              	.LASF79:
 789 07cb 4359424C 		.ascii	"CYBLE_EVT_PENDING_FLASH_WRITE\000"
 789      455F4556 
 789      545F5045 
 789      4E44494E 
 789      475F464C 
 790              	.LASF76:
 791 07e9 4359424C 		.ascii	"CYBLE_EVT_L2CAP_CBFC_RX_CREDIT_IND\000"
 791      455F4556 
 791      545F4C32 
 791      4341505F 
 791      43424643 
 792              	.LASF10:
 793 080c 646F7562 		.ascii	"double\000"
 793      6C6500
 794              	.LASF77:
 795 0813 4359424C 		.ascii	"CYBLE_EVT_L2CAP_CBFC_TX_CREDIT_IND\000"
 795      455F4556 
 795      545F4C32 
 795      4341505F 
 795      43424643 
 796              	.LASF84:
 797 0836 63757374 		.ascii	"customServCharHandle\000"
 797      6F6D5365 
 797      72764368 
 797      61724861 
 797      6E646C65 
 798              	.LASF41:
 799 084b 4359424C 		.ascii	"CYBLE_EVT_GAP_SCAN_REQ_RECVD\000"
ARM GAS  C:\Users\Davit\AppData\Local\Temp\ccMmIqd0.s 			page 22


 799      455F4556 
 799      545F4741 
 799      505F5343 
 799      414E5F52 
 800              	.LASF16:
 801 0868 4359424C 		.ascii	"CYBLE_EVT_HARDWARE_ERROR\000"
 801      455F4556 
 801      545F4841 
 801      52445741 
 801      52455F45 
 802              	.LASF75:
 803 0881 4359424C 		.ascii	"CYBLE_EVT_L2CAP_CBFC_DATA_READ\000"
 803      455F4556 
 803      545F4C32 
 803      4341505F 
 803      43424643 
 804              	.LASF69:
 805 08a0 4359424C 		.ascii	"CYBLE_EVT_L2CAP_CONN_PARAM_UPDATE_RSP\000"
 805      455F4556 
 805      545F4C32 
 805      4341505F 
 805      434F4E4E 
 806              	.LASF71:
 807 08c6 4359424C 		.ascii	"CYBLE_EVT_L2CAP_CBFC_CONN_IND\000"
 807      455F4556 
 807      545F4C32 
 807      4341505F 
 807      43424643 
 808              	.LASF48:
 809 08e4 4359424C 		.ascii	"CYBLE_EVT_GATTC_READ_BY_GROUP_TYPE_RSP\000"
 809      455F4556 
 809      545F4741 
 809      5454435F 
 809      52454144 
 810              	.LASF57:
 811 090b 4359424C 		.ascii	"CYBLE_EVT_GATTS_WRITE_CMD_REQ\000"
 811      455F4556 
 811      545F4741 
 811      5454535F 
 811      57524954 
 812              	.LASF49:
 813 0929 4359424C 		.ascii	"CYBLE_EVT_GATTC_READ_BY_TYPE_RSP\000"
 813      455F4556 
 813      545F4741 
 813      5454435F 
 813      52454144 
 814              	.LASF47:
 815 094a 4359424C 		.ascii	"CYBLE_EVT_GATTC_XCHNG_MTU_RSP\000"
 815      455F4556 
 815      545F4741 
 815      5454435F 
 815      5843484E 
 816              	.LASF78:
 817 0968 4359424C 		.ascii	"CYBLE_EVT_L2CAP_CBFC_DATA_WRITE_IND\000"
 817      455F4556 
 817      545F4C32 
 817      4341505F 
ARM GAS  C:\Users\Davit\AppData\Local\Temp\ccMmIqd0.s 			page 23


 817      43424643 
 818              	.LASF15:
 819 098c 4359424C 		.ascii	"CYBLE_EVT_TIMEOUT\000"
 819      455F4556 
 819      545F5449 
 819      4D454F55 
 819      5400
 820              	.LASF81:
 821 099e 4359424C 		.ascii	"CYBLE_EVT_MAX\000"
 821      455F4556 
 821      545F4D41 
 821      5800
 822              	.LASF66:
 823 09ac 4359424C 		.ascii	"CYBLE_EVT_GATTS_READ_CHAR_VAL_ACCESS_REQ\000"
 823      455F4556 
 823      545F4741 
 823      5454535F 
 823      52454144 
 824              	.LASF65:
 825 09d5 4359424C 		.ascii	"CYBLE_EVT_GATTC_STOP_CMD_COMPLETE\000"
 825      455F4556 
 825      545F4741 
 825      5454435F 
 825      53544F50 
 826              	.LASF59:
 827 09f7 4359424C 		.ascii	"CYBLE_EVT_GATTS_EXEC_WRITE_REQ\000"
 827      455F4556 
 827      545F4741 
 827      5454535F 
 827      45584543 
 828              	.LASF83:
 829 0a16 4359424C 		.ascii	"CYBLE_GATT_DB_ATTR_HANDLE_T\000"
 829      455F4741 
 829      54545F44 
 829      425F4154 
 829      54525F48 
 830              	.LASF94:
 831 0a32 6379426C 		.ascii	"cyBle_customs\000"
 831      655F6375 
 831      73746F6D 
 831      7300
 832              	.LASF64:
 833 0a40 4359424C 		.ascii	"CYBLE_EVT_GATTS_DATA_SIGNED_CMD_REQ\000"
 833      455F4556 
 833      545F4741 
 833      5454535F 
 833      44415441 
 834              	.LASF45:
 835 0a64 4359424C 		.ascii	"CYBLE_EVT_GATT_DISCONNECT_IND\000"
 835      455F4556 
 835      545F4741 
 835      54545F44 
 835      4953434F 
 836              	.LASF35:
 837 0a82 4359424C 		.ascii	"CYBLE_EVT_GAP_OOB_GENERATED_NOTIFICATION\000"
 837      455F4556 
 837      545F4741 
ARM GAS  C:\Users\Davit\AppData\Local\Temp\ccMmIqd0.s 			page 24


 837      505F4F4F 
 837      425F4745 
 838              		.ident	"GCC: (GNU Tools for ARM Embedded Processors) 4.9.3 20150303 (release) [ARM/embedded-4_9-br
