ARM GAS  C:\Users\Timothy\AppData\Local\Temp\ccjLOtWS.s 			page 1


   1              		.cpu cortex-m0
   2              		.fpu softvfp
   3              		.eabi_attribute 20, 1
   4              		.eabi_attribute 21, 1
   5              		.eabi_attribute 23, 3
   6              		.eabi_attribute 24, 1
   7              		.eabi_attribute 25, 1
   8              		.eabi_attribute 26, 1
   9              		.eabi_attribute 30, 6
  10              		.eabi_attribute 34, 0
  11              		.eabi_attribute 18, 4
  12              		.code	16
  13              		.file	"BLE_custom.c"
  14              		.text
  15              	.Ltext0:
  16              		.cfi_sections	.debug_frame
  17              		.global	cyBle_customs
  18              		.section	.rodata
  19              		.align	2
  20              		.type	cyBle_customs, %object
  21              		.size	cyBle_customs, 8
  22              	cyBle_customs:
  23 0000 0E00     		.short	14
  24 0002 1000     		.short	16
  25 0004 1100     		.short	17
  26 0006 1200     		.short	18
  27              		.section	.text.CyBle_CustomInit,"ax",%progbits
  28              		.align	2
  29              		.global	CyBle_CustomInit
  30              		.code	16
  31              		.thumb_func
  32              		.type	CyBle_CustomInit, %function
  33              	CyBle_CustomInit:
  34              	.LFB2:
  35              		.file 1 "Generated_Source\\PSoC4\\BLE_custom.c"
   1:Generated_Source\PSoC4/BLE_custom.c **** /***************************************************************************//**
   2:Generated_Source\PSoC4/BLE_custom.c **** * \file CYBLE_custom.c
   3:Generated_Source\PSoC4/BLE_custom.c **** * \version 3.20
   4:Generated_Source\PSoC4/BLE_custom.c **** * 
   5:Generated_Source\PSoC4/BLE_custom.c **** * \brief
   6:Generated_Source\PSoC4/BLE_custom.c **** *  Contains the source code for the Custom Service.
   7:Generated_Source\PSoC4/BLE_custom.c **** * 
   8:Generated_Source\PSoC4/BLE_custom.c **** ********************************************************************************
   9:Generated_Source\PSoC4/BLE_custom.c **** * \copyright
  10:Generated_Source\PSoC4/BLE_custom.c **** * Copyright 2014-2016, Cypress Semiconductor Corporation.  All rights reserved.
  11:Generated_Source\PSoC4/BLE_custom.c **** * You may use this file only in accordance with the license, terms, conditions,
  12:Generated_Source\PSoC4/BLE_custom.c **** * disclaimers, and limitations in the end user license agreement accompanying
  13:Generated_Source\PSoC4/BLE_custom.c **** * the software package with which this file was provided.
  14:Generated_Source\PSoC4/BLE_custom.c **** *******************************************************************************/
  15:Generated_Source\PSoC4/BLE_custom.c **** 
  16:Generated_Source\PSoC4/BLE_custom.c **** 
  17:Generated_Source\PSoC4/BLE_custom.c **** #include "BLE_eventHandler.h"
  18:Generated_Source\PSoC4/BLE_custom.c **** 
  19:Generated_Source\PSoC4/BLE_custom.c **** #ifdef CYBLE_CUSTOM_SERVER
  20:Generated_Source\PSoC4/BLE_custom.c **** 
  21:Generated_Source\PSoC4/BLE_custom.c **** /* If any custom service with custom characterisctis is defined in the
  22:Generated_Source\PSoC4/BLE_custom.c **** * customizer's GUI their handles will be present in this array.
ARM GAS  C:\Users\Timothy\AppData\Local\Temp\ccjLOtWS.s 			page 2


  23:Generated_Source\PSoC4/BLE_custom.c **** */
  24:Generated_Source\PSoC4/BLE_custom.c **** /* This array contains attribute handles for the defined Custom Services and their characteristics 
  25:Generated_Source\PSoC4/BLE_custom.c ****    The array index definitions are located in the CYBLE_custom.h file. */
  26:Generated_Source\PSoC4/BLE_custom.c **** const CYBLE_CUSTOMS_T cyBle_customs[0x01u] = {
  27:Generated_Source\PSoC4/BLE_custom.c **** 
  28:Generated_Source\PSoC4/BLE_custom.c ****     /* TempSensor service */
  29:Generated_Source\PSoC4/BLE_custom.c ****     {
  30:Generated_Source\PSoC4/BLE_custom.c ****         0x000Eu, /* Handle of the TempSensor service */ 
  31:Generated_Source\PSoC4/BLE_custom.c ****         {
  32:Generated_Source\PSoC4/BLE_custom.c **** 
  33:Generated_Source\PSoC4/BLE_custom.c ****             /* Temperature characteristic */
  34:Generated_Source\PSoC4/BLE_custom.c ****             {
  35:Generated_Source\PSoC4/BLE_custom.c ****                 0x0010u, /* Handle of the Temperature characteristic */ 
  36:Generated_Source\PSoC4/BLE_custom.c ****                 
  37:Generated_Source\PSoC4/BLE_custom.c ****                 /* Array of Descriptors handles */
  38:Generated_Source\PSoC4/BLE_custom.c ****                 {
  39:Generated_Source\PSoC4/BLE_custom.c ****                     0x0011u, /* Handle of the Custom Descriptor descriptor */ 
  40:Generated_Source\PSoC4/BLE_custom.c ****                     0x0012u, /* Handle of the Client Characteristic Configuration descriptor */ 
  41:Generated_Source\PSoC4/BLE_custom.c ****                 }, 
  42:Generated_Source\PSoC4/BLE_custom.c ****             },
  43:Generated_Source\PSoC4/BLE_custom.c ****         }, 
  44:Generated_Source\PSoC4/BLE_custom.c ****     },
  45:Generated_Source\PSoC4/BLE_custom.c **** };
  46:Generated_Source\PSoC4/BLE_custom.c **** 
  47:Generated_Source\PSoC4/BLE_custom.c **** 
  48:Generated_Source\PSoC4/BLE_custom.c **** #endif /* (CYBLE_CUSTOM_SERVER) */
  49:Generated_Source\PSoC4/BLE_custom.c **** 
  50:Generated_Source\PSoC4/BLE_custom.c **** #ifdef CYBLE_CUSTOM_CLIENT
  51:Generated_Source\PSoC4/BLE_custom.c ****     
  52:Generated_Source\PSoC4/BLE_custom.c **** 
  53:Generated_Source\PSoC4/BLE_custom.c **** static uint16 cyBle_customDisServIndex;
  54:Generated_Source\PSoC4/BLE_custom.c **** static uint16 cyBle_customDisCharIndex;
  55:Generated_Source\PSoC4/BLE_custom.c **** 
  56:Generated_Source\PSoC4/BLE_custom.c **** #endif /* (CYBLE_CUSTOM_CLIENT) */
  57:Generated_Source\PSoC4/BLE_custom.c **** 
  58:Generated_Source\PSoC4/BLE_custom.c **** 
  59:Generated_Source\PSoC4/BLE_custom.c **** /****************************************************************************** 
  60:Generated_Source\PSoC4/BLE_custom.c **** * Function Name: CyBle_CustomInit
  61:Generated_Source\PSoC4/BLE_custom.c **** ***************************************************************************//**
  62:Generated_Source\PSoC4/BLE_custom.c **** * 
  63:Generated_Source\PSoC4/BLE_custom.c **** *  This function initializes Custom Service.
  64:Generated_Source\PSoC4/BLE_custom.c **** * 
  65:Generated_Source\PSoC4/BLE_custom.c **** * \return
  66:Generated_Source\PSoC4/BLE_custom.c **** *  None
  67:Generated_Source\PSoC4/BLE_custom.c **** * 
  68:Generated_Source\PSoC4/BLE_custom.c **** ******************************************************************************/
  69:Generated_Source\PSoC4/BLE_custom.c **** void CyBle_CustomInit(void)
  70:Generated_Source\PSoC4/BLE_custom.c **** {
  36              		.loc 1 70 0
  37              		.cfi_startproc
  38 0000 80B5     		push	{r7, lr}
  39              		.cfi_def_cfa_offset 8
  40              		.cfi_offset 7, -8
  41              		.cfi_offset 14, -4
  42 0002 00AF     		add	r7, sp, #0
  43              		.cfi_def_cfa_register 7
  71:Generated_Source\PSoC4/BLE_custom.c ****     
ARM GAS  C:\Users\Timothy\AppData\Local\Temp\ccjLOtWS.s 			page 3


  72:Generated_Source\PSoC4/BLE_custom.c **** #ifdef CYBLE_CUSTOM_CLIENT
  73:Generated_Source\PSoC4/BLE_custom.c **** 
  74:Generated_Source\PSoC4/BLE_custom.c ****     uint16 locServIndex;
  75:Generated_Source\PSoC4/BLE_custom.c ****     uint16 locCharIndex;
  76:Generated_Source\PSoC4/BLE_custom.c ****     uint16 locDescIndex;
  77:Generated_Source\PSoC4/BLE_custom.c ****     
  78:Generated_Source\PSoC4/BLE_custom.c ****     for(locServIndex = 0u; locServIndex < CYBLE_CUSTOMC_SERVICE_COUNT; locServIndex++)
  79:Generated_Source\PSoC4/BLE_custom.c ****     {
  80:Generated_Source\PSoC4/BLE_custom.c ****         if(cyBle_serverInfo[CYBLE_SRVI_CUSTOMS + locServIndex].range.startHandle == CYBLE_GATT_INVA
  81:Generated_Source\PSoC4/BLE_custom.c ****         {
  82:Generated_Source\PSoC4/BLE_custom.c ****             for(locCharIndex = 0u; locCharIndex < cyBle_customCServ[locServIndex].charCount; locCha
  83:Generated_Source\PSoC4/BLE_custom.c ****             {
  84:Generated_Source\PSoC4/BLE_custom.c ****                 cyBle_customCServ[locServIndex].customServChar[locCharIndex].
  85:Generated_Source\PSoC4/BLE_custom.c ****                     customServCharHandle = 0u;
  86:Generated_Source\PSoC4/BLE_custom.c ****                 
  87:Generated_Source\PSoC4/BLE_custom.c ****                 for(locDescIndex = 0u; locDescIndex < 
  88:Generated_Source\PSoC4/BLE_custom.c ****                     cyBle_customCServ[locServIndex].customServChar[locCharIndex].descCount; 
  89:Generated_Source\PSoC4/BLE_custom.c ****                         locDescIndex++)
  90:Generated_Source\PSoC4/BLE_custom.c ****                 {
  91:Generated_Source\PSoC4/BLE_custom.c ****                     cyBle_customCServ[locServIndex].customServChar[locCharIndex].
  92:Generated_Source\PSoC4/BLE_custom.c ****                         customServCharDesc[locDescIndex].descHandle = 0u;
  93:Generated_Source\PSoC4/BLE_custom.c ****                 }
  94:Generated_Source\PSoC4/BLE_custom.c ****             }
  95:Generated_Source\PSoC4/BLE_custom.c ****         }
  96:Generated_Source\PSoC4/BLE_custom.c ****     }
  97:Generated_Source\PSoC4/BLE_custom.c **** 
  98:Generated_Source\PSoC4/BLE_custom.c **** #endif /* (CYBLE_CUSTOM_CLIENT) */
  99:Generated_Source\PSoC4/BLE_custom.c **** }
  44              		.loc 1 99 0
  45 0004 BD46     		mov	sp, r7
  46              		@ sp needed
  47 0006 80BD     		pop	{r7, pc}
  48              		.cfi_endproc
  49              	.LFE2:
  50              		.size	CyBle_CustomInit, .-CyBle_CustomInit
  51              		.text
  52              	.Letext0:
  53              		.file 2 "Generated_Source\\PSoC4\\cytypes.h"
  54              		.file 3 "Generated_Source\\PSoC4\\BLE_StackGatt.h"
  55              		.file 4 "Generated_Source\\PSoC4\\BLE_custom.h"
  56              		.file 5 "Generated_Source\\PSoC4\\BLE_Stack.h"
  57              		.section	.debug_info,"",%progbits
  58              	.Ldebug_info0:
  59 0000 1A030000 		.4byte	0x31a
  60 0004 0400     		.2byte	0x4
  61 0006 00000000 		.4byte	.Ldebug_abbrev0
  62 000a 04       		.byte	0x4
  63 000b 01       		.uleb128 0x1
  64 000c CD060000 		.4byte	.LASF90
  65 0010 01       		.byte	0x1
  66 0011 73020000 		.4byte	.LASF91
  67 0015 8B040000 		.4byte	.LASF92
  68 0019 00000000 		.4byte	.Ldebug_ranges0+0
  69 001d 00000000 		.4byte	0
  70 0021 00000000 		.4byte	.Ldebug_line0
  71 0025 02       		.uleb128 0x2
  72 0026 01       		.byte	0x1
ARM GAS  C:\Users\Timothy\AppData\Local\Temp\ccjLOtWS.s 			page 4


  73 0027 06       		.byte	0x6
  74 0028 21050000 		.4byte	.LASF0
  75 002c 02       		.uleb128 0x2
  76 002d 01       		.byte	0x1
  77 002e 08       		.byte	0x8
  78 002f 30040000 		.4byte	.LASF1
  79 0033 02       		.uleb128 0x2
  80 0034 02       		.byte	0x2
  81 0035 05       		.byte	0x5
  82 0036 B7000000 		.4byte	.LASF2
  83 003a 02       		.uleb128 0x2
  84 003b 02       		.byte	0x2
  85 003c 07       		.byte	0x7
  86 003d 77070000 		.4byte	.LASF3
  87 0041 02       		.uleb128 0x2
  88 0042 04       		.byte	0x4
  89 0043 05       		.byte	0x5
  90 0044 E4020000 		.4byte	.LASF4
  91 0048 02       		.uleb128 0x2
  92 0049 04       		.byte	0x4
  93 004a 07       		.byte	0x7
  94 004b B2050000 		.4byte	.LASF5
  95 004f 02       		.uleb128 0x2
  96 0050 08       		.byte	0x8
  97 0051 05       		.byte	0x5
  98 0052 05010000 		.4byte	.LASF6
  99 0056 02       		.uleb128 0x2
 100 0057 08       		.byte	0x8
 101 0058 07       		.byte	0x7
 102 0059 97020000 		.4byte	.LASF7
 103 005d 03       		.uleb128 0x3
 104 005e 04       		.byte	0x4
 105 005f 05       		.byte	0x5
 106 0060 696E7400 		.ascii	"int\000"
 107 0064 02       		.uleb128 0x2
 108 0065 04       		.byte	0x4
 109 0066 07       		.byte	0x7
 110 0067 8A050000 		.4byte	.LASF8
 111 006b 04       		.uleb128 0x4
 112 006c 7B010000 		.4byte	.LASF82
 113 0070 02       		.byte	0x2
 114 0071 BA01     		.2byte	0x1ba
 115 0073 3A000000 		.4byte	0x3a
 116 0077 02       		.uleb128 0x2
 117 0078 04       		.byte	0x4
 118 0079 04       		.byte	0x4
 119 007a 2B020000 		.4byte	.LASF9
 120 007e 02       		.uleb128 0x2
 121 007f 08       		.byte	0x8
 122 0080 04       		.byte	0x4
 123 0081 48080000 		.4byte	.LASF10
 124 0085 02       		.uleb128 0x2
 125 0086 01       		.byte	0x1
 126 0087 08       		.byte	0x8
 127 0088 C8060000 		.4byte	.LASF11
 128 008c 02       		.uleb128 0x2
 129 008d 04       		.byte	0x4
ARM GAS  C:\Users\Timothy\AppData\Local\Temp\ccjLOtWS.s 			page 5


 130 008e 07       		.byte	0x7
 131 008f DB000000 		.4byte	.LASF12
 132 0093 05       		.uleb128 0x5
 133 0094 01       		.byte	0x1
 134 0095 05       		.byte	0x5
 135 0096 3101     		.2byte	0x131
 136 0098 62020000 		.4byte	0x262
 137 009c 06       		.uleb128 0x6
 138 009d D5010000 		.4byte	.LASF13
 139 00a1 00       		.sleb128 0
 140 00a2 06       		.uleb128 0x6
 141 00a3 4A010000 		.4byte	.LASF14
 142 00a7 01       		.sleb128 1
 143 00a8 06       		.uleb128 0x6
 144 00a9 CE090000 		.4byte	.LASF15
 145 00ad 02       		.sleb128 2
 146 00ae 06       		.uleb128 0x6
 147 00af A4080000 		.4byte	.LASF16
 148 00b3 03       		.sleb128 3
 149 00b4 06       		.uleb128 0x6
 150 00b5 24010000 		.4byte	.LASF17
 151 00b9 04       		.sleb128 4
 152 00ba 06       		.uleb128 0x6
 153 00bb 76030000 		.4byte	.LASF18
 154 00bf 05       		.sleb128 5
 155 00c0 06       		.uleb128 0x6
 156 00c1 3E000000 		.4byte	.LASF19
 157 00c5 06       		.sleb128 6
 158 00c6 06       		.uleb128 0x6
 159 00c7 02090000 		.4byte	.LASF20
 160 00cb 20       		.sleb128 32
 161 00cc 06       		.uleb128 0x6
 162 00cd C4050000 		.4byte	.LASF21
 163 00d1 21       		.sleb128 33
 164 00d2 06       		.uleb128 0x6
 165 00d3 00000000 		.4byte	.LASF22
 166 00d7 22       		.sleb128 34
 167 00d8 06       		.uleb128 0x6
 168 00d9 92030000 		.4byte	.LASF23
 169 00dd 23       		.sleb128 35
 170 00de 06       		.uleb128 0x6
 171 00df 6E050000 		.4byte	.LASF24
 172 00e3 24       		.sleb128 36
 173 00e4 06       		.uleb128 0x6
 174 00e5 C1000000 		.4byte	.LASF25
 175 00e9 25       		.sleb128 37
 176 00ea 06       		.uleb128 0x6
 177 00eb 2D030000 		.4byte	.LASF26
 178 00ef 26       		.sleb128 38
 179 00f0 06       		.uleb128 0x6
 180 00f1 0E030000 		.4byte	.LASF27
 181 00f5 27       		.sleb128 39
 182 00f6 06       		.uleb128 0x6
 183 00f7 71000000 		.4byte	.LASF28
 184 00fb 28       		.sleb128 40
 185 00fc 06       		.uleb128 0x6
 186 00fd FC050000 		.4byte	.LASF29
ARM GAS  C:\Users\Timothy\AppData\Local\Temp\ccjLOtWS.s 			page 6


 187 0101 29       		.sleb128 41
 188 0102 06       		.uleb128 0x6
 189 0103 78060000 		.4byte	.LASF30
 190 0107 2A       		.sleb128 42
 191 0108 06       		.uleb128 0x6
 192 0109 E8070000 		.4byte	.LASF31
 193 010d 2B       		.sleb128 43
 194 010e 06       		.uleb128 0x6
 195 010f 54060000 		.4byte	.LASF32
 196 0113 2C       		.sleb128 44
 197 0114 06       		.uleb128 0x6
 198 0115 4A020000 		.4byte	.LASF33
 199 0119 2D       		.sleb128 45
 200 011a 06       		.uleb128 0x6
 201 011b 93000000 		.4byte	.LASF34
 202 011f 2E       		.sleb128 46
 203 0120 06       		.uleb128 0x6
 204 0121 C40A0000 		.4byte	.LASF35
 205 0125 2F       		.sleb128 47
 206 0126 06       		.uleb128 0x6
 207 0127 E4000000 		.4byte	.LASF36
 208 012b 30       		.sleb128 48
 209 012c 06       		.uleb128 0x6
 210 012d E6030000 		.4byte	.LASF37
 211 0131 31       		.sleb128 49
 212 0132 06       		.uleb128 0x6
 213 0133 8A070000 		.4byte	.LASF38
 214 0137 32       		.sleb128 50
 215 0138 06       		.uleb128 0x6
 216 0139 A1060000 		.4byte	.LASF39
 217 013d 33       		.sleb128 51
 218 013e 06       		.uleb128 0x6
 219 013f 19060000 		.4byte	.LASF40
 220 0143 34       		.sleb128 52
 221 0144 06       		.uleb128 0x6
 222 0145 87080000 		.4byte	.LASF41
 223 0149 35       		.sleb128 53
 224 014a 06       		.uleb128 0x6
 225 014b C3020000 		.4byte	.LASF42
 226 014f 36       		.sleb128 54
 227 0150 06       		.uleb128 0x6
 228 0151 57000000 		.4byte	.LASF43
 229 0155 C000     		.sleb128 64
 230 0157 06       		.uleb128 0x6
 231 0158 97050000 		.4byte	.LASF44
 232 015c C100     		.sleb128 65
 233 015e 06       		.uleb128 0x6
 234 015f A60A0000 		.4byte	.LASF45
 235 0163 C200     		.sleb128 66
 236 0165 06       		.uleb128 0x6
 237 0166 5D010000 		.4byte	.LASF46
 238 016a C300     		.sleb128 67
 239 016c 06       		.uleb128 0x6
 240 016d 8C090000 		.4byte	.LASF47
 241 0171 C400     		.sleb128 68
 242 0173 06       		.uleb128 0x6
 243 0174 26090000 		.4byte	.LASF48
ARM GAS  C:\Users\Timothy\AppData\Local\Temp\ccjLOtWS.s 			page 7


 244 0178 C500     		.sleb128 69
 245 017a 06       		.uleb128 0x6
 246 017b 6B090000 		.4byte	.LASF49
 247 017f C600     		.sleb128 70
 248 0181 06       		.uleb128 0x6
 249 0182 03050000 		.4byte	.LASF50
 250 0186 C700     		.sleb128 71
 251 0188 06       		.uleb128 0x6
 252 0189 47050000 		.4byte	.LASF51
 253 018d C800     		.sleb128 72
 254 018f 06       		.uleb128 0x6
 255 0190 31020000 		.4byte	.LASF52
 256 0194 C900     		.sleb128 73
 257 0196 06       		.uleb128 0x6
 258 0197 AB070000 		.4byte	.LASF53
 259 019b CA00     		.sleb128 74
 260 019d 06       		.uleb128 0x6
 261 019e 95010000 		.4byte	.LASF54
 262 01a2 CB00     		.sleb128 75
 263 01a4 06       		.uleb128 0x6
 264 01a5 2D050000 		.4byte	.LASF55
 265 01a9 CC00     		.sleb128 76
 266 01ab 06       		.uleb128 0x6
 267 01ac 24000000 		.4byte	.LASF56
 268 01b0 CD00     		.sleb128 77
 269 01b2 06       		.uleb128 0x6
 270 01b3 4D090000 		.4byte	.LASF57
 271 01b7 CE00     		.sleb128 78
 272 01b9 06       		.uleb128 0x6
 273 01ba 4D040000 		.4byte	.LASF58
 274 01be CF00     		.sleb128 79
 275 01c0 06       		.uleb128 0x6
 276 01c1 390A0000 		.4byte	.LASF59
 277 01c5 D000     		.sleb128 80
 278 01c7 06       		.uleb128 0x6
 279 01c8 C9070000 		.4byte	.LASF60
 280 01cc D100     		.sleb128 81
 281 01ce 06       		.uleb128 0x6
 282 01cf 55030000 		.4byte	.LASF61
 283 01d3 D200     		.sleb128 82
 284 01d5 06       		.uleb128 0x6
 285 01d6 ED020000 		.4byte	.LASF62
 286 01da D300     		.sleb128 83
 287 01dc 06       		.uleb128 0x6
 288 01dd B4010000 		.4byte	.LASF63
 289 01e1 D400     		.sleb128 84
 290 01e3 06       		.uleb128 0x6
 291 01e4 820A0000 		.4byte	.LASF64
 292 01e8 D500     		.sleb128 85
 293 01ea 06       		.uleb128 0x6
 294 01eb 170A0000 		.4byte	.LASF65
 295 01ef D600     		.sleb128 86
 296 01f1 06       		.uleb128 0x6
 297 01f2 EE090000 		.4byte	.LASF66
 298 01f6 D700     		.sleb128 87
 299 01f8 06       		.uleb128 0x6
 300 01f9 31060000 		.4byte	.LASF67
ARM GAS  C:\Users\Timothy\AppData\Local\Temp\ccjLOtWS.s 			page 8


 301 01fd D800     		.sleb128 88
 302 01ff 06       		.uleb128 0x6
 303 0200 0A040000 		.4byte	.LASF68
 304 0204 F000     		.sleb128 112
 305 0206 06       		.uleb128 0x6
 306 0207 DC080000 		.4byte	.LASF69
 307 020b F100     		.sleb128 113
 308 020d 06       		.uleb128 0x6
 309 020e 5B070000 		.4byte	.LASF70
 310 0212 F200     		.sleb128 114
 311 0214 06       		.uleb128 0x6
 312 0215 EC010000 		.4byte	.LASF71
 313 0219 F300     		.sleb128 115
 314 021b 06       		.uleb128 0x6
 315 021c C8030000 		.4byte	.LASF72
 316 0220 F400     		.sleb128 116
 317 0222 06       		.uleb128 0x6
 318 0223 DB050000 		.4byte	.LASF73
 319 0227 F500     		.sleb128 117
 320 0229 06       		.uleb128 0x6
 321 022a 0A020000 		.4byte	.LASF74
 322 022e F600     		.sleb128 118
 323 0230 06       		.uleb128 0x6
 324 0231 BD080000 		.4byte	.LASF75
 325 0235 F700     		.sleb128 119
 326 0237 06       		.uleb128 0x6
 327 0238 25080000 		.4byte	.LASF76
 328 023c F800     		.sleb128 120
 329 023e 06       		.uleb128 0x6
 330 023f 4F080000 		.4byte	.LASF77
 331 0243 F900     		.sleb128 121
 332 0245 06       		.uleb128 0x6
 333 0246 AA090000 		.4byte	.LASF78
 334 024a FA00     		.sleb128 122
 335 024c 06       		.uleb128 0x6
 336 024d 07080000 		.4byte	.LASF79
 337 0251 FA01     		.sleb128 250
 338 0253 06       		.uleb128 0x6
 339 0254 6C040000 		.4byte	.LASF80
 340 0258 FB01     		.sleb128 251
 341 025a 06       		.uleb128 0x6
 342 025b E0090000 		.4byte	.LASF81
 343 025f FF01     		.sleb128 255
 344 0261 00       		.byte	0
 345 0262 04       		.uleb128 0x4
 346 0263 580A0000 		.4byte	.LASF83
 347 0267 03       		.byte	0x3
 348 0268 8401     		.2byte	0x184
 349 026a 6B000000 		.4byte	0x6b
 350 026e 07       		.uleb128 0x7
 351 026f 06       		.byte	0x6
 352 0270 04       		.byte	0x4
 353 0271 43       		.byte	0x43
 354 0272 8F020000 		.4byte	0x28f
 355 0276 08       		.uleb128 0x8
 356 0277 72080000 		.4byte	.LASF84
 357 027b 04       		.byte	0x4
ARM GAS  C:\Users\Timothy\AppData\Local\Temp\ccjLOtWS.s 			page 9


 358 027c 46       		.byte	0x46
 359 027d 62020000 		.4byte	0x262
 360 0281 00       		.byte	0
 361 0282 08       		.uleb128 0x8
 362 0283 82010000 		.4byte	.LASF85
 363 0287 04       		.byte	0x4
 364 0288 48       		.byte	0x48
 365 0289 8F020000 		.4byte	0x28f
 366 028d 02       		.byte	0x2
 367 028e 00       		.byte	0
 368 028f 09       		.uleb128 0x9
 369 0290 62020000 		.4byte	0x262
 370 0294 9F020000 		.4byte	0x29f
 371 0298 0A       		.uleb128 0xa
 372 0299 8C000000 		.4byte	0x8c
 373 029d 01       		.byte	0x1
 374 029e 00       		.byte	0
 375 029f 0B       		.uleb128 0xb
 376 02a0 AE020000 		.4byte	.LASF86
 377 02a4 04       		.byte	0x4
 378 02a5 4A       		.byte	0x4a
 379 02a6 6E020000 		.4byte	0x26e
 380 02aa 07       		.uleb128 0x7
 381 02ab 08       		.byte	0x8
 382 02ac 04       		.byte	0x4
 383 02ad 4D       		.byte	0x4d
 384 02ae CB020000 		.4byte	0x2cb
 385 02b2 08       		.uleb128 0x8
 386 02b3 13010000 		.4byte	.LASF87
 387 02b7 04       		.byte	0x4
 388 02b8 50       		.byte	0x50
 389 02b9 62020000 		.4byte	0x262
 390 02bd 00       		.byte	0
 391 02be 08       		.uleb128 0x8
 392 02bf 3E040000 		.4byte	.LASF88
 393 02c3 04       		.byte	0x4
 394 02c4 53       		.byte	0x53
 395 02c5 CB020000 		.4byte	0x2cb
 396 02c9 02       		.byte	0x2
 397 02ca 00       		.byte	0
 398 02cb 09       		.uleb128 0x9
 399 02cc 9F020000 		.4byte	0x29f
 400 02d0 DB020000 		.4byte	0x2db
 401 02d4 0A       		.uleb128 0xa
 402 02d5 8C000000 		.4byte	0x8c
 403 02d9 00       		.byte	0
 404 02da 00       		.byte	0
 405 02db 0B       		.uleb128 0xb
 406 02dc B8030000 		.4byte	.LASF89
 407 02e0 04       		.byte	0x4
 408 02e1 55       		.byte	0x55
 409 02e2 AA020000 		.4byte	0x2aa
 410 02e6 0C       		.uleb128 0xc
 411 02e7 39010000 		.4byte	.LASF93
 412 02eb 01       		.byte	0x1
 413 02ec 45       		.byte	0x45
 414 02ed 00000000 		.4byte	.LFB2
ARM GAS  C:\Users\Timothy\AppData\Local\Temp\ccjLOtWS.s 			page 10


 415 02f1 08000000 		.4byte	.LFE2-.LFB2
 416 02f5 01       		.uleb128 0x1
 417 02f6 9C       		.byte	0x9c
 418 02f7 09       		.uleb128 0x9
 419 02f8 DB020000 		.4byte	0x2db
 420 02fc 07030000 		.4byte	0x307
 421 0300 0A       		.uleb128 0xa
 422 0301 8C000000 		.4byte	0x8c
 423 0305 00       		.byte	0
 424 0306 00       		.byte	0
 425 0307 0D       		.uleb128 0xd
 426 0308 740A0000 		.4byte	.LASF94
 427 030c 01       		.byte	0x1
 428 030d 1A       		.byte	0x1a
 429 030e 18030000 		.4byte	0x318
 430 0312 05       		.uleb128 0x5
 431 0313 03       		.byte	0x3
 432 0314 00000000 		.4byte	cyBle_customs
 433 0318 0E       		.uleb128 0xe
 434 0319 F7020000 		.4byte	0x2f7
 435 031d 00       		.byte	0
 436              		.section	.debug_abbrev,"",%progbits
 437              	.Ldebug_abbrev0:
 438 0000 01       		.uleb128 0x1
 439 0001 11       		.uleb128 0x11
 440 0002 01       		.byte	0x1
 441 0003 25       		.uleb128 0x25
 442 0004 0E       		.uleb128 0xe
 443 0005 13       		.uleb128 0x13
 444 0006 0B       		.uleb128 0xb
 445 0007 03       		.uleb128 0x3
 446 0008 0E       		.uleb128 0xe
 447 0009 1B       		.uleb128 0x1b
 448 000a 0E       		.uleb128 0xe
 449 000b 55       		.uleb128 0x55
 450 000c 17       		.uleb128 0x17
 451 000d 11       		.uleb128 0x11
 452 000e 01       		.uleb128 0x1
 453 000f 10       		.uleb128 0x10
 454 0010 17       		.uleb128 0x17
 455 0011 00       		.byte	0
 456 0012 00       		.byte	0
 457 0013 02       		.uleb128 0x2
 458 0014 24       		.uleb128 0x24
 459 0015 00       		.byte	0
 460 0016 0B       		.uleb128 0xb
 461 0017 0B       		.uleb128 0xb
 462 0018 3E       		.uleb128 0x3e
 463 0019 0B       		.uleb128 0xb
 464 001a 03       		.uleb128 0x3
 465 001b 0E       		.uleb128 0xe
 466 001c 00       		.byte	0
 467 001d 00       		.byte	0
 468 001e 03       		.uleb128 0x3
 469 001f 24       		.uleb128 0x24
 470 0020 00       		.byte	0
 471 0021 0B       		.uleb128 0xb
ARM GAS  C:\Users\Timothy\AppData\Local\Temp\ccjLOtWS.s 			page 11


 472 0022 0B       		.uleb128 0xb
 473 0023 3E       		.uleb128 0x3e
 474 0024 0B       		.uleb128 0xb
 475 0025 03       		.uleb128 0x3
 476 0026 08       		.uleb128 0x8
 477 0027 00       		.byte	0
 478 0028 00       		.byte	0
 479 0029 04       		.uleb128 0x4
 480 002a 16       		.uleb128 0x16
 481 002b 00       		.byte	0
 482 002c 03       		.uleb128 0x3
 483 002d 0E       		.uleb128 0xe
 484 002e 3A       		.uleb128 0x3a
 485 002f 0B       		.uleb128 0xb
 486 0030 3B       		.uleb128 0x3b
 487 0031 05       		.uleb128 0x5
 488 0032 49       		.uleb128 0x49
 489 0033 13       		.uleb128 0x13
 490 0034 00       		.byte	0
 491 0035 00       		.byte	0
 492 0036 05       		.uleb128 0x5
 493 0037 04       		.uleb128 0x4
 494 0038 01       		.byte	0x1
 495 0039 0B       		.uleb128 0xb
 496 003a 0B       		.uleb128 0xb
 497 003b 3A       		.uleb128 0x3a
 498 003c 0B       		.uleb128 0xb
 499 003d 3B       		.uleb128 0x3b
 500 003e 05       		.uleb128 0x5
 501 003f 01       		.uleb128 0x1
 502 0040 13       		.uleb128 0x13
 503 0041 00       		.byte	0
 504 0042 00       		.byte	0
 505 0043 06       		.uleb128 0x6
 506 0044 28       		.uleb128 0x28
 507 0045 00       		.byte	0
 508 0046 03       		.uleb128 0x3
 509 0047 0E       		.uleb128 0xe
 510 0048 1C       		.uleb128 0x1c
 511 0049 0D       		.uleb128 0xd
 512 004a 00       		.byte	0
 513 004b 00       		.byte	0
 514 004c 07       		.uleb128 0x7
 515 004d 13       		.uleb128 0x13
 516 004e 01       		.byte	0x1
 517 004f 0B       		.uleb128 0xb
 518 0050 0B       		.uleb128 0xb
 519 0051 3A       		.uleb128 0x3a
 520 0052 0B       		.uleb128 0xb
 521 0053 3B       		.uleb128 0x3b
 522 0054 0B       		.uleb128 0xb
 523 0055 01       		.uleb128 0x1
 524 0056 13       		.uleb128 0x13
 525 0057 00       		.byte	0
 526 0058 00       		.byte	0
 527 0059 08       		.uleb128 0x8
 528 005a 0D       		.uleb128 0xd
ARM GAS  C:\Users\Timothy\AppData\Local\Temp\ccjLOtWS.s 			page 12


 529 005b 00       		.byte	0
 530 005c 03       		.uleb128 0x3
 531 005d 0E       		.uleb128 0xe
 532 005e 3A       		.uleb128 0x3a
 533 005f 0B       		.uleb128 0xb
 534 0060 3B       		.uleb128 0x3b
 535 0061 0B       		.uleb128 0xb
 536 0062 49       		.uleb128 0x49
 537 0063 13       		.uleb128 0x13
 538 0064 38       		.uleb128 0x38
 539 0065 0B       		.uleb128 0xb
 540 0066 00       		.byte	0
 541 0067 00       		.byte	0
 542 0068 09       		.uleb128 0x9
 543 0069 01       		.uleb128 0x1
 544 006a 01       		.byte	0x1
 545 006b 49       		.uleb128 0x49
 546 006c 13       		.uleb128 0x13
 547 006d 01       		.uleb128 0x1
 548 006e 13       		.uleb128 0x13
 549 006f 00       		.byte	0
 550 0070 00       		.byte	0
 551 0071 0A       		.uleb128 0xa
 552 0072 21       		.uleb128 0x21
 553 0073 00       		.byte	0
 554 0074 49       		.uleb128 0x49
 555 0075 13       		.uleb128 0x13
 556 0076 2F       		.uleb128 0x2f
 557 0077 0B       		.uleb128 0xb
 558 0078 00       		.byte	0
 559 0079 00       		.byte	0
 560 007a 0B       		.uleb128 0xb
 561 007b 16       		.uleb128 0x16
 562 007c 00       		.byte	0
 563 007d 03       		.uleb128 0x3
 564 007e 0E       		.uleb128 0xe
 565 007f 3A       		.uleb128 0x3a
 566 0080 0B       		.uleb128 0xb
 567 0081 3B       		.uleb128 0x3b
 568 0082 0B       		.uleb128 0xb
 569 0083 49       		.uleb128 0x49
 570 0084 13       		.uleb128 0x13
 571 0085 00       		.byte	0
 572 0086 00       		.byte	0
 573 0087 0C       		.uleb128 0xc
 574 0088 2E       		.uleb128 0x2e
 575 0089 00       		.byte	0
 576 008a 3F       		.uleb128 0x3f
 577 008b 19       		.uleb128 0x19
 578 008c 03       		.uleb128 0x3
 579 008d 0E       		.uleb128 0xe
 580 008e 3A       		.uleb128 0x3a
 581 008f 0B       		.uleb128 0xb
 582 0090 3B       		.uleb128 0x3b
 583 0091 0B       		.uleb128 0xb
 584 0092 27       		.uleb128 0x27
 585 0093 19       		.uleb128 0x19
ARM GAS  C:\Users\Timothy\AppData\Local\Temp\ccjLOtWS.s 			page 13


 586 0094 11       		.uleb128 0x11
 587 0095 01       		.uleb128 0x1
 588 0096 12       		.uleb128 0x12
 589 0097 06       		.uleb128 0x6
 590 0098 40       		.uleb128 0x40
 591 0099 18       		.uleb128 0x18
 592 009a 9742     		.uleb128 0x2117
 593 009c 19       		.uleb128 0x19
 594 009d 00       		.byte	0
 595 009e 00       		.byte	0
 596 009f 0D       		.uleb128 0xd
 597 00a0 34       		.uleb128 0x34
 598 00a1 00       		.byte	0
 599 00a2 03       		.uleb128 0x3
 600 00a3 0E       		.uleb128 0xe
 601 00a4 3A       		.uleb128 0x3a
 602 00a5 0B       		.uleb128 0xb
 603 00a6 3B       		.uleb128 0x3b
 604 00a7 0B       		.uleb128 0xb
 605 00a8 49       		.uleb128 0x49
 606 00a9 13       		.uleb128 0x13
 607 00aa 3F       		.uleb128 0x3f
 608 00ab 19       		.uleb128 0x19
 609 00ac 02       		.uleb128 0x2
 610 00ad 18       		.uleb128 0x18
 611 00ae 00       		.byte	0
 612 00af 00       		.byte	0
 613 00b0 0E       		.uleb128 0xe
 614 00b1 26       		.uleb128 0x26
 615 00b2 00       		.byte	0
 616 00b3 49       		.uleb128 0x49
 617 00b4 13       		.uleb128 0x13
 618 00b5 00       		.byte	0
 619 00b6 00       		.byte	0
 620 00b7 00       		.byte	0
 621              		.section	.debug_aranges,"",%progbits
 622 0000 1C000000 		.4byte	0x1c
 623 0004 0200     		.2byte	0x2
 624 0006 00000000 		.4byte	.Ldebug_info0
 625 000a 04       		.byte	0x4
 626 000b 00       		.byte	0
 627 000c 0000     		.2byte	0
 628 000e 0000     		.2byte	0
 629 0010 00000000 		.4byte	.LFB2
 630 0014 08000000 		.4byte	.LFE2-.LFB2
 631 0018 00000000 		.4byte	0
 632 001c 00000000 		.4byte	0
 633              		.section	.debug_ranges,"",%progbits
 634              	.Ldebug_ranges0:
 635 0000 00000000 		.4byte	.LFB2
 636 0004 08000000 		.4byte	.LFE2
 637 0008 00000000 		.4byte	0
 638 000c 00000000 		.4byte	0
 639              		.section	.debug_line,"",%progbits
 640              	.Ldebug_line0:
 641 0000 92000000 		.section	.debug_str,"MS",%progbits,1
 641      02007900 
ARM GAS  C:\Users\Timothy\AppData\Local\Temp\ccjLOtWS.s 			page 14


 641      00000201 
 641      FB0E0D00 
 641      01010101 
 642              	.LASF22:
 643 0000 4359424C 		.ascii	"CYBLE_EVT_GAP_PASSKEY_ENTRY_REQUEST\000"
 643      455F4556 
 643      545F4741 
 643      505F5041 
 643      53534B45 
 644              	.LASF56:
 645 0024 4359424C 		.ascii	"CYBLE_EVT_GATTC_WRITE_RSP\000"
 645      455F4556 
 645      545F4741 
 645      5454435F 
 645      57524954 
 646              	.LASF19:
 647 003e 4359424C 		.ascii	"CYBLE_EVT_MEMORY_REQUEST\000"
 647      455F4556 
 647      545F4D45 
 647      4D4F5259 
 647      5F524551 
 648              	.LASF43:
 649 0057 4359424C 		.ascii	"CYBLE_EVT_GATTC_ERROR_RSP\000"
 649      455F4556 
 649      545F4741 
 649      5454435F 
 649      4552524F 
 650              	.LASF28:
 651 0071 4359424C 		.ascii	"CYBLE_EVT_GAP_DEVICE_DISCONNECTED\000"
 651      455F4556 
 651      545F4741 
 651      505F4445 
 651      56494345 
 652              	.LASF34:
 653 0093 4359424C 		.ascii	"CYBLE_EVT_GAP_KEYPRESS_NOTIFICATION\000"
 653      455F4556 
 653      545F4741 
 653      505F4B45 
 653      59505245 
 654              	.LASF2:
 655 00b7 73686F72 		.ascii	"short int\000"
 655      7420696E 
 655      7400
 656              	.LASF25:
 657 00c1 4359424C 		.ascii	"CYBLE_EVT_GAP_AUTH_FAILED\000"
 657      455F4556 
 657      545F4741 
 657      505F4155 
 657      54485F46 
 658              	.LASF12:
 659 00db 73697A65 		.ascii	"sizetype\000"
 659      74797065 
 659      00
 660              	.LASF36:
 661 00e4 4359424C 		.ascii	"CYBLE_EVT_GAP_DATA_LENGTH_CHANGE\000"
 661      455F4556 
 661      545F4741 
ARM GAS  C:\Users\Timothy\AppData\Local\Temp\ccjLOtWS.s 			page 15


 661      505F4441 
 661      54415F4C 
 662              	.LASF6:
 663 0105 6C6F6E67 		.ascii	"long long int\000"
 663      206C6F6E 
 663      6720696E 
 663      7400
 664              	.LASF87:
 665 0113 63757374 		.ascii	"customServHandle\000"
 665      6F6D5365 
 665      72764861 
 665      6E646C65 
 665      00
 666              	.LASF17:
 667 0124 4359424C 		.ascii	"CYBLE_EVT_HCI_STATUS\000"
 667      455F4556 
 667      545F4843 
 667      495F5354 
 667      41545553 
 668              	.LASF93:
 669 0139 4379426C 		.ascii	"CyBle_CustomInit\000"
 669      655F4375 
 669      73746F6D 
 669      496E6974 
 669      00
 670              	.LASF14:
 671 014a 4359424C 		.ascii	"CYBLE_EVT_STACK_ON\000"
 671      455F4556 
 671      545F5354 
 671      41434B5F 
 671      4F4E00
 672              	.LASF46:
 673 015d 4359424C 		.ascii	"CYBLE_EVT_GATTS_XCNHG_MTU_REQ\000"
 673      455F4556 
 673      545F4741 
 673      5454535F 
 673      58434E48 
 674              	.LASF82:
 675 017b 75696E74 		.ascii	"uint16\000"
 675      313600
 676              	.LASF85:
 677 0182 63757374 		.ascii	"customServCharDesc\000"
 677      6F6D5365 
 677      72764368 
 677      61724465 
 677      736300
 678              	.LASF54:
 679 0195 4359424C 		.ascii	"CYBLE_EVT_GATTC_READ_MULTI_RSP\000"
 679      455F4556 
 679      545F4741 
 679      5454435F 
 679      52454144 
 680              	.LASF63:
 681 01b4 4359424C 		.ascii	"CYBLE_EVT_GATTS_HANDLE_VALUE_CNF\000"
 681      455F4556 
 681      545F4741 
 681      5454535F 
ARM GAS  C:\Users\Timothy\AppData\Local\Temp\ccjLOtWS.s 			page 16


 681      48414E44 
 682              	.LASF13:
 683 01d5 4359424C 		.ascii	"CYBLE_EVT_HOST_INVALID\000"
 683      455F4556 
 683      545F484F 
 683      53545F49 
 683      4E56414C 
 684              	.LASF71:
 685 01ec 4359424C 		.ascii	"CYBLE_EVT_L2CAP_CBFC_CONN_IND\000"
 685      455F4556 
 685      545F4C32 
 685      4341505F 
 685      43424643 
 686              	.LASF74:
 687 020a 4359424C 		.ascii	"CYBLE_EVT_L2CAP_CBFC_DISCONN_CNF\000"
 687      455F4556 
 687      545F4C32 
 687      4341505F 
 687      43424643 
 688              	.LASF9:
 689 022b 666C6F61 		.ascii	"float\000"
 689      7400
 690              	.LASF52:
 691 0231 4359424C 		.ascii	"CYBLE_EVT_GATTC_READ_RSP\000"
 691      455F4556 
 691      545F4741 
 691      5454435F 
 691      52454144 
 692              	.LASF33:
 693 024a 4359424C 		.ascii	"CYBLE_EVT_GAP_NUMERIC_COMPARISON_REQUEST\000"
 693      455F4556 
 693      545F4741 
 693      505F4E55 
 693      4D455249 
 694              	.LASF91:
 695 0273 47656E65 		.ascii	"Generated_Source\\PSoC4\\BLE_custom.c\000"
 695      72617465 
 695      645F536F 
 695      75726365 
 695      5C50536F 
 696              	.LASF7:
 697 0297 6C6F6E67 		.ascii	"long long unsigned int\000"
 697      206C6F6E 
 697      6720756E 
 697      7369676E 
 697      65642069 
 698              	.LASF86:
 699 02ae 4359424C 		.ascii	"CYBLE_CUSTOMS_INFO_T\000"
 699      455F4355 
 699      53544F4D 
 699      535F494E 
 699      464F5F54 
 700              	.LASF42:
 701 02c3 4359424C 		.ascii	"CYBLE_EVT_GAP_AUTH_REQ_REPLY_ERR\000"
 701      455F4556 
 701      545F4741 
 701      505F4155 
ARM GAS  C:\Users\Timothy\AppData\Local\Temp\ccjLOtWS.s 			page 17


 701      54485F52 
 702              	.LASF4:
 703 02e4 6C6F6E67 		.ascii	"long int\000"
 703      20696E74 
 703      00
 704              	.LASF62:
 705 02ed 4359424C 		.ascii	"CYBLE_EVT_GATTC_HANDLE_VALUE_IND\000"
 705      455F4556 
 705      545F4741 
 705      5454435F 
 705      48414E44 
 706              	.LASF27:
 707 030e 4359424C 		.ascii	"CYBLE_EVT_GAP_DEVICE_CONNECTED\000"
 707      455F4556 
 707      545F4741 
 707      505F4445 
 707      56494345 
 708              	.LASF26:
 709 032d 4359424C 		.ascii	"CYBLE_EVT_GAPP_ADVERTISEMENT_START_STOP\000"
 709      455F4556 
 709      545F4741 
 709      50505F41 
 709      44564552 
 710              	.LASF61:
 711 0355 4359424C 		.ascii	"CYBLE_EVT_GATTC_HANDLE_VALUE_NTF\000"
 711      455F4556 
 711      545F4741 
 711      5454435F 
 711      48414E44 
 712              	.LASF18:
 713 0376 4359424C 		.ascii	"CYBLE_EVT_STACK_BUSY_STATUS\000"
 713      455F4556 
 713      545F5354 
 713      41434B5F 
 713      42555359 
 714              	.LASF23:
 715 0392 4359424C 		.ascii	"CYBLE_EVT_GAP_PASSKEY_DISPLAY_REQUEST\000"
 715      455F4556 
 715      545F4741 
 715      505F5041 
 715      53534B45 
 716              	.LASF89:
 717 03b8 4359424C 		.ascii	"CYBLE_CUSTOMS_T\000"
 717      455F4355 
 717      53544F4D 
 717      535F5400 
 718              	.LASF72:
 719 03c8 4359424C 		.ascii	"CYBLE_EVT_L2CAP_CBFC_CONN_CNF\000"
 719      455F4556 
 719      545F4C32 
 719      4341505F 
 719      43424643 
 720              	.LASF37:
 721 03e6 4359424C 		.ascii	"CYBLE_EVT_GAP_ENHANCE_CONN_COMPLETE\000"
 721      455F4556 
 721      545F4741 
 721      505F454E 
ARM GAS  C:\Users\Timothy\AppData\Local\Temp\ccjLOtWS.s 			page 18


 721      48414E43 
 722              	.LASF68:
 723 040a 4359424C 		.ascii	"CYBLE_EVT_L2CAP_CONN_PARAM_UPDATE_REQ\000"
 723      455F4556 
 723      545F4C32 
 723      4341505F 
 723      434F4E4E 
 724              	.LASF1:
 725 0430 756E7369 		.ascii	"unsigned char\000"
 725      676E6564 
 725      20636861 
 725      7200
 726              	.LASF88:
 727 043e 63757374 		.ascii	"customServInfo\000"
 727      6F6D5365 
 727      7276496E 
 727      666F00
 728              	.LASF58:
 729 044d 4359424C 		.ascii	"CYBLE_EVT_GATTS_PREP_WRITE_REQ\000"
 729      455F4556 
 729      545F4741 
 729      5454535F 
 729      50524550 
 730              	.LASF80:
 731 046c 4359424C 		.ascii	"CYBLE_EVT_LE_PING_AUTH_TIMEOUT\000"
 731      455F4556 
 731      545F4C45 
 731      5F50494E 
 731      475F4155 
 732              	.LASF92:
 733 048b 433A5C55 		.ascii	"C:\\Users\\Timothy\\Dropbox\\Documents\\Winter 2017"
 733      73657273 
 733      5C54696D 
 733      6F746879 
 733      5C44726F 
 734 04b9 5C454543 		.ascii	"\\EEC_136B\\Testing\\Temperature Sensor_lmt70 BLE\\"
 734      5F313336 
 734      425C5465 
 734      7374696E 
 734      675C5465 
 735 04e8 576F726B 		.ascii	"Workspace01\\Design01.cydsn\000"
 735      73706163 
 735      6530315C 
 735      44657369 
 735      676E3031 
 736              	.LASF50:
 737 0503 4359424C 		.ascii	"CYBLE_EVT_GATTC_FIND_INFO_RSP\000"
 737      455F4556 
 737      545F4741 
 737      5454435F 
 737      46494E44 
 738              	.LASF0:
 739 0521 7369676E 		.ascii	"signed char\000"
 739      65642063 
 739      68617200 
 740              	.LASF55:
 741 052d 4359424C 		.ascii	"CYBLE_EVT_GATTS_WRITE_REQ\000"
ARM GAS  C:\Users\Timothy\AppData\Local\Temp\ccjLOtWS.s 			page 19


 741      455F4556 
 741      545F4741 
 741      5454535F 
 741      57524954 
 742              	.LASF51:
 743 0547 4359424C 		.ascii	"CYBLE_EVT_GATTC_FIND_BY_TYPE_VALUE_RSP\000"
 743      455F4556 
 743      545F4741 
 743      5454435F 
 743      46494E44 
 744              	.LASF24:
 745 056e 4359424C 		.ascii	"CYBLE_EVT_GAP_AUTH_COMPLETE\000"
 745      455F4556 
 745      545F4741 
 745      505F4155 
 745      54485F43 
 746              	.LASF8:
 747 058a 756E7369 		.ascii	"unsigned int\000"
 747      676E6564 
 747      20696E74 
 747      00
 748              	.LASF44:
 749 0597 4359424C 		.ascii	"CYBLE_EVT_GATT_CONNECT_IND\000"
 749      455F4556 
 749      545F4741 
 749      54545F43 
 749      4F4E4E45 
 750              	.LASF5:
 751 05b2 6C6F6E67 		.ascii	"long unsigned int\000"
 751      20756E73 
 751      69676E65 
 751      6420696E 
 751      7400
 752              	.LASF21:
 753 05c4 4359424C 		.ascii	"CYBLE_EVT_GAP_AUTH_REQ\000"
 753      455F4556 
 753      545F4741 
 753      505F4155 
 753      54485F52 
 754              	.LASF73:
 755 05db 4359424C 		.ascii	"CYBLE_EVT_L2CAP_CBFC_DISCONN_IND\000"
 755      455F4556 
 755      545F4C32 
 755      4341505F 
 755      43424643 
 756              	.LASF29:
 757 05fc 4359424C 		.ascii	"CYBLE_EVT_GAP_ENCRYPT_CHANGE\000"
 757      455F4556 
 757      545F4741 
 757      505F454E 
 757      43525950 
 758              	.LASF40:
 759 0619 4359424C 		.ascii	"CYBLE_EVT_GAP_CONN_ESTB\000"
 759      455F4556 
 759      545F4741 
 759      505F434F 
 759      4E4E5F45 
ARM GAS  C:\Users\Timothy\AppData\Local\Temp\ccjLOtWS.s 			page 20


 760              	.LASF67:
 761 0631 4359424C 		.ascii	"CYBLE_EVT_GATTC_LONG_PROCEDURE_END\000"
 761      455F4556 
 761      545F4741 
 761      5454435F 
 761      4C4F4E47 
 762              	.LASF32:
 763 0654 4359424C 		.ascii	"CYBLE_EVT_GAP_KEYINFO_EXCHNGE_CMPLT\000"
 763      455F4556 
 763      545F4741 
 763      505F4B45 
 763      59494E46 
 764              	.LASF30:
 765 0678 4359424C 		.ascii	"CYBLE_EVT_GAP_CONNECTION_UPDATE_COMPLETE\000"
 765      455F4556 
 765      545F4741 
 765      505F434F 
 765      4E4E4543 
 766              	.LASF39:
 767 06a1 4359424C 		.ascii	"CYBLE_EVT_GAP_SMP_NEGOTIATED_AUTH_INFO\000"
 767      455F4556 
 767      545F4741 
 767      505F534D 
 767      505F4E45 
 768              	.LASF11:
 769 06c8 63686172 		.ascii	"char\000"
 769      00
 770              	.LASF90:
 771 06cd 474E5520 		.ascii	"GNU C 4.9.3 20150303 (release) [ARM/embedded-4_9-br"
 771      4320342E 
 771      392E3320 
 771      32303135 
 771      30333033 
 772 0700 616E6368 		.ascii	"anch revision 221220] -mcpu=cortex-m0 -mthumb -g -O"
 772      20726576 
 772      6973696F 
 772      6E203232 
 772      31323230 
 773 0733 30202D66 		.ascii	"0 -ffunction-sections -ffat-lto-objects\000"
 773      66756E63 
 773      74696F6E 
 773      2D736563 
 773      74696F6E 
 774              	.LASF70:
 775 075b 4359424C 		.ascii	"CYBLE_EVT_L2CAP_COMMAND_REJ\000"
 775      455F4556 
 775      545F4C32 
 775      4341505F 
 775      434F4D4D 
 776              	.LASF3:
 777 0777 73686F72 		.ascii	"short unsigned int\000"
 777      7420756E 
 777      7369676E 
 777      65642069 
 777      6E7400
 778              	.LASF38:
 779 078a 4359424C 		.ascii	"CYBLE_EVT_GAPC_DIRECT_ADV_REPORT\000"
ARM GAS  C:\Users\Timothy\AppData\Local\Temp\ccjLOtWS.s 			page 21


 779      455F4556 
 779      545F4741 
 779      50435F44 
 779      49524543 
 780              	.LASF53:
 781 07ab 4359424C 		.ascii	"CYBLE_EVT_GATTC_READ_BLOB_RSP\000"
 781      455F4556 
 781      545F4741 
 781      5454435F 
 781      52454144 
 782              	.LASF60:
 783 07c9 4359424C 		.ascii	"CYBLE_EVT_GATTC_EXEC_WRITE_RSP\000"
 783      455F4556 
 783      545F4741 
 783      5454435F 
 783      45584543 
 784              	.LASF31:
 785 07e8 4359424C 		.ascii	"CYBLE_EVT_GAPC_SCAN_START_STOP\000"
 785      455F4556 
 785      545F4741 
 785      50435F53 
 785      43414E5F 
 786              	.LASF79:
 787 0807 4359424C 		.ascii	"CYBLE_EVT_PENDING_FLASH_WRITE\000"
 787      455F4556 
 787      545F5045 
 787      4E44494E 
 787      475F464C 
 788              	.LASF76:
 789 0825 4359424C 		.ascii	"CYBLE_EVT_L2CAP_CBFC_RX_CREDIT_IND\000"
 789      455F4556 
 789      545F4C32 
 789      4341505F 
 789      43424643 
 790              	.LASF10:
 791 0848 646F7562 		.ascii	"double\000"
 791      6C6500
 792              	.LASF77:
 793 084f 4359424C 		.ascii	"CYBLE_EVT_L2CAP_CBFC_TX_CREDIT_IND\000"
 793      455F4556 
 793      545F4C32 
 793      4341505F 
 793      43424643 
 794              	.LASF84:
 795 0872 63757374 		.ascii	"customServCharHandle\000"
 795      6F6D5365 
 795      72764368 
 795      61724861 
 795      6E646C65 
 796              	.LASF41:
 797 0887 4359424C 		.ascii	"CYBLE_EVT_GAP_SCAN_REQ_RECVD\000"
 797      455F4556 
 797      545F4741 
 797      505F5343 
 797      414E5F52 
 798              	.LASF16:
 799 08a4 4359424C 		.ascii	"CYBLE_EVT_HARDWARE_ERROR\000"
ARM GAS  C:\Users\Timothy\AppData\Local\Temp\ccjLOtWS.s 			page 22


 799      455F4556 
 799      545F4841 
 799      52445741 
 799      52455F45 
 800              	.LASF75:
 801 08bd 4359424C 		.ascii	"CYBLE_EVT_L2CAP_CBFC_DATA_READ\000"
 801      455F4556 
 801      545F4C32 
 801      4341505F 
 801      43424643 
 802              	.LASF69:
 803 08dc 4359424C 		.ascii	"CYBLE_EVT_L2CAP_CONN_PARAM_UPDATE_RSP\000"
 803      455F4556 
 803      545F4C32 
 803      4341505F 
 803      434F4E4E 
 804              	.LASF20:
 805 0902 4359424C 		.ascii	"CYBLE_EVT_GAPC_SCAN_PROGRESS_RESULT\000"
 805      455F4556 
 805      545F4741 
 805      50435F53 
 805      43414E5F 
 806              	.LASF48:
 807 0926 4359424C 		.ascii	"CYBLE_EVT_GATTC_READ_BY_GROUP_TYPE_RSP\000"
 807      455F4556 
 807      545F4741 
 807      5454435F 
 807      52454144 
 808              	.LASF57:
 809 094d 4359424C 		.ascii	"CYBLE_EVT_GATTS_WRITE_CMD_REQ\000"
 809      455F4556 
 809      545F4741 
 809      5454535F 
 809      57524954 
 810              	.LASF49:
 811 096b 4359424C 		.ascii	"CYBLE_EVT_GATTC_READ_BY_TYPE_RSP\000"
 811      455F4556 
 811      545F4741 
 811      5454435F 
 811      52454144 
 812              	.LASF47:
 813 098c 4359424C 		.ascii	"CYBLE_EVT_GATTC_XCHNG_MTU_RSP\000"
 813      455F4556 
 813      545F4741 
 813      5454435F 
 813      5843484E 
 814              	.LASF78:
 815 09aa 4359424C 		.ascii	"CYBLE_EVT_L2CAP_CBFC_DATA_WRITE_IND\000"
 815      455F4556 
 815      545F4C32 
 815      4341505F 
 815      43424643 
 816              	.LASF15:
 817 09ce 4359424C 		.ascii	"CYBLE_EVT_TIMEOUT\000"
 817      455F4556 
 817      545F5449 
 817      4D454F55 
ARM GAS  C:\Users\Timothy\AppData\Local\Temp\ccjLOtWS.s 			page 23


 817      5400
 818              	.LASF81:
 819 09e0 4359424C 		.ascii	"CYBLE_EVT_MAX\000"
 819      455F4556 
 819      545F4D41 
 819      5800
 820              	.LASF66:
 821 09ee 4359424C 		.ascii	"CYBLE_EVT_GATTS_READ_CHAR_VAL_ACCESS_REQ\000"
 821      455F4556 
 821      545F4741 
 821      5454535F 
 821      52454144 
 822              	.LASF65:
 823 0a17 4359424C 		.ascii	"CYBLE_EVT_GATTC_STOP_CMD_COMPLETE\000"
 823      455F4556 
 823      545F4741 
 823      5454435F 
 823      53544F50 
 824              	.LASF59:
 825 0a39 4359424C 		.ascii	"CYBLE_EVT_GATTS_EXEC_WRITE_REQ\000"
 825      455F4556 
 825      545F4741 
 825      5454535F 
 825      45584543 
 826              	.LASF83:
 827 0a58 4359424C 		.ascii	"CYBLE_GATT_DB_ATTR_HANDLE_T\000"
 827      455F4741 
 827      54545F44 
 827      425F4154 
 827      54525F48 
 828              	.LASF94:
 829 0a74 6379426C 		.ascii	"cyBle_customs\000"
 829      655F6375 
 829      73746F6D 
 829      7300
 830              	.LASF64:
 831 0a82 4359424C 		.ascii	"CYBLE_EVT_GATTS_DATA_SIGNED_CMD_REQ\000"
 831      455F4556 
 831      545F4741 
 831      5454535F 
 831      44415441 
 832              	.LASF45:
 833 0aa6 4359424C 		.ascii	"CYBLE_EVT_GATT_DISCONNECT_IND\000"
 833      455F4556 
 833      545F4741 
 833      54545F44 
 833      4953434F 
 834              	.LASF35:
 835 0ac4 4359424C 		.ascii	"CYBLE_EVT_GAP_OOB_GENERATED_NOTIFICATION\000"
 835      455F4556 
 835      545F4741 
 835      505F4F4F 
 835      425F4745 
 836              		.ident	"GCC: (GNU Tools for ARM Embedded Processors) 4.9.3 20150303 (release) [ARM/embedded-4_9-br
