ARM GAS  C:\Users\Davit\AppData\Local\Temp\ccTDn23Y.s 			page 1


   1              		.cpu cortex-m0
   2              		.fpu softvfp
   3              		.eabi_attribute 20, 1
   4              		.eabi_attribute 21, 1
   5              		.eabi_attribute 23, 3
   6              		.eabi_attribute 24, 1
   7              		.eabi_attribute 25, 1
   8              		.eabi_attribute 26, 1
   9              		.eabi_attribute 30, 6
  10              		.eabi_attribute 34, 0
  11              		.eabi_attribute 18, 4
  12              		.code	16
  13              		.file	"cyfitter_cfg.c"
  14              		.text
  15              	.Ltext0:
  16              		.cfi_sections	.debug_frame
  17              		.section	.text.CYMEMZERO,"ax",%progbits
  18              		.align	2
  19              		.code	16
  20              		.thumb_func
  21              		.type	CYMEMZERO, %function
  22              	CYMEMZERO:
  23              	.LFB2:
  24              		.file 1 "Generated_Source\\PSoC4\\cyfitter_cfg.c"
   1:Generated_Source\PSoC4/cyfitter_cfg.c **** /*******************************************************************************
   2:Generated_Source\PSoC4/cyfitter_cfg.c **** * File Name: cyfitter_cfg.c
   3:Generated_Source\PSoC4/cyfitter_cfg.c **** * 
   4:Generated_Source\PSoC4/cyfitter_cfg.c **** * PSoC Creator  4.0
   5:Generated_Source\PSoC4/cyfitter_cfg.c **** *
   6:Generated_Source\PSoC4/cyfitter_cfg.c **** * Description:
   7:Generated_Source\PSoC4/cyfitter_cfg.c **** * This file contains device initialization code.
   8:Generated_Source\PSoC4/cyfitter_cfg.c **** * Except for the user defined sections in CyClockStartupError(), this file should not be modified.
   9:Generated_Source\PSoC4/cyfitter_cfg.c **** * This file is automatically generated by PSoC Creator.
  10:Generated_Source\PSoC4/cyfitter_cfg.c **** *
  11:Generated_Source\PSoC4/cyfitter_cfg.c **** ********************************************************************************
  12:Generated_Source\PSoC4/cyfitter_cfg.c **** * Copyright (c) 2007-2016 Cypress Semiconductor.  All rights reserved.
  13:Generated_Source\PSoC4/cyfitter_cfg.c **** * You may use this file only in accordance with the license, terms, conditions, 
  14:Generated_Source\PSoC4/cyfitter_cfg.c **** * disclaimers, and limitations in the end user license agreement accompanying 
  15:Generated_Source\PSoC4/cyfitter_cfg.c **** * the software package with which this file was provided.
  16:Generated_Source\PSoC4/cyfitter_cfg.c **** ********************************************************************************/
  17:Generated_Source\PSoC4/cyfitter_cfg.c **** 
  18:Generated_Source\PSoC4/cyfitter_cfg.c **** #include <string.h>
  19:Generated_Source\PSoC4/cyfitter_cfg.c **** #include "cytypes.h"
  20:Generated_Source\PSoC4/cyfitter_cfg.c **** #include "cydevice_trm.h"
  21:Generated_Source\PSoC4/cyfitter_cfg.c **** #include "cyfitter.h"
  22:Generated_Source\PSoC4/cyfitter_cfg.c **** #include "CyLib.h"
  23:Generated_Source\PSoC4/cyfitter_cfg.c **** #include "CyLFClk.h"
  24:Generated_Source\PSoC4/cyfitter_cfg.c **** #include "cyfitter_cfg.h"
  25:Generated_Source\PSoC4/cyfitter_cfg.c **** #include "cyapicallbacks.h"
  26:Generated_Source\PSoC4/cyfitter_cfg.c **** 
  27:Generated_Source\PSoC4/cyfitter_cfg.c **** 
  28:Generated_Source\PSoC4/cyfitter_cfg.c **** #if defined(__GNUC__) || defined(__ARMCC_VERSION)
  29:Generated_Source\PSoC4/cyfitter_cfg.c ****     #define CYPACKED 
  30:Generated_Source\PSoC4/cyfitter_cfg.c ****     #define CYPACKED_ATTR __attribute__ ((packed))
  31:Generated_Source\PSoC4/cyfitter_cfg.c ****     #define CYALIGNED __attribute__ ((aligned))
  32:Generated_Source\PSoC4/cyfitter_cfg.c ****     #define CY_CFG_UNUSED __attribute__ ((unused))
  33:Generated_Source\PSoC4/cyfitter_cfg.c ****     #ifndef CY_CFG_SECTION
ARM GAS  C:\Users\Davit\AppData\Local\Temp\ccTDn23Y.s 			page 2


  34:Generated_Source\PSoC4/cyfitter_cfg.c ****         #define CY_CFG_SECTION __attribute__ ((section(".psocinit")))
  35:Generated_Source\PSoC4/cyfitter_cfg.c ****     #endif
  36:Generated_Source\PSoC4/cyfitter_cfg.c ****     
  37:Generated_Source\PSoC4/cyfitter_cfg.c ****     #if defined(__ARMCC_VERSION)
  38:Generated_Source\PSoC4/cyfitter_cfg.c ****         #define CY_CFG_MEMORY_BARRIER() __memory_changed()
  39:Generated_Source\PSoC4/cyfitter_cfg.c ****     #else
  40:Generated_Source\PSoC4/cyfitter_cfg.c ****         #define CY_CFG_MEMORY_BARRIER() __sync_synchronize()
  41:Generated_Source\PSoC4/cyfitter_cfg.c ****     #endif
  42:Generated_Source\PSoC4/cyfitter_cfg.c ****     
  43:Generated_Source\PSoC4/cyfitter_cfg.c **** #elif defined(__ICCARM__)
  44:Generated_Source\PSoC4/cyfitter_cfg.c ****     #include <intrinsics.h>
  45:Generated_Source\PSoC4/cyfitter_cfg.c **** 
  46:Generated_Source\PSoC4/cyfitter_cfg.c ****     #define CYPACKED __packed
  47:Generated_Source\PSoC4/cyfitter_cfg.c ****     #define CYPACKED_ATTR 
  48:Generated_Source\PSoC4/cyfitter_cfg.c ****     #define CYALIGNED _Pragma("data_alignment=4")
  49:Generated_Source\PSoC4/cyfitter_cfg.c ****     #define CY_CFG_UNUSED _Pragma("diag_suppress=Pe177")
  50:Generated_Source\PSoC4/cyfitter_cfg.c ****     #define CY_CFG_SECTION _Pragma("location=\".psocinit\"")
  51:Generated_Source\PSoC4/cyfitter_cfg.c ****     
  52:Generated_Source\PSoC4/cyfitter_cfg.c ****     #define CY_CFG_MEMORY_BARRIER() __DMB()
  53:Generated_Source\PSoC4/cyfitter_cfg.c ****     
  54:Generated_Source\PSoC4/cyfitter_cfg.c **** #else
  55:Generated_Source\PSoC4/cyfitter_cfg.c ****     #error Unsupported toolchain
  56:Generated_Source\PSoC4/cyfitter_cfg.c **** #endif
  57:Generated_Source\PSoC4/cyfitter_cfg.c **** 
  58:Generated_Source\PSoC4/cyfitter_cfg.c **** 
  59:Generated_Source\PSoC4/cyfitter_cfg.c **** CY_CFG_UNUSED
  60:Generated_Source\PSoC4/cyfitter_cfg.c **** static void CYMEMZERO(void *s, size_t n);
  61:Generated_Source\PSoC4/cyfitter_cfg.c **** CY_CFG_UNUSED
  62:Generated_Source\PSoC4/cyfitter_cfg.c **** static void CYMEMZERO(void *s, size_t n)
  63:Generated_Source\PSoC4/cyfitter_cfg.c **** {
  25              		.loc 1 63 0
  26              		.cfi_startproc
  27 0000 80B5     		push	{r7, lr}
  28              		.cfi_def_cfa_offset 8
  29              		.cfi_offset 7, -8
  30              		.cfi_offset 14, -4
  31 0002 82B0     		sub	sp, sp, #8
  32              		.cfi_def_cfa_offset 16
  33 0004 00AF     		add	r7, sp, #0
  34              		.cfi_def_cfa_register 7
  35 0006 7860     		str	r0, [r7, #4]
  36 0008 3960     		str	r1, [r7]
  64:Generated_Source\PSoC4/cyfitter_cfg.c **** 	(void)memset(s, 0, n);
  37              		.loc 1 64 0
  38 000a 7A68     		ldr	r2, [r7, #4]
  39 000c 3B68     		ldr	r3, [r7]
  40 000e 101C     		mov	r0, r2
  41 0010 0021     		mov	r1, #0
  42 0012 1A1C     		mov	r2, r3
  43 0014 FFF7FEFF 		bl	memset
  65:Generated_Source\PSoC4/cyfitter_cfg.c **** }
  44              		.loc 1 65 0
  45 0018 BD46     		mov	sp, r7
  46 001a 02B0     		add	sp, sp, #8
  47              		@ sp needed
  48 001c 80BD     		pop	{r7, pc}
  49              		.cfi_endproc
ARM GAS  C:\Users\Davit\AppData\Local\Temp\ccTDn23Y.s 			page 3


  50              	.LFE2:
  51              		.size	CYMEMZERO, .-CYMEMZERO
  52 001e C046     		.section	.text.CYCONFIGCPY,"ax",%progbits
  53              		.align	2
  54              		.code	16
  55              		.thumb_func
  56              		.type	CYCONFIGCPY, %function
  57              	CYCONFIGCPY:
  58              	.LFB3:
  66:Generated_Source\PSoC4/cyfitter_cfg.c **** CY_CFG_UNUSED
  67:Generated_Source\PSoC4/cyfitter_cfg.c **** static void CYCONFIGCPY(void *dest, const void *src, size_t n);
  68:Generated_Source\PSoC4/cyfitter_cfg.c **** CY_CFG_UNUSED
  69:Generated_Source\PSoC4/cyfitter_cfg.c **** static void CYCONFIGCPY(void *dest, const void *src, size_t n)
  70:Generated_Source\PSoC4/cyfitter_cfg.c **** {
  59              		.loc 1 70 0
  60              		.cfi_startproc
  61 0000 80B5     		push	{r7, lr}
  62              		.cfi_def_cfa_offset 8
  63              		.cfi_offset 7, -8
  64              		.cfi_offset 14, -4
  65 0002 84B0     		sub	sp, sp, #16
  66              		.cfi_def_cfa_offset 24
  67 0004 00AF     		add	r7, sp, #0
  68              		.cfi_def_cfa_register 7
  69 0006 F860     		str	r0, [r7, #12]
  70 0008 B960     		str	r1, [r7, #8]
  71 000a 7A60     		str	r2, [r7, #4]
  71:Generated_Source\PSoC4/cyfitter_cfg.c **** 	(void)memcpy(dest, src, n);
  72              		.loc 1 71 0
  73 000c F968     		ldr	r1, [r7, #12]
  74 000e BA68     		ldr	r2, [r7, #8]
  75 0010 7B68     		ldr	r3, [r7, #4]
  76 0012 081C     		mov	r0, r1
  77 0014 111C     		mov	r1, r2
  78 0016 1A1C     		mov	r2, r3
  79 0018 FFF7FEFF 		bl	memcpy
  72:Generated_Source\PSoC4/cyfitter_cfg.c **** }
  80              		.loc 1 72 0
  81 001c BD46     		mov	sp, r7
  82 001e 04B0     		add	sp, sp, #16
  83              		@ sp needed
  84 0020 80BD     		pop	{r7, pc}
  85              		.cfi_endproc
  86              	.LFE3:
  87              		.size	CYCONFIGCPY, .-CYCONFIGCPY
  88 0022 C046     		.section	.text.CYCONFIGCPYCODE,"ax",%progbits
  89              		.align	2
  90              		.code	16
  91              		.thumb_func
  92              		.type	CYCONFIGCPYCODE, %function
  93              	CYCONFIGCPYCODE:
  94              	.LFB4:
  73:Generated_Source\PSoC4/cyfitter_cfg.c **** CY_CFG_UNUSED
  74:Generated_Source\PSoC4/cyfitter_cfg.c **** static void CYCONFIGCPYCODE(void *dest, const void *src, size_t n);
  75:Generated_Source\PSoC4/cyfitter_cfg.c **** CY_CFG_UNUSED
  76:Generated_Source\PSoC4/cyfitter_cfg.c **** static void CYCONFIGCPYCODE(void *dest, const void *src, size_t n)
  77:Generated_Source\PSoC4/cyfitter_cfg.c **** {
ARM GAS  C:\Users\Davit\AppData\Local\Temp\ccTDn23Y.s 			page 4


  95              		.loc 1 77 0
  96              		.cfi_startproc
  97 0000 80B5     		push	{r7, lr}
  98              		.cfi_def_cfa_offset 8
  99              		.cfi_offset 7, -8
 100              		.cfi_offset 14, -4
 101 0002 84B0     		sub	sp, sp, #16
 102              		.cfi_def_cfa_offset 24
 103 0004 00AF     		add	r7, sp, #0
 104              		.cfi_def_cfa_register 7
 105 0006 F860     		str	r0, [r7, #12]
 106 0008 B960     		str	r1, [r7, #8]
 107 000a 7A60     		str	r2, [r7, #4]
  78:Generated_Source\PSoC4/cyfitter_cfg.c **** 	(void)memcpy(dest, src, n);
 108              		.loc 1 78 0
 109 000c F968     		ldr	r1, [r7, #12]
 110 000e BA68     		ldr	r2, [r7, #8]
 111 0010 7B68     		ldr	r3, [r7, #4]
 112 0012 081C     		mov	r0, r1
 113 0014 111C     		mov	r1, r2
 114 0016 1A1C     		mov	r2, r3
 115 0018 FFF7FEFF 		bl	memcpy
  79:Generated_Source\PSoC4/cyfitter_cfg.c **** }
 116              		.loc 1 79 0
 117 001c BD46     		mov	sp, r7
 118 001e 04B0     		add	sp, sp, #16
 119              		@ sp needed
 120 0020 80BD     		pop	{r7, pc}
 121              		.cfi_endproc
 122              	.LFE4:
 123              		.size	CYCONFIGCPYCODE, .-CYCONFIGCPYCODE
 124 0022 C046     		.section	.psocinit,"ax",%progbits
 125              		.align	2
 126              		.code	16
 127              		.thumb_func
 128              		.type	ClockSetup, %function
 129              	ClockSetup:
 130              	.LFB5:
  80:Generated_Source\PSoC4/cyfitter_cfg.c **** 
  81:Generated_Source\PSoC4/cyfitter_cfg.c **** 
  82:Generated_Source\PSoC4/cyfitter_cfg.c **** 
  83:Generated_Source\PSoC4/cyfitter_cfg.c **** 
  84:Generated_Source\PSoC4/cyfitter_cfg.c **** /* Clock startup error codes                                                   */
  85:Generated_Source\PSoC4/cyfitter_cfg.c **** #define CYCLOCKSTART_NO_ERROR    0u
  86:Generated_Source\PSoC4/cyfitter_cfg.c **** #define CYCLOCKSTART_XTAL_ERROR  1u
  87:Generated_Source\PSoC4/cyfitter_cfg.c **** #define CYCLOCKSTART_32KHZ_ERROR 2u
  88:Generated_Source\PSoC4/cyfitter_cfg.c **** #define CYCLOCKSTART_PLL_ERROR   3u
  89:Generated_Source\PSoC4/cyfitter_cfg.c **** 
  90:Generated_Source\PSoC4/cyfitter_cfg.c **** 
  91:Generated_Source\PSoC4/cyfitter_cfg.c **** #ifdef CY_NEED_CYCLOCKSTARTUPERROR
  92:Generated_Source\PSoC4/cyfitter_cfg.c **** /*******************************************************************************
  93:Generated_Source\PSoC4/cyfitter_cfg.c **** * Function Name: CyClockStartupError
  94:Generated_Source\PSoC4/cyfitter_cfg.c **** ********************************************************************************
  95:Generated_Source\PSoC4/cyfitter_cfg.c **** * Summary:
  96:Generated_Source\PSoC4/cyfitter_cfg.c **** *  If an error is encountered during clock configuration (crystal startup error,
  97:Generated_Source\PSoC4/cyfitter_cfg.c **** *  PLL lock error, etc.), the system will end up here.  Unless reimplemented by
  98:Generated_Source\PSoC4/cyfitter_cfg.c **** *  the customer, this function will stop in an infinite loop.
ARM GAS  C:\Users\Davit\AppData\Local\Temp\ccTDn23Y.s 			page 5


  99:Generated_Source\PSoC4/cyfitter_cfg.c **** *
 100:Generated_Source\PSoC4/cyfitter_cfg.c **** * Parameters:
 101:Generated_Source\PSoC4/cyfitter_cfg.c **** *   void
 102:Generated_Source\PSoC4/cyfitter_cfg.c **** *
 103:Generated_Source\PSoC4/cyfitter_cfg.c **** * Return:
 104:Generated_Source\PSoC4/cyfitter_cfg.c **** *   void
 105:Generated_Source\PSoC4/cyfitter_cfg.c **** *
 106:Generated_Source\PSoC4/cyfitter_cfg.c **** *******************************************************************************/
 107:Generated_Source\PSoC4/cyfitter_cfg.c **** CY_CFG_UNUSED
 108:Generated_Source\PSoC4/cyfitter_cfg.c **** static void CyClockStartupError(uint8 errorCode);
 109:Generated_Source\PSoC4/cyfitter_cfg.c **** CY_CFG_UNUSED
 110:Generated_Source\PSoC4/cyfitter_cfg.c **** static void CyClockStartupError(uint8 errorCode)
 111:Generated_Source\PSoC4/cyfitter_cfg.c **** {
 112:Generated_Source\PSoC4/cyfitter_cfg.c ****     /* To remove the compiler warning if errorCode not used.                */
 113:Generated_Source\PSoC4/cyfitter_cfg.c ****     errorCode = errorCode;
 114:Generated_Source\PSoC4/cyfitter_cfg.c **** 
 115:Generated_Source\PSoC4/cyfitter_cfg.c ****     /* If we have a clock startup error (bad MHz crystal, PLL lock, etc.),  */
 116:Generated_Source\PSoC4/cyfitter_cfg.c ****     /* we will end up here to allow the customer to implement something to  */
 117:Generated_Source\PSoC4/cyfitter_cfg.c ****     /* deal with the clock condition.                                       */
 118:Generated_Source\PSoC4/cyfitter_cfg.c **** 
 119:Generated_Source\PSoC4/cyfitter_cfg.c **** #ifdef CY_CFG_CLOCK_STARTUP_ERROR_CALLBACK
 120:Generated_Source\PSoC4/cyfitter_cfg.c **** 	CY_CFG_Clock_Startup_ErrorCallback();
 121:Generated_Source\PSoC4/cyfitter_cfg.c **** #else
 122:Generated_Source\PSoC4/cyfitter_cfg.c **** 	/*  If not using CY_CFG_CLOCK_STARTUP_ERROR_CALLBACK, place your clock startup code here. */
 123:Generated_Source\PSoC4/cyfitter_cfg.c ****     /* `#START CyClockStartupError` */
 124:Generated_Source\PSoC4/cyfitter_cfg.c **** 
 125:Generated_Source\PSoC4/cyfitter_cfg.c **** 
 126:Generated_Source\PSoC4/cyfitter_cfg.c **** 
 127:Generated_Source\PSoC4/cyfitter_cfg.c ****     /* `#END` */
 128:Generated_Source\PSoC4/cyfitter_cfg.c **** 
 129:Generated_Source\PSoC4/cyfitter_cfg.c ****     /* If nothing else, stop here since the clocks have not started         */
 130:Generated_Source\PSoC4/cyfitter_cfg.c ****     /* correctly.                                                           */
 131:Generated_Source\PSoC4/cyfitter_cfg.c ****     while(1) {}
 132:Generated_Source\PSoC4/cyfitter_cfg.c **** #endif /* CY_CFG_CLOCK_STARTUP_ERROR_CALLBACK */ 
 133:Generated_Source\PSoC4/cyfitter_cfg.c **** }
 134:Generated_Source\PSoC4/cyfitter_cfg.c **** #endif
 135:Generated_Source\PSoC4/cyfitter_cfg.c **** 
 136:Generated_Source\PSoC4/cyfitter_cfg.c **** 
 137:Generated_Source\PSoC4/cyfitter_cfg.c **** 
 138:Generated_Source\PSoC4/cyfitter_cfg.c **** /*******************************************************************************
 139:Generated_Source\PSoC4/cyfitter_cfg.c **** * Function Name: ClockSetup
 140:Generated_Source\PSoC4/cyfitter_cfg.c **** ********************************************************************************
 141:Generated_Source\PSoC4/cyfitter_cfg.c **** *
 142:Generated_Source\PSoC4/cyfitter_cfg.c **** * Summary:
 143:Generated_Source\PSoC4/cyfitter_cfg.c **** *   Performs the initialization of all of the clocks in the device based on the
 144:Generated_Source\PSoC4/cyfitter_cfg.c **** *   settings in the Clock tab of the DWR.  This includes enabling the requested
 145:Generated_Source\PSoC4/cyfitter_cfg.c **** *   clocks and setting the necessary dividers to produce the desired frequency. 
 146:Generated_Source\PSoC4/cyfitter_cfg.c **** *
 147:Generated_Source\PSoC4/cyfitter_cfg.c **** * Parameters:
 148:Generated_Source\PSoC4/cyfitter_cfg.c **** *   void
 149:Generated_Source\PSoC4/cyfitter_cfg.c **** *
 150:Generated_Source\PSoC4/cyfitter_cfg.c **** * Return:
 151:Generated_Source\PSoC4/cyfitter_cfg.c **** *   void
 152:Generated_Source\PSoC4/cyfitter_cfg.c **** *
 153:Generated_Source\PSoC4/cyfitter_cfg.c **** *******************************************************************************/
 154:Generated_Source\PSoC4/cyfitter_cfg.c **** static void ClockSetup(void);
 155:Generated_Source\PSoC4/cyfitter_cfg.c **** CY_CFG_SECTION
ARM GAS  C:\Users\Davit\AppData\Local\Temp\ccTDn23Y.s 			page 6


 156:Generated_Source\PSoC4/cyfitter_cfg.c **** static void ClockSetup(void)
 157:Generated_Source\PSoC4/cyfitter_cfg.c **** {
 131              		.loc 1 157 0
 132              		.cfi_startproc
 133 0000 80B5     		push	{r7, lr}
 134              		.cfi_def_cfa_offset 8
 135              		.cfi_offset 7, -8
 136              		.cfi_offset 14, -4
 137 0002 00AF     		add	r7, sp, #0
 138              		.cfi_def_cfa_register 7
 158:Generated_Source\PSoC4/cyfitter_cfg.c **** 
 159:Generated_Source\PSoC4/cyfitter_cfg.c **** 	/* Set Flash Cycles based on max possible frequency in case a glitch occurs during ClockSetup(). *
 160:Generated_Source\PSoC4/cyfitter_cfg.c **** 	CY_SET_REG32((void CYXDATA *)(CYREG_CPUSS_FLASH_CTL), (0x0012u));
 139              		.loc 1 160 0
 140 0004 284B     		ldr	r3, .L5
 141 0006 1222     		mov	r2, #18
 142 0008 1A60     		str	r2, [r3]
 161:Generated_Source\PSoC4/cyfitter_cfg.c **** 
 162:Generated_Source\PSoC4/cyfitter_cfg.c **** 	/* Start the WCO */
 163:Generated_Source\PSoC4/cyfitter_cfg.c **** 	CySysClkWcoStart();
 143              		.loc 1 163 0
 144 000a FFF7FEFF 		bl	CySysClkWcoStart
 164:Generated_Source\PSoC4/cyfitter_cfg.c **** 	CyDelayCycles(12000000u); /* WCO may take up to 500ms to start */
 145              		.loc 1 164 0
 146 000e 274B     		ldr	r3, .L5+4
 147 0010 181C     		mov	r0, r3
 148 0012 FFF7FEFF 		bl	CyDelayCycles
 165:Generated_Source\PSoC4/cyfitter_cfg.c **** 	(void)CySysClkWcoSetPowerMode(CY_SYS_CLK_WCO_LPM);    /* Switch to the low power mode */
 149              		.loc 1 165 0
 150 0016 0120     		mov	r0, #1
 151 0018 FFF7FEFF 		bl	CySysClkWcoSetPowerMode
 166:Generated_Source\PSoC4/cyfitter_cfg.c **** 
 167:Generated_Source\PSoC4/cyfitter_cfg.c **** 	/* Setup and trim IMO based on desired frequency. */
 168:Generated_Source\PSoC4/cyfitter_cfg.c **** 	CySysClkWriteImoFreq(48u);
 152              		.loc 1 168 0
 153 001c 3020     		mov	r0, #48
 154 001e FFF7FEFF 		bl	CySysClkWriteImoFreq
 169:Generated_Source\PSoC4/cyfitter_cfg.c **** 	/* CYDEV_CLK_ILO_CONFIG Starting address: CYDEV_CLK_ILO_CONFIG */
 170:Generated_Source\PSoC4/cyfitter_cfg.c **** 	CY_SET_XTND_REG32((void CYFAR *)(CYREG_CLK_ILO_CONFIG), 0x80000006u);
 155              		.loc 1 170 0
 156 0022 234B     		ldr	r3, .L5+8
 157 0024 234A     		ldr	r2, .L5+12
 158 0026 1A60     		str	r2, [r3]
 171:Generated_Source\PSoC4/cyfitter_cfg.c **** 
 172:Generated_Source\PSoC4/cyfitter_cfg.c **** 	/* CYDEV_WDT_CONFIG Starting address: CYDEV_WDT_CONFIG */
 173:Generated_Source\PSoC4/cyfitter_cfg.c **** 	CY_SET_XTND_REG32((void CYFAR *)(CYREG_WDT_CONFIG), 0x40000000u);
 159              		.loc 1 173 0
 160 0028 234B     		ldr	r3, .L5+16
 161 002a 8022     		mov	r2, #128
 162 002c D205     		lsl	r2, r2, #23
 163 002e 1A60     		str	r2, [r3]
 174:Generated_Source\PSoC4/cyfitter_cfg.c **** 
 175:Generated_Source\PSoC4/cyfitter_cfg.c **** 
 176:Generated_Source\PSoC4/cyfitter_cfg.c **** 	/* Enable fast start mode for XO */
 177:Generated_Source\PSoC4/cyfitter_cfg.c **** 	CY_SET_REG32((void*)CYREG_BLE_BLERD_BB_XO, CY_GET_REG32((void*)CYREG_BLE_BLERD_BB_XO) | (uint32)0x
 164              		.loc 1 177 0
 165 0030 224B     		ldr	r3, .L5+20
ARM GAS  C:\Users\Davit\AppData\Local\Temp\ccTDn23Y.s 			page 7


 166 0032 224A     		ldr	r2, .L5+20
 167 0034 1268     		ldr	r2, [r2]
 168 0036 0221     		mov	r1, #2
 169 0038 0A43     		orr	r2, r1
 170 003a 1A60     		str	r2, [r3]
 178:Generated_Source\PSoC4/cyfitter_cfg.c **** 	CY_SET_XTND_REG32((void CYFAR *)(CYREG_BLE_BLERD_BB_XO_CAPTRIM), 0x00003E2Du);
 171              		.loc 1 178 0
 172 003c 204B     		ldr	r3, .L5+24
 173 003e 214A     		ldr	r2, .L5+28
 174 0040 1A60     		str	r2, [r3]
 179:Generated_Source\PSoC4/cyfitter_cfg.c **** 	/*Set XTAL(ECO) divider*/
 180:Generated_Source\PSoC4/cyfitter_cfg.c **** 	CY_SET_XTND_REG32((void CYFAR *)(CYREG_BLE_BLESS_XTAL_CLK_DIV_CONFIG), 0x00000000u);
 175              		.loc 1 180 0
 176 0042 214B     		ldr	r3, .L5+32
 177 0044 0022     		mov	r2, #0
 178 0046 1A60     		str	r2, [r3]
 181:Generated_Source\PSoC4/cyfitter_cfg.c **** 	/* Disable Crystal Stable Interrupt before enabling ECO */
 182:Generated_Source\PSoC4/cyfitter_cfg.c **** 	CY_SET_REG32((void*)CYREG_BLE_BLESS_LL_DSM_CTRL, CY_GET_REG32((void*)CYREG_BLE_BLESS_LL_DSM_CTRL) 
 179              		.loc 1 182 0
 180 0048 204B     		ldr	r3, .L5+36
 181 004a 204A     		ldr	r2, .L5+36
 182 004c 1268     		ldr	r2, [r2]
 183 004e 0821     		mov	r1, #8
 184 0050 8A43     		bic	r2, r1
 185 0052 1A60     		str	r2, [r3]
 183:Generated_Source\PSoC4/cyfitter_cfg.c **** 	/* Start the ECO and do not check status since it is not needed for HFCLK */
 184:Generated_Source\PSoC4/cyfitter_cfg.c **** 	(void)CySysClkEcoStart(2000u);
 186              		.loc 1 184 0
 187 0054 FA23     		mov	r3, #250
 188 0056 DB00     		lsl	r3, r3, #3
 189 0058 181C     		mov	r0, r3
 190 005a FFF7FEFF 		bl	CySysClkEcoStart
 185:Generated_Source\PSoC4/cyfitter_cfg.c **** 	CyDelayUs(1500u); /* Wait to stabalize */
 191              		.loc 1 185 0
 192 005e 1C4B     		ldr	r3, .L5+40
 193 0060 181C     		mov	r0, r3
 194 0062 FFF7FEFF 		bl	CyDelayUs
 186:Generated_Source\PSoC4/cyfitter_cfg.c **** 
 187:Generated_Source\PSoC4/cyfitter_cfg.c **** 	/* Setup phase aligned clocks */
 188:Generated_Source\PSoC4/cyfitter_cfg.c **** 	CY_SET_REG32((void *)CYREG_PERI_DIV_16_CTL0, 0x00002F00u);
 195              		.loc 1 188 0
 196 0066 1B4B     		ldr	r3, .L5+44
 197 0068 BC22     		mov	r2, #188
 198 006a 9201     		lsl	r2, r2, #6
 199 006c 1A60     		str	r2, [r3]
 189:Generated_Source\PSoC4/cyfitter_cfg.c **** 	CY_SET_REG32((void *)CYREG_PERI_DIV_CMD, 0x8000FF40u);
 200              		.loc 1 189 0
 201 006e 1A4B     		ldr	r3, .L5+48
 202 0070 1A4A     		ldr	r2, .L5+52
 203 0072 1A60     		str	r2, [r3]
 190:Generated_Source\PSoC4/cyfitter_cfg.c **** 
 191:Generated_Source\PSoC4/cyfitter_cfg.c **** 	/* CYDEV_CLK_IMO_CONFIG Starting address: CYDEV_CLK_IMO_CONFIG */
 192:Generated_Source\PSoC4/cyfitter_cfg.c **** 	CY_SET_XTND_REG32((void CYFAR *)(CYREG_CLK_IMO_CONFIG), 0x82000000u);
 204              		.loc 1 192 0
 205 0074 1A4B     		ldr	r3, .L5+56
 206 0076 8222     		mov	r2, #130
 207 0078 1206     		lsl	r2, r2, #24
ARM GAS  C:\Users\Davit\AppData\Local\Temp\ccTDn23Y.s 			page 8


 208 007a 1A60     		str	r2, [r3]
 193:Generated_Source\PSoC4/cyfitter_cfg.c **** 
 194:Generated_Source\PSoC4/cyfitter_cfg.c **** 	/* CYDEV_CLK_SELECT Starting address: CYDEV_CLK_SELECT */
 195:Generated_Source\PSoC4/cyfitter_cfg.c **** 	CY_SET_XTND_REG32((void CYFAR *)(CYREG_CLK_SELECT), 0x00040000u);
 209              		.loc 1 195 0
 210 007c 194B     		ldr	r3, .L5+60
 211 007e 8022     		mov	r2, #128
 212 0080 D202     		lsl	r2, r2, #11
 213 0082 1A60     		str	r2, [r3]
 196:Generated_Source\PSoC4/cyfitter_cfg.c **** 
 197:Generated_Source\PSoC4/cyfitter_cfg.c **** 	/* CYDEV_PERI_PCLK_CTL6 Starting address: CYDEV_PERI_PCLK_CTL6 */
 198:Generated_Source\PSoC4/cyfitter_cfg.c **** 	CY_SET_XTND_REG32((void CYFAR *)(CYREG_PERI_PCLK_CTL6), 0x00000040u);
 214              		.loc 1 198 0
 215 0084 184B     		ldr	r3, .L5+64
 216 0086 4022     		mov	r2, #64
 217 0088 1A60     		str	r2, [r3]
 199:Generated_Source\PSoC4/cyfitter_cfg.c **** 
 200:Generated_Source\PSoC4/cyfitter_cfg.c **** 	(void)CyIntSetVector(8u, &CySysWdtIsr);
 218              		.loc 1 200 0
 219 008a 184B     		ldr	r3, .L5+68
 220 008c 0820     		mov	r0, #8
 221 008e 191C     		mov	r1, r3
 222 0090 FFF7FEFF 		bl	CyIntSetVector
 201:Generated_Source\PSoC4/cyfitter_cfg.c **** 	CyIntEnable(8u);
 223              		.loc 1 201 0
 224 0094 0820     		mov	r0, #8
 225 0096 FFF7FEFF 		bl	CyIntEnable
 202:Generated_Source\PSoC4/cyfitter_cfg.c **** 	CY_SET_XTND_REG32((void CYFAR *)(CYREG_WDT_CONFIG), 0x40000000u);
 226              		.loc 1 202 0
 227 009a 074B     		ldr	r3, .L5+16
 228 009c 8022     		mov	r2, #128
 229 009e D205     		lsl	r2, r2, #23
 230 00a0 1A60     		str	r2, [r3]
 203:Generated_Source\PSoC4/cyfitter_cfg.c **** }
 231              		.loc 1 203 0
 232 00a2 BD46     		mov	sp, r7
 233              		@ sp needed
 234 00a4 80BD     		pop	{r7, pc}
 235              	.L6:
 236 00a6 C046     		.align	2
 237              	.L5:
 238 00a8 30001040 		.word	1074790448
 239 00ac 001BB700 		.word	12000000
 240 00b0 04010B40 		.word	1074462980
 241 00b4 06000080 		.word	-2147483642
 242 00b8 0C020B40 		.word	1074463244
 243 00bc 78002E40 		.word	1076756600
 244 00c0 7C002E40 		.word	1076756604
 245 00c4 2D3E0000 		.word	15917
 246 00c8 64F02E40 		.word	1076818020
 247 00cc 6CF02E40 		.word	1076818028
 248 00d0 DC050000 		.word	1500
 249 00d4 00030140 		.word	1073808128
 250 00d8 00000140 		.word	1073807360
 251 00dc 40FF0080 		.word	-2147418304
 252 00e0 08010B40 		.word	1074462984
 253 00e4 00010B40 		.word	1074462976
ARM GAS  C:\Users\Davit\AppData\Local\Temp\ccTDn23Y.s 			page 9


 254 00e8 18010140 		.word	1073807640
 255 00ec 00000000 		.word	CySysWdtIsr
 256              		.cfi_endproc
 257              	.LFE5:
 258              		.size	ClockSetup, .-ClockSetup
 259              		.section	.text.AnalogSetDefault,"ax",%progbits
 260              		.align	2
 261              		.code	16
 262              		.thumb_func
 263              		.type	AnalogSetDefault, %function
 264              	AnalogSetDefault:
 265              	.LFB6:
 204:Generated_Source\PSoC4/cyfitter_cfg.c **** 
 205:Generated_Source\PSoC4/cyfitter_cfg.c **** 
 206:Generated_Source\PSoC4/cyfitter_cfg.c **** /* Analog API Functions */
 207:Generated_Source\PSoC4/cyfitter_cfg.c **** 
 208:Generated_Source\PSoC4/cyfitter_cfg.c **** 
 209:Generated_Source\PSoC4/cyfitter_cfg.c **** /*******************************************************************************
 210:Generated_Source\PSoC4/cyfitter_cfg.c **** * Function Name: AnalogSetDefault
 211:Generated_Source\PSoC4/cyfitter_cfg.c **** ********************************************************************************
 212:Generated_Source\PSoC4/cyfitter_cfg.c **** *
 213:Generated_Source\PSoC4/cyfitter_cfg.c **** * Summary:
 214:Generated_Source\PSoC4/cyfitter_cfg.c **** *  Sets up the analog portions of the chip to default values based on chip
 215:Generated_Source\PSoC4/cyfitter_cfg.c **** *  configuration options from the project.
 216:Generated_Source\PSoC4/cyfitter_cfg.c **** *
 217:Generated_Source\PSoC4/cyfitter_cfg.c **** * Parameters:
 218:Generated_Source\PSoC4/cyfitter_cfg.c **** *  void
 219:Generated_Source\PSoC4/cyfitter_cfg.c **** *
 220:Generated_Source\PSoC4/cyfitter_cfg.c **** * Return:
 221:Generated_Source\PSoC4/cyfitter_cfg.c **** *  void
 222:Generated_Source\PSoC4/cyfitter_cfg.c **** *
 223:Generated_Source\PSoC4/cyfitter_cfg.c **** *******************************************************************************/
 224:Generated_Source\PSoC4/cyfitter_cfg.c **** static void AnalogSetDefault(void);
 225:Generated_Source\PSoC4/cyfitter_cfg.c **** static void AnalogSetDefault(void)
 226:Generated_Source\PSoC4/cyfitter_cfg.c **** {
 266              		.loc 1 226 0
 267              		.cfi_startproc
 268 0000 80B5     		push	{r7, lr}
 269              		.cfi_def_cfa_offset 8
 270              		.cfi_offset 7, -8
 271              		.cfi_offset 14, -4
 272 0002 00AF     		add	r7, sp, #0
 273              		.cfi_def_cfa_register 7
 227:Generated_Source\PSoC4/cyfitter_cfg.c **** 	CY_SET_XTND_REG32((void CYFAR *)CYREG_CTBM0_DFT_CTRL, 0x00000003u);
 274              		.loc 1 227 0
 275 0004 0A4B     		ldr	r3, .L8
 276 0006 0322     		mov	r2, #3
 277 0008 1A60     		str	r2, [r3]
 228:Generated_Source\PSoC4/cyfitter_cfg.c **** 	CY_SET_XTND_REG32((void CYFAR *)CYREG_CTBM1_DFT_CTRL, 0x00000003u);
 278              		.loc 1 228 0
 279 000a 0A4B     		ldr	r3, .L8+4
 280 000c 0322     		mov	r2, #3
 281 000e 1A60     		str	r2, [r3]
 229:Generated_Source\PSoC4/cyfitter_cfg.c **** 	CY_SET_XTND_REG32((void CYFAR *)CYREG_SAR_CTRL, 0x80000000u);
 282              		.loc 1 229 0
 283 0010 094B     		ldr	r3, .L8+8
 284 0012 8022     		mov	r2, #128
ARM GAS  C:\Users\Davit\AppData\Local\Temp\ccTDn23Y.s 			page 10


 285 0014 1206     		lsl	r2, r2, #24
 286 0016 1A60     		str	r2, [r3]
 230:Generated_Source\PSoC4/cyfitter_cfg.c **** 	CY_SET_XTND_REG32((void CYFAR *)CYREG_SAR_MUX_SWITCH0, 0x00000001u);
 287              		.loc 1 230 0
 288 0018 084B     		ldr	r3, .L8+12
 289 001a 0122     		mov	r2, #1
 290 001c 1A60     		str	r2, [r3]
 231:Generated_Source\PSoC4/cyfitter_cfg.c **** 	CY_SET_XTND_REG32((void CYFAR *)CYREG_PASS_DSAB_DSAB_CTRL, 0x00000000u);
 291              		.loc 1 231 0
 292 001e 084B     		ldr	r3, .L8+16
 293 0020 0022     		mov	r2, #0
 294 0022 1A60     		str	r2, [r3]
 232:Generated_Source\PSoC4/cyfitter_cfg.c **** 	SetAnalogRoutingPumps(1);
 295              		.loc 1 232 0
 296 0024 0120     		mov	r0, #1
 297 0026 FFF7FEFF 		bl	SetAnalogRoutingPumps
 233:Generated_Source\PSoC4/cyfitter_cfg.c **** }
 298              		.loc 1 233 0
 299 002a BD46     		mov	sp, r7
 300              		@ sp needed
 301 002c 80BD     		pop	{r7, pc}
 302              	.L9:
 303 002e C046     		.align	2
 304              	.L8:
 305 0030 30003040 		.word	1076887600
 306 0034 30003140 		.word	1076953136
 307 0038 00003A40 		.word	1077542912
 308 003c 00033A40 		.word	1077543680
 309 0040 000E3F40 		.word	1077874176
 310              		.cfi_endproc
 311              	.LFE6:
 312              		.size	AnalogSetDefault, .-AnalogSetDefault
 313              		.section	.text.SetAnalogRoutingPumps,"ax",%progbits
 314              		.align	2
 315              		.global	SetAnalogRoutingPumps
 316              		.code	16
 317              		.thumb_func
 318              		.type	SetAnalogRoutingPumps, %function
 319              	SetAnalogRoutingPumps:
 320              	.LFB7:
 234:Generated_Source\PSoC4/cyfitter_cfg.c **** 
 235:Generated_Source\PSoC4/cyfitter_cfg.c **** 
 236:Generated_Source\PSoC4/cyfitter_cfg.c **** /*******************************************************************************
 237:Generated_Source\PSoC4/cyfitter_cfg.c **** * Function Name: SetAnalogRoutingPumps
 238:Generated_Source\PSoC4/cyfitter_cfg.c **** ********************************************************************************
 239:Generated_Source\PSoC4/cyfitter_cfg.c **** *
 240:Generated_Source\PSoC4/cyfitter_cfg.c **** * Summary:
 241:Generated_Source\PSoC4/cyfitter_cfg.c **** * Enables or disables the analog pumps feeding analog routing switches.
 242:Generated_Source\PSoC4/cyfitter_cfg.c **** * Intended to be called at startup, based on the Vdda system configuration;
 243:Generated_Source\PSoC4/cyfitter_cfg.c **** * may be called during operation when the user informs us that the Vdda voltage crossed the pump th
 244:Generated_Source\PSoC4/cyfitter_cfg.c **** *
 245:Generated_Source\PSoC4/cyfitter_cfg.c **** * Parameters:
 246:Generated_Source\PSoC4/cyfitter_cfg.c **** *  enabled - 1 to enable the pumps, 0 to disable the pumps
 247:Generated_Source\PSoC4/cyfitter_cfg.c **** *
 248:Generated_Source\PSoC4/cyfitter_cfg.c **** * Return:
 249:Generated_Source\PSoC4/cyfitter_cfg.c **** *  void
 250:Generated_Source\PSoC4/cyfitter_cfg.c **** *
ARM GAS  C:\Users\Davit\AppData\Local\Temp\ccTDn23Y.s 			page 11


 251:Generated_Source\PSoC4/cyfitter_cfg.c **** *******************************************************************************/
 252:Generated_Source\PSoC4/cyfitter_cfg.c **** void SetAnalogRoutingPumps(uint8 enabled)
 253:Generated_Source\PSoC4/cyfitter_cfg.c **** {
 321              		.loc 1 253 0
 322              		.cfi_startproc
 323 0000 80B5     		push	{r7, lr}
 324              		.cfi_def_cfa_offset 8
 325              		.cfi_offset 7, -8
 326              		.cfi_offset 14, -4
 327 0002 84B0     		sub	sp, sp, #16
 328              		.cfi_def_cfa_offset 24
 329 0004 00AF     		add	r7, sp, #0
 330              		.cfi_def_cfa_register 7
 331 0006 021C     		mov	r2, r0
 332 0008 FB1D     		add	r3, r7, #7
 333 000a 1A70     		strb	r2, [r3]
 254:Generated_Source\PSoC4/cyfitter_cfg.c **** 	uint32 regValue = CY_GET_XTND_REG32((void *)(CYREG_SAR_PUMP_CTRL));
 334              		.loc 1 254 0
 335 000c 0B4B     		ldr	r3, .L13
 336 000e 1B68     		ldr	r3, [r3]
 337 0010 FB60     		str	r3, [r7, #12]
 255:Generated_Source\PSoC4/cyfitter_cfg.c **** 	if (enabled != 0u)
 338              		.loc 1 255 0
 339 0012 FB1D     		add	r3, r7, #7
 340 0014 1B78     		ldrb	r3, [r3]
 341 0016 002B     		cmp	r3, #0
 342 0018 05D0     		beq	.L11
 256:Generated_Source\PSoC4/cyfitter_cfg.c **** 	{
 257:Generated_Source\PSoC4/cyfitter_cfg.c **** 		regValue |= 0x80000000u;
 343              		.loc 1 257 0
 344 001a FB68     		ldr	r3, [r7, #12]
 345 001c 8022     		mov	r2, #128
 346 001e 1206     		lsl	r2, r2, #24
 347 0020 1343     		orr	r3, r2
 348 0022 FB60     		str	r3, [r7, #12]
 349 0024 03E0     		b	.L12
 350              	.L11:
 258:Generated_Source\PSoC4/cyfitter_cfg.c **** 	}
 259:Generated_Source\PSoC4/cyfitter_cfg.c **** 	else
 260:Generated_Source\PSoC4/cyfitter_cfg.c **** 	{
 261:Generated_Source\PSoC4/cyfitter_cfg.c **** 		regValue &= ~0x80000000u;
 351              		.loc 1 261 0
 352 0026 FB68     		ldr	r3, [r7, #12]
 353 0028 5B00     		lsl	r3, r3, #1
 354 002a 5B08     		lsr	r3, r3, #1
 355 002c FB60     		str	r3, [r7, #12]
 356              	.L12:
 262:Generated_Source\PSoC4/cyfitter_cfg.c **** 	}
 263:Generated_Source\PSoC4/cyfitter_cfg.c **** 	CY_SET_XTND_REG32((void *)(CYREG_SAR_PUMP_CTRL), regValue);
 357              		.loc 1 263 0
 358 002e 034B     		ldr	r3, .L13
 359 0030 FA68     		ldr	r2, [r7, #12]
 360 0032 1A60     		str	r2, [r3]
 264:Generated_Source\PSoC4/cyfitter_cfg.c **** }
 361              		.loc 1 264 0
 362 0034 BD46     		mov	sp, r7
 363 0036 04B0     		add	sp, sp, #16
ARM GAS  C:\Users\Davit\AppData\Local\Temp\ccTDn23Y.s 			page 12


 364              		@ sp needed
 365 0038 80BD     		pop	{r7, pc}
 366              	.L14:
 367 003a C046     		.align	2
 368              	.L13:
 369 003c 80033A40 		.word	1077543808
 370              		.cfi_endproc
 371              	.LFE7:
 372              		.size	SetAnalogRoutingPumps, .-SetAnalogRoutingPumps
 373              		.section	.psocinit
 374              		.align	2
 375              		.global	cyfitter_cfg
 376              		.code	16
 377              		.thumb_func
 378              		.type	cyfitter_cfg, %function
 379              	cyfitter_cfg:
 380              	.LFB8:
 265:Generated_Source\PSoC4/cyfitter_cfg.c **** 
 266:Generated_Source\PSoC4/cyfitter_cfg.c **** #define CY_AMUX_UNUSED CYREG_CM0_ROM_DWT
 267:Generated_Source\PSoC4/cyfitter_cfg.c **** 
 268:Generated_Source\PSoC4/cyfitter_cfg.c **** 
 269:Generated_Source\PSoC4/cyfitter_cfg.c **** /*******************************************************************************
 270:Generated_Source\PSoC4/cyfitter_cfg.c **** * Function Name: cyfitter_cfg
 271:Generated_Source\PSoC4/cyfitter_cfg.c **** ********************************************************************************
 272:Generated_Source\PSoC4/cyfitter_cfg.c **** * Summary:
 273:Generated_Source\PSoC4/cyfitter_cfg.c **** *  This function is called by the start-up code for the selected device. It
 274:Generated_Source\PSoC4/cyfitter_cfg.c **** *  performs all of the necessary device configuration based on the design
 275:Generated_Source\PSoC4/cyfitter_cfg.c **** *  settings.  This includes settings from the Design Wide Resources (DWR) such
 276:Generated_Source\PSoC4/cyfitter_cfg.c **** *  as Clocks and Pins as well as any component configuration that is necessary.
 277:Generated_Source\PSoC4/cyfitter_cfg.c **** *
 278:Generated_Source\PSoC4/cyfitter_cfg.c **** * Parameters:  
 279:Generated_Source\PSoC4/cyfitter_cfg.c **** *   void
 280:Generated_Source\PSoC4/cyfitter_cfg.c **** *
 281:Generated_Source\PSoC4/cyfitter_cfg.c **** * Return:
 282:Generated_Source\PSoC4/cyfitter_cfg.c **** *   void
 283:Generated_Source\PSoC4/cyfitter_cfg.c **** *
 284:Generated_Source\PSoC4/cyfitter_cfg.c **** *******************************************************************************/
 285:Generated_Source\PSoC4/cyfitter_cfg.c **** CY_CFG_SECTION
 286:Generated_Source\PSoC4/cyfitter_cfg.c **** void cyfitter_cfg(void)
 287:Generated_Source\PSoC4/cyfitter_cfg.c **** {
 381              		.loc 1 287 0
 382              		.cfi_startproc
 383 00f0 80B5     		push	{r7, lr}
 384              		.cfi_def_cfa_offset 8
 385              		.cfi_offset 7, -8
 386              		.cfi_offset 14, -4
 387 00f2 82B0     		sub	sp, sp, #8
 388              		.cfi_def_cfa_offset 16
 389 00f4 00AF     		add	r7, sp, #0
 390              		.cfi_def_cfa_register 7
 288:Generated_Source\PSoC4/cyfitter_cfg.c **** 	/* Disable interrupts by default. Let user enable if/when they want. */
 289:Generated_Source\PSoC4/cyfitter_cfg.c **** 	CyGlobalIntDisable;
 391              		.loc 1 289 0
 392              	@ 289 "Generated_Source\PSoC4\cyfitter_cfg.c" 1
 393 00f6 72B6     		CPSID   i
 394              	@ 0 "" 2
 290:Generated_Source\PSoC4/cyfitter_cfg.c **** 
ARM GAS  C:\Users\Davit\AppData\Local\Temp\ccTDn23Y.s 			page 13


 291:Generated_Source\PSoC4/cyfitter_cfg.c **** 	CY_SET_XTND_REG32((void CYFAR *)(CYREG_BLE_BLESS_LL_DSM_CTRL), 0x00000000u);
 395              		.loc 1 291 0
 396              		.code	16
 397 00f8 354B     		ldr	r3, .L18
 398 00fa 0022     		mov	r2, #0
 399 00fc 1A60     		str	r2, [r3]
 400              	.LBB2:
 292:Generated_Source\PSoC4/cyfitter_cfg.c **** 
 293:Generated_Source\PSoC4/cyfitter_cfg.c **** 	{
 294:Generated_Source\PSoC4/cyfitter_cfg.c **** 
 295:Generated_Source\PSoC4/cyfitter_cfg.c **** 		CYPACKED typedef struct {
 296:Generated_Source\PSoC4/cyfitter_cfg.c **** 			void CYFAR *address;
 297:Generated_Source\PSoC4/cyfitter_cfg.c **** 			uint16 size;
 298:Generated_Source\PSoC4/cyfitter_cfg.c **** 		} CYPACKED_ATTR cfg_memset_t;
 299:Generated_Source\PSoC4/cyfitter_cfg.c **** 
 300:Generated_Source\PSoC4/cyfitter_cfg.c **** 		static const cfg_memset_t CYCODE cfg_memset_list [] = {
 301:Generated_Source\PSoC4/cyfitter_cfg.c **** 			/* address, size */
 302:Generated_Source\PSoC4/cyfitter_cfg.c **** 			{(void CYFAR *)(CYDEV_UDB_P0_U0_BASE), 1024u},
 303:Generated_Source\PSoC4/cyfitter_cfg.c **** 			{(void CYFAR *)(CYDEV_UDB_DSI0_BASE), 1024u},
 304:Generated_Source\PSoC4/cyfitter_cfg.c **** 		};
 305:Generated_Source\PSoC4/cyfitter_cfg.c **** 
 306:Generated_Source\PSoC4/cyfitter_cfg.c **** 		uint8 CYDATA i;
 307:Generated_Source\PSoC4/cyfitter_cfg.c **** 
 308:Generated_Source\PSoC4/cyfitter_cfg.c **** 		/* Zero out critical memory blocks before beginning configuration */
 309:Generated_Source\PSoC4/cyfitter_cfg.c **** 		for (i = 0u; i < (sizeof(cfg_memset_list)/sizeof(cfg_memset_list[0])); i++)
 401              		.loc 1 309 0
 402 00fe FB1D     		add	r3, r7, #7
 403 0100 0022     		mov	r2, #0
 404 0102 1A70     		strb	r2, [r3]
 405 0104 23E0     		b	.L16
 406              	.L17:
 407              	.LBB3:
 310:Generated_Source\PSoC4/cyfitter_cfg.c **** 		{
 311:Generated_Source\PSoC4/cyfitter_cfg.c **** 			const cfg_memset_t CYCODE * CYDATA ms = &cfg_memset_list[i];
 408              		.loc 1 311 0 discriminator 3
 409 0106 FB1D     		add	r3, r7, #7
 410 0108 1A78     		ldrb	r2, [r3]
 411 010a 131C     		mov	r3, r2
 412 010c 5B00     		lsl	r3, r3, #1
 413 010e 9B18     		add	r3, r3, r2
 414 0110 5B00     		lsl	r3, r3, #1
 415 0112 304A     		ldr	r2, .L18+4
 416 0114 9B18     		add	r3, r3, r2
 417 0116 3B60     		str	r3, [r7]
 312:Generated_Source\PSoC4/cyfitter_cfg.c **** 			CYMEMZERO(ms->address, (size_t)(uint32)(ms->size));
 418              		.loc 1 312 0 discriminator 3
 419 0118 3B68     		ldr	r3, [r7]
 420 011a 1A78     		ldrb	r2, [r3]
 421 011c 5978     		ldrb	r1, [r3, #1]
 422 011e 0902     		lsl	r1, r1, #8
 423 0120 0A43     		orr	r2, r1
 424 0122 9978     		ldrb	r1, [r3, #2]
 425 0124 0904     		lsl	r1, r1, #16
 426 0126 0A43     		orr	r2, r1
 427 0128 DB78     		ldrb	r3, [r3, #3]
 428 012a 1B06     		lsl	r3, r3, #24
 429 012c 1343     		orr	r3, r2
ARM GAS  C:\Users\Davit\AppData\Local\Temp\ccTDn23Y.s 			page 14


 430 012e 191C     		mov	r1, r3
 431 0130 3B68     		ldr	r3, [r7]
 432 0132 1A79     		ldrb	r2, [r3, #4]
 433 0134 5B79     		ldrb	r3, [r3, #5]
 434 0136 1B02     		lsl	r3, r3, #8
 435 0138 1343     		orr	r3, r2
 436 013a 9BB2     		uxth	r3, r3
 437 013c 081C     		mov	r0, r1
 438 013e 191C     		mov	r1, r3
 439 0140 FFF7FEFF 		bl	CYMEMZERO
 440              	.LBE3:
 309:Generated_Source\PSoC4/cyfitter_cfg.c **** 		{
 441              		.loc 1 309 0 discriminator 3
 442 0144 FB1D     		add	r3, r7, #7
 443 0146 1A78     		ldrb	r2, [r3]
 444 0148 FB1D     		add	r3, r7, #7
 445 014a 0132     		add	r2, r2, #1
 446 014c 1A70     		strb	r2, [r3]
 447              	.L16:
 309:Generated_Source\PSoC4/cyfitter_cfg.c **** 		{
 448              		.loc 1 309 0 is_stmt 0 discriminator 1
 449 014e FB1D     		add	r3, r7, #7
 450 0150 1B78     		ldrb	r3, [r3]
 451 0152 012B     		cmp	r3, #1
 452 0154 D7D9     		bls	.L17
 313:Generated_Source\PSoC4/cyfitter_cfg.c **** 		}
 314:Generated_Source\PSoC4/cyfitter_cfg.c **** 
 315:Generated_Source\PSoC4/cyfitter_cfg.c **** 		/* HSIOM Starting address: CYDEV_HSIOM_BASE */
 316:Generated_Source\PSoC4/cyfitter_cfg.c **** 		CY_SET_XTND_REG32((void CYFAR *)(CYDEV_HSIOM_BASE), 0xEE000000u);
 453              		.loc 1 316 0 is_stmt 1
 454 0156 204B     		ldr	r3, .L18+8
 455 0158 EE22     		mov	r2, #238
 456 015a 1206     		lsl	r2, r2, #24
 457 015c 1A60     		str	r2, [r3]
 317:Generated_Source\PSoC4/cyfitter_cfg.c **** 
 318:Generated_Source\PSoC4/cyfitter_cfg.c **** 		/* UDB_PA_0 Starting address: CYDEV_UDB_PA0_BASE */
 319:Generated_Source\PSoC4/cyfitter_cfg.c **** 		CY_SET_XTND_REG32((void CYFAR *)(CYDEV_UDB_PA0_BASE), 0x00990000u);
 458              		.loc 1 319 0
 459 015e 1F4B     		ldr	r3, .L18+12
 460 0160 9922     		mov	r2, #153
 461 0162 1204     		lsl	r2, r2, #16
 462 0164 1A60     		str	r2, [r3]
 320:Generated_Source\PSoC4/cyfitter_cfg.c **** 
 321:Generated_Source\PSoC4/cyfitter_cfg.c **** 		/* UDB_PA_3 Starting address: CYDEV_UDB_PA3_BASE */
 322:Generated_Source\PSoC4/cyfitter_cfg.c **** 		CY_SET_XTND_REG32((void CYFAR *)(CYDEV_UDB_PA3_BASE), 0x00990000u);
 463              		.loc 1 322 0
 464 0166 1E4B     		ldr	r3, .L18+16
 465 0168 9922     		mov	r2, #153
 466 016a 1204     		lsl	r2, r2, #16
 467 016c 1A60     		str	r2, [r3]
 323:Generated_Source\PSoC4/cyfitter_cfg.c **** 
 324:Generated_Source\PSoC4/cyfitter_cfg.c **** 		/* Enable digital routing */
 325:Generated_Source\PSoC4/cyfitter_cfg.c **** 		CY_SET_XTND_REG8((void *)CYREG_UDB_UDBIF_BANK_CTL, CY_GET_XTND_REG8((void *)CYREG_UDB_UDBIF_BANK_
 468              		.loc 1 325 0
 469 016e 1D4A     		ldr	r2, .L18+20
 470 0170 1C4B     		ldr	r3, .L18+20
 471 0172 1B78     		ldrb	r3, [r3]
ARM GAS  C:\Users\Davit\AppData\Local\Temp\ccTDn23Y.s 			page 15


 472 0174 DBB2     		uxtb	r3, r3
 473 0176 0221     		mov	r1, #2
 474 0178 0B43     		orr	r3, r1
 475 017a DBB2     		uxtb	r3, r3
 476 017c 1370     		strb	r3, [r2]
 326:Generated_Source\PSoC4/cyfitter_cfg.c **** 
 327:Generated_Source\PSoC4/cyfitter_cfg.c **** 		/* Enable UDB array */
 328:Generated_Source\PSoC4/cyfitter_cfg.c **** 		CY_SET_XTND_REG8((void *)CYREG_UDB_UDBIF_WAIT_CFG, (uint8)((CY_GET_XTND_REG8((void *)CYREG_UDB_UD
 477              		.loc 1 328 0
 478 017e 1A4A     		ldr	r2, .L18+24
 479 0180 194B     		ldr	r3, .L18+24
 480 0182 1B78     		ldrb	r3, [r3]
 481 0184 DBB2     		uxtb	r3, r3
 482 0186 3C21     		mov	r1, #60
 483 0188 8B43     		bic	r3, r1
 484 018a DBB2     		uxtb	r3, r3
 485 018c 1421     		mov	r1, #20
 486 018e 0B43     		orr	r3, r1
 487 0190 DBB2     		uxtb	r3, r3
 488 0192 1370     		strb	r3, [r2]
 329:Generated_Source\PSoC4/cyfitter_cfg.c **** 		CY_SET_XTND_REG8((void *)CYREG_UDB_UDBIF_BANK_CTL, (uint8)(CY_GET_XTND_REG8((void *)CYREG_UDB_UDB
 489              		.loc 1 329 0
 490 0194 134A     		ldr	r2, .L18+20
 491 0196 134B     		ldr	r3, .L18+20
 492 0198 1B78     		ldrb	r3, [r3]
 493 019a DBB2     		uxtb	r3, r3
 494 019c 1621     		mov	r1, #22
 495 019e 0B43     		orr	r3, r1
 496 01a0 DBB2     		uxtb	r3, r3
 497 01a2 1370     		strb	r3, [r2]
 498              	.LBE2:
 330:Generated_Source\PSoC4/cyfitter_cfg.c **** 	}
 331:Generated_Source\PSoC4/cyfitter_cfg.c **** 
 332:Generated_Source\PSoC4/cyfitter_cfg.c **** 	/* Perform second pass device configuration. These items must be configured in specific order afte
 333:Generated_Source\PSoC4/cyfitter_cfg.c **** 	/* IOPINS0_0 Starting address: CYDEV_GPIO_PRT0_BASE */
 334:Generated_Source\PSoC4/cyfitter_cfg.c **** 	CY_SET_XTND_REG32((void CYFAR *)(CYREG_GPIO_PRT0_PC), 0x00D80000u);
 499              		.loc 1 334 0
 500 01a4 114B     		ldr	r3, .L18+28
 501 01a6 D822     		mov	r2, #216
 502 01a8 1204     		lsl	r2, r2, #16
 503 01aa 1A60     		str	r2, [r3]
 335:Generated_Source\PSoC4/cyfitter_cfg.c **** 
 336:Generated_Source\PSoC4/cyfitter_cfg.c **** 	/* IOPINS0_3 Starting address: CYDEV_GPIO_PRT3_BASE */
 337:Generated_Source\PSoC4/cyfitter_cfg.c **** 	CY_SET_XTND_REG32((void CYFAR *)(CYDEV_GPIO_PRT3_BASE), 0x00000081u);
 504              		.loc 1 337 0
 505 01ac 104B     		ldr	r3, .L18+32
 506 01ae 8122     		mov	r2, #129
 507 01b0 1A60     		str	r2, [r3]
 338:Generated_Source\PSoC4/cyfitter_cfg.c **** 	CY_SET_XTND_REG32((void CYFAR *)(CYREG_GPIO_PRT3_PC), 0x00C00000u);
 508              		.loc 1 338 0
 509 01b2 104B     		ldr	r3, .L18+36
 510 01b4 C022     		mov	r2, #192
 511 01b6 1204     		lsl	r2, r2, #16
 512 01b8 1A60     		str	r2, [r3]
 339:Generated_Source\PSoC4/cyfitter_cfg.c **** 	CY_SET_XTND_REG32((void CYFAR *)(CYREG_GPIO_PRT3_PC2), 0x00000001u);
 513              		.loc 1 339 0
 514 01ba 0F4B     		ldr	r3, .L18+40
ARM GAS  C:\Users\Davit\AppData\Local\Temp\ccTDn23Y.s 			page 16


 515 01bc 0122     		mov	r2, #1
 516 01be 1A60     		str	r2, [r3]
 340:Generated_Source\PSoC4/cyfitter_cfg.c **** 
 341:Generated_Source\PSoC4/cyfitter_cfg.c **** 
 342:Generated_Source\PSoC4/cyfitter_cfg.c **** 	/* Setup clocks based on selections from Clock DWR */
 343:Generated_Source\PSoC4/cyfitter_cfg.c **** 	ClockSetup();
 517              		.loc 1 343 0
 518 01c0 FFF71EFF 		bl	ClockSetup
 344:Generated_Source\PSoC4/cyfitter_cfg.c **** 
 345:Generated_Source\PSoC4/cyfitter_cfg.c **** 	/* Perform basic analog initialization to defaults */
 346:Generated_Source\PSoC4/cyfitter_cfg.c **** 	AnalogSetDefault();
 519              		.loc 1 346 0
 520 01c4 FFF7FEFF 		bl	AnalogSetDefault
 347:Generated_Source\PSoC4/cyfitter_cfg.c **** 
 348:Generated_Source\PSoC4/cyfitter_cfg.c **** }
 521              		.loc 1 348 0
 522 01c8 BD46     		mov	sp, r7
 523 01ca 02B0     		add	sp, sp, #8
 524              		@ sp needed
 525 01cc 80BD     		pop	{r7, pc}
 526              	.L19:
 527 01ce C046     		.align	2
 528              	.L18:
 529 01d0 6CF02E40 		.word	1076818028
 530 01d4 00000000 		.word	cfg_memset_list.4768
 531 01d8 00000240 		.word	1073872896
 532 01dc 00500F40 		.word	1074745344
 533 01e0 30500F40 		.word	1074745392
 534 01e4 00700F40 		.word	1074753536
 535 01e8 01700F40 		.word	1074753537
 536 01ec 08000440 		.word	1074003976
 537 01f0 00030440 		.word	1074004736
 538 01f4 08030440 		.word	1074004744
 539 01f8 18030440 		.word	1074004760
 540              		.cfi_endproc
 541              	.LFE8:
 542              		.size	cyfitter_cfg, .-cyfitter_cfg
 543              		.section	.rodata
 544              		.align	2
 545              		.type	cfg_memset_list.4768, %object
 546              		.size	cfg_memset_list.4768, 12
 547              	cfg_memset_list.4768:
 548 0000 00300F40 		.word	1074737152
 549 0004 0004     		.short	1024
 550 0006 00400F40 		.4byte	1074741248
 551 000a 0004     		.short	1024
 552              		.text
 553              	.Letext0:
 554              		.file 2 "c:\\program files (x86)\\cypress\\psoc creator\\4.0\\psoc creator\\import\\gnu\\arm\\4.9.
 555              		.file 3 "Generated_Source\\PSoC4\\cytypes.h"
 556              		.section	.debug_info,"",%progbits
 557              	.Ldebug_info0:
 558 0000 80020000 		.4byte	0x280
 559 0004 0400     		.2byte	0x4
 560 0006 00000000 		.4byte	.Ldebug_abbrev0
 561 000a 04       		.byte	0x4
 562 000b 01       		.uleb128 0x1
ARM GAS  C:\Users\Davit\AppData\Local\Temp\ccTDn23Y.s 			page 17


 563 000c CB000000 		.4byte	.LASF31
 564 0010 01       		.byte	0x1
 565 0011 E3010000 		.4byte	.LASF32
 566 0015 1E020000 		.4byte	.LASF33
 567 0019 00000000 		.4byte	.Ldebug_ranges0+0
 568 001d 00000000 		.4byte	0
 569 0021 00000000 		.4byte	.Ldebug_line0
 570 0025 02       		.uleb128 0x2
 571 0026 04       		.byte	0x4
 572 0027 05       		.byte	0x5
 573 0028 696E7400 		.ascii	"int\000"
 574 002c 03       		.uleb128 0x3
 575 002d 16000000 		.4byte	.LASF11
 576 0031 02       		.byte	0x2
 577 0032 D4       		.byte	0xd4
 578 0033 37000000 		.4byte	0x37
 579 0037 04       		.uleb128 0x4
 580 0038 04       		.byte	0x4
 581 0039 07       		.byte	0x7
 582 003a 67010000 		.4byte	.LASF0
 583 003e 04       		.uleb128 0x4
 584 003f 01       		.byte	0x1
 585 0040 06       		.byte	0x6
 586 0041 D7010000 		.4byte	.LASF1
 587 0045 04       		.uleb128 0x4
 588 0046 01       		.byte	0x1
 589 0047 08       		.byte	0x8
 590 0048 A9000000 		.4byte	.LASF2
 591 004c 04       		.uleb128 0x4
 592 004d 02       		.byte	0x2
 593 004e 05       		.byte	0x5
 594 004f BC010000 		.4byte	.LASF3
 595 0053 04       		.uleb128 0x4
 596 0054 02       		.byte	0x2
 597 0055 07       		.byte	0x7
 598 0056 49000000 		.4byte	.LASF4
 599 005a 04       		.uleb128 0x4
 600 005b 04       		.byte	0x4
 601 005c 05       		.byte	0x5
 602 005d CE010000 		.4byte	.LASF5
 603 0061 04       		.uleb128 0x4
 604 0062 04       		.byte	0x4
 605 0063 07       		.byte	0x7
 606 0064 71000000 		.4byte	.LASF6
 607 0068 04       		.uleb128 0x4
 608 0069 08       		.byte	0x8
 609 006a 05       		.byte	0x5
 610 006b A9010000 		.4byte	.LASF7
 611 006f 04       		.uleb128 0x4
 612 0070 08       		.byte	0x8
 613 0071 07       		.byte	0x7
 614 0072 7C010000 		.4byte	.LASF8
 615 0076 04       		.uleb128 0x4
 616 0077 04       		.byte	0x4
 617 0078 07       		.byte	0x7
 618 0079 A0010000 		.4byte	.LASF9
 619 007d 05       		.uleb128 0x5
ARM GAS  C:\Users\Davit\AppData\Local\Temp\ccTDn23Y.s 			page 18


 620 007e 04       		.byte	0x4
 621 007f 04       		.uleb128 0x4
 622 0080 01       		.byte	0x1
 623 0081 08       		.byte	0x8
 624 0082 B7010000 		.4byte	.LASF10
 625 0086 06       		.uleb128 0x6
 626 0087 83000000 		.4byte	.LASF12
 627 008b 03       		.byte	0x3
 628 008c B901     		.2byte	0x1b9
 629 008e 45000000 		.4byte	0x45
 630 0092 06       		.uleb128 0x6
 631 0093 59010000 		.4byte	.LASF13
 632 0097 03       		.byte	0x3
 633 0098 BA01     		.2byte	0x1ba
 634 009a 53000000 		.4byte	0x53
 635 009e 06       		.uleb128 0x6
 636 009f 60010000 		.4byte	.LASF14
 637 00a3 03       		.byte	0x3
 638 00a4 BB01     		.2byte	0x1bb
 639 00a6 61000000 		.4byte	0x61
 640 00aa 04       		.uleb128 0x4
 641 00ab 04       		.byte	0x4
 642 00ac 04       		.byte	0x4
 643 00ad 5C000000 		.4byte	.LASF15
 644 00b1 04       		.uleb128 0x4
 645 00b2 08       		.byte	0x8
 646 00b3 04       		.byte	0x4
 647 00b4 B7000000 		.4byte	.LASF16
 648 00b8 06       		.uleb128 0x6
 649 00b9 6C000000 		.4byte	.LASF17
 650 00bd 03       		.byte	0x3
 651 00be 6302     		.2byte	0x263
 652 00c0 C4000000 		.4byte	0xc4
 653 00c4 07       		.uleb128 0x7
 654 00c5 86000000 		.4byte	0x86
 655 00c9 06       		.uleb128 0x6
 656 00ca 10000000 		.4byte	.LASF18
 657 00ce 03       		.byte	0x3
 658 00cf 6502     		.2byte	0x265
 659 00d1 D5000000 		.4byte	0xd5
 660 00d5 07       		.uleb128 0x7
 661 00d6 9E000000 		.4byte	0x9e
 662 00da 08       		.uleb128 0x8
 663 00db 89000000 		.4byte	.LASF19
 664 00df 01       		.byte	0x1
 665 00e0 3E       		.byte	0x3e
 666 00e1 00000000 		.4byte	.LFB2
 667 00e5 1E000000 		.4byte	.LFE2-.LFB2
 668 00e9 01       		.uleb128 0x1
 669 00ea 9C       		.byte	0x9c
 670 00eb 08010000 		.4byte	0x108
 671 00ef 09       		.uleb128 0x9
 672 00f0 7300     		.ascii	"s\000"
 673 00f2 01       		.byte	0x1
 674 00f3 3E       		.byte	0x3e
 675 00f4 7D000000 		.4byte	0x7d
 676 00f8 02       		.uleb128 0x2
ARM GAS  C:\Users\Davit\AppData\Local\Temp\ccTDn23Y.s 			page 19


 677 00f9 91       		.byte	0x91
 678 00fa 74       		.sleb128 -12
 679 00fb 09       		.uleb128 0x9
 680 00fc 6E00     		.ascii	"n\000"
 681 00fe 01       		.byte	0x1
 682 00ff 3E       		.byte	0x3e
 683 0100 2C000000 		.4byte	0x2c
 684 0104 02       		.uleb128 0x2
 685 0105 91       		.byte	0x91
 686 0106 70       		.sleb128 -16
 687 0107 00       		.byte	0
 688 0108 08       		.uleb128 0x8
 689 0109 12020000 		.4byte	.LASF20
 690 010d 01       		.byte	0x1
 691 010e 45       		.byte	0x45
 692 010f 00000000 		.4byte	.LFB3
 693 0113 22000000 		.4byte	.LFE3-.LFB3
 694 0117 01       		.uleb128 0x1
 695 0118 9C       		.byte	0x9c
 696 0119 46010000 		.4byte	0x146
 697 011d 0A       		.uleb128 0xa
 698 011e 62000000 		.4byte	.LASF21
 699 0122 01       		.byte	0x1
 700 0123 45       		.byte	0x45
 701 0124 7D000000 		.4byte	0x7d
 702 0128 02       		.uleb128 0x2
 703 0129 91       		.byte	0x91
 704 012a 74       		.sleb128 -12
 705 012b 09       		.uleb128 0x9
 706 012c 73726300 		.ascii	"src\000"
 707 0130 01       		.byte	0x1
 708 0131 45       		.byte	0x45
 709 0132 46010000 		.4byte	0x146
 710 0136 02       		.uleb128 0x2
 711 0137 91       		.byte	0x91
 712 0138 70       		.sleb128 -16
 713 0139 09       		.uleb128 0x9
 714 013a 6E00     		.ascii	"n\000"
 715 013c 01       		.byte	0x1
 716 013d 45       		.byte	0x45
 717 013e 2C000000 		.4byte	0x2c
 718 0142 02       		.uleb128 0x2
 719 0143 91       		.byte	0x91
 720 0144 6C       		.sleb128 -20
 721 0145 00       		.byte	0
 722 0146 0B       		.uleb128 0xb
 723 0147 04       		.byte	0x4
 724 0148 4C010000 		.4byte	0x14c
 725 014c 0C       		.uleb128 0xc
 726 014d 08       		.uleb128 0x8
 727 014e 00000000 		.4byte	.LASF22
 728 0152 01       		.byte	0x1
 729 0153 4C       		.byte	0x4c
 730 0154 00000000 		.4byte	.LFB4
 731 0158 22000000 		.4byte	.LFE4-.LFB4
 732 015c 01       		.uleb128 0x1
 733 015d 9C       		.byte	0x9c
ARM GAS  C:\Users\Davit\AppData\Local\Temp\ccTDn23Y.s 			page 20


 734 015e 8B010000 		.4byte	0x18b
 735 0162 0A       		.uleb128 0xa
 736 0163 62000000 		.4byte	.LASF21
 737 0167 01       		.byte	0x1
 738 0168 4C       		.byte	0x4c
 739 0169 7D000000 		.4byte	0x7d
 740 016d 02       		.uleb128 0x2
 741 016e 91       		.byte	0x91
 742 016f 74       		.sleb128 -12
 743 0170 09       		.uleb128 0x9
 744 0171 73726300 		.ascii	"src\000"
 745 0175 01       		.byte	0x1
 746 0176 4C       		.byte	0x4c
 747 0177 46010000 		.4byte	0x146
 748 017b 02       		.uleb128 0x2
 749 017c 91       		.byte	0x91
 750 017d 70       		.sleb128 -16
 751 017e 09       		.uleb128 0x9
 752 017f 6E00     		.ascii	"n\000"
 753 0181 01       		.byte	0x1
 754 0182 4C       		.byte	0x4c
 755 0183 2C000000 		.4byte	0x2c
 756 0187 02       		.uleb128 0x2
 757 0188 91       		.byte	0x91
 758 0189 6C       		.sleb128 -20
 759 018a 00       		.byte	0
 760 018b 0D       		.uleb128 0xd
 761 018c 3E000000 		.4byte	.LASF23
 762 0190 01       		.byte	0x1
 763 0191 9C       		.byte	0x9c
 764 0192 00000000 		.4byte	.LFB5
 765 0196 F0000000 		.4byte	.LFE5-.LFB5
 766 019a 01       		.uleb128 0x1
 767 019b 9C       		.byte	0x9c
 768 019c 0D       		.uleb128 0xd
 769 019d 1D000000 		.4byte	.LASF24
 770 01a1 01       		.byte	0x1
 771 01a2 E1       		.byte	0xe1
 772 01a3 00000000 		.4byte	.LFB6
 773 01a7 44000000 		.4byte	.LFE6-.LFB6
 774 01ab 01       		.uleb128 0x1
 775 01ac 9C       		.byte	0x9c
 776 01ad 0E       		.uleb128 0xe
 777 01ae 93000000 		.4byte	.LASF34
 778 01b2 01       		.byte	0x1
 779 01b3 FC       		.byte	0xfc
 780 01b4 00000000 		.4byte	.LFB7
 781 01b8 40000000 		.4byte	.LFE7-.LFB7
 782 01bc 01       		.uleb128 0x1
 783 01bd 9C       		.byte	0x9c
 784 01be DF010000 		.4byte	0x1df
 785 01c2 0A       		.uleb128 0xa
 786 01c3 C6010000 		.4byte	.LASF25
 787 01c7 01       		.byte	0x1
 788 01c8 FC       		.byte	0xfc
 789 01c9 86000000 		.4byte	0x86
 790 01cd 02       		.uleb128 0x2
ARM GAS  C:\Users\Davit\AppData\Local\Temp\ccTDn23Y.s 			page 21


 791 01ce 91       		.byte	0x91
 792 01cf 6F       		.sleb128 -17
 793 01d0 0F       		.uleb128 0xf
 794 01d1 09020000 		.4byte	.LASF29
 795 01d5 01       		.byte	0x1
 796 01d6 FE       		.byte	0xfe
 797 01d7 9E000000 		.4byte	0x9e
 798 01db 02       		.uleb128 0x2
 799 01dc 91       		.byte	0x91
 800 01dd 74       		.sleb128 -12
 801 01de 00       		.byte	0
 802 01df 10       		.uleb128 0x10
 803 01e0 BE000000 		.4byte	.LASF35
 804 01e4 01       		.byte	0x1
 805 01e5 1E01     		.2byte	0x11e
 806 01e7 F0000000 		.4byte	.LFB8
 807 01eb 0C010000 		.4byte	.LFE8-.LFB8
 808 01ef 01       		.uleb128 0x1
 809 01f0 9C       		.byte	0x9c
 810 01f1 11       		.uleb128 0x11
 811 01f2 FE000000 		.4byte	.LBB2
 812 01f6 A6000000 		.4byte	.LBE2-.LBB2
 813 01fa 12       		.uleb128 0x12
 814 01fb 06       		.byte	0x6
 815 01fc 01       		.byte	0x1
 816 01fd 2701     		.2byte	0x127
 817 01ff 1E020000 		.4byte	0x21e
 818 0203 13       		.uleb128 0x13
 819 0204 74010000 		.4byte	.LASF26
 820 0208 01       		.byte	0x1
 821 0209 2801     		.2byte	0x128
 822 020b 7D000000 		.4byte	0x7d
 823 020f 00       		.byte	0
 824 0210 13       		.uleb128 0x13
 825 0211 67000000 		.4byte	.LASF27
 826 0215 01       		.byte	0x1
 827 0216 2901     		.2byte	0x129
 828 0218 92000000 		.4byte	0x92
 829 021c 04       		.byte	0x4
 830 021d 00       		.byte	0
 831 021e 06       		.uleb128 0x6
 832 021f 93010000 		.4byte	.LASF28
 833 0223 01       		.byte	0x1
 834 0224 2A01     		.2byte	0x12a
 835 0226 FA010000 		.4byte	0x1fa
 836 022a 14       		.uleb128 0x14
 837 022b 1E020000 		.4byte	0x21e
 838 022f 3A020000 		.4byte	0x23a
 839 0233 15       		.uleb128 0x15
 840 0234 76000000 		.4byte	0x76
 841 0238 01       		.byte	0x1
 842 0239 00       		.byte	0
 843 023a 16       		.uleb128 0x16
 844 023b 2E000000 		.4byte	.LASF30
 845 023f 01       		.byte	0x1
 846 0240 2C01     		.2byte	0x12c
 847 0242 4C020000 		.4byte	0x24c
ARM GAS  C:\Users\Davit\AppData\Local\Temp\ccTDn23Y.s 			page 22


 848 0246 05       		.uleb128 0x5
 849 0247 03       		.byte	0x3
 850 0248 00000000 		.4byte	cfg_memset_list.4768
 851 024c 17       		.uleb128 0x17
 852 024d 2A020000 		.4byte	0x22a
 853 0251 18       		.uleb128 0x18
 854 0252 6900     		.ascii	"i\000"
 855 0254 01       		.byte	0x1
 856 0255 3201     		.2byte	0x132
 857 0257 86000000 		.4byte	0x86
 858 025b 02       		.uleb128 0x2
 859 025c 91       		.byte	0x91
 860 025d 77       		.sleb128 -9
 861 025e 11       		.uleb128 0x11
 862 025f 06010000 		.4byte	.LBB3
 863 0263 3E000000 		.4byte	.LBE3-.LBB3
 864 0267 18       		.uleb128 0x18
 865 0268 6D7300   		.ascii	"ms\000"
 866 026b 01       		.byte	0x1
 867 026c 3701     		.2byte	0x137
 868 026e 75020000 		.4byte	0x275
 869 0272 02       		.uleb128 0x2
 870 0273 91       		.byte	0x91
 871 0274 70       		.sleb128 -16
 872 0275 0B       		.uleb128 0xb
 873 0276 04       		.byte	0x4
 874 0277 7B020000 		.4byte	0x27b
 875 027b 17       		.uleb128 0x17
 876 027c 1E020000 		.4byte	0x21e
 877 0280 00       		.byte	0
 878 0281 00       		.byte	0
 879 0282 00       		.byte	0
 880 0283 00       		.byte	0
 881              		.section	.debug_abbrev,"",%progbits
 882              	.Ldebug_abbrev0:
 883 0000 01       		.uleb128 0x1
 884 0001 11       		.uleb128 0x11
 885 0002 01       		.byte	0x1
 886 0003 25       		.uleb128 0x25
 887 0004 0E       		.uleb128 0xe
 888 0005 13       		.uleb128 0x13
 889 0006 0B       		.uleb128 0xb
 890 0007 03       		.uleb128 0x3
 891 0008 0E       		.uleb128 0xe
 892 0009 1B       		.uleb128 0x1b
 893 000a 0E       		.uleb128 0xe
 894 000b 55       		.uleb128 0x55
 895 000c 17       		.uleb128 0x17
 896 000d 11       		.uleb128 0x11
 897 000e 01       		.uleb128 0x1
 898 000f 10       		.uleb128 0x10
 899 0010 17       		.uleb128 0x17
 900 0011 00       		.byte	0
 901 0012 00       		.byte	0
 902 0013 02       		.uleb128 0x2
 903 0014 24       		.uleb128 0x24
 904 0015 00       		.byte	0
ARM GAS  C:\Users\Davit\AppData\Local\Temp\ccTDn23Y.s 			page 23


 905 0016 0B       		.uleb128 0xb
 906 0017 0B       		.uleb128 0xb
 907 0018 3E       		.uleb128 0x3e
 908 0019 0B       		.uleb128 0xb
 909 001a 03       		.uleb128 0x3
 910 001b 08       		.uleb128 0x8
 911 001c 00       		.byte	0
 912 001d 00       		.byte	0
 913 001e 03       		.uleb128 0x3
 914 001f 16       		.uleb128 0x16
 915 0020 00       		.byte	0
 916 0021 03       		.uleb128 0x3
 917 0022 0E       		.uleb128 0xe
 918 0023 3A       		.uleb128 0x3a
 919 0024 0B       		.uleb128 0xb
 920 0025 3B       		.uleb128 0x3b
 921 0026 0B       		.uleb128 0xb
 922 0027 49       		.uleb128 0x49
 923 0028 13       		.uleb128 0x13
 924 0029 00       		.byte	0
 925 002a 00       		.byte	0
 926 002b 04       		.uleb128 0x4
 927 002c 24       		.uleb128 0x24
 928 002d 00       		.byte	0
 929 002e 0B       		.uleb128 0xb
 930 002f 0B       		.uleb128 0xb
 931 0030 3E       		.uleb128 0x3e
 932 0031 0B       		.uleb128 0xb
 933 0032 03       		.uleb128 0x3
 934 0033 0E       		.uleb128 0xe
 935 0034 00       		.byte	0
 936 0035 00       		.byte	0
 937 0036 05       		.uleb128 0x5
 938 0037 0F       		.uleb128 0xf
 939 0038 00       		.byte	0
 940 0039 0B       		.uleb128 0xb
 941 003a 0B       		.uleb128 0xb
 942 003b 00       		.byte	0
 943 003c 00       		.byte	0
 944 003d 06       		.uleb128 0x6
 945 003e 16       		.uleb128 0x16
 946 003f 00       		.byte	0
 947 0040 03       		.uleb128 0x3
 948 0041 0E       		.uleb128 0xe
 949 0042 3A       		.uleb128 0x3a
 950 0043 0B       		.uleb128 0xb
 951 0044 3B       		.uleb128 0x3b
 952 0045 05       		.uleb128 0x5
 953 0046 49       		.uleb128 0x49
 954 0047 13       		.uleb128 0x13
 955 0048 00       		.byte	0
 956 0049 00       		.byte	0
 957 004a 07       		.uleb128 0x7
 958 004b 35       		.uleb128 0x35
 959 004c 00       		.byte	0
 960 004d 49       		.uleb128 0x49
 961 004e 13       		.uleb128 0x13
ARM GAS  C:\Users\Davit\AppData\Local\Temp\ccTDn23Y.s 			page 24


 962 004f 00       		.byte	0
 963 0050 00       		.byte	0
 964 0051 08       		.uleb128 0x8
 965 0052 2E       		.uleb128 0x2e
 966 0053 01       		.byte	0x1
 967 0054 03       		.uleb128 0x3
 968 0055 0E       		.uleb128 0xe
 969 0056 3A       		.uleb128 0x3a
 970 0057 0B       		.uleb128 0xb
 971 0058 3B       		.uleb128 0x3b
 972 0059 0B       		.uleb128 0xb
 973 005a 27       		.uleb128 0x27
 974 005b 19       		.uleb128 0x19
 975 005c 11       		.uleb128 0x11
 976 005d 01       		.uleb128 0x1
 977 005e 12       		.uleb128 0x12
 978 005f 06       		.uleb128 0x6
 979 0060 40       		.uleb128 0x40
 980 0061 18       		.uleb128 0x18
 981 0062 9642     		.uleb128 0x2116
 982 0064 19       		.uleb128 0x19
 983 0065 01       		.uleb128 0x1
 984 0066 13       		.uleb128 0x13
 985 0067 00       		.byte	0
 986 0068 00       		.byte	0
 987 0069 09       		.uleb128 0x9
 988 006a 05       		.uleb128 0x5
 989 006b 00       		.byte	0
 990 006c 03       		.uleb128 0x3
 991 006d 08       		.uleb128 0x8
 992 006e 3A       		.uleb128 0x3a
 993 006f 0B       		.uleb128 0xb
 994 0070 3B       		.uleb128 0x3b
 995 0071 0B       		.uleb128 0xb
 996 0072 49       		.uleb128 0x49
 997 0073 13       		.uleb128 0x13
 998 0074 02       		.uleb128 0x2
 999 0075 18       		.uleb128 0x18
 1000 0076 00       		.byte	0
 1001 0077 00       		.byte	0
 1002 0078 0A       		.uleb128 0xa
 1003 0079 05       		.uleb128 0x5
 1004 007a 00       		.byte	0
 1005 007b 03       		.uleb128 0x3
 1006 007c 0E       		.uleb128 0xe
 1007 007d 3A       		.uleb128 0x3a
 1008 007e 0B       		.uleb128 0xb
 1009 007f 3B       		.uleb128 0x3b
 1010 0080 0B       		.uleb128 0xb
 1011 0081 49       		.uleb128 0x49
 1012 0082 13       		.uleb128 0x13
 1013 0083 02       		.uleb128 0x2
 1014 0084 18       		.uleb128 0x18
 1015 0085 00       		.byte	0
 1016 0086 00       		.byte	0
 1017 0087 0B       		.uleb128 0xb
 1018 0088 0F       		.uleb128 0xf
ARM GAS  C:\Users\Davit\AppData\Local\Temp\ccTDn23Y.s 			page 25


 1019 0089 00       		.byte	0
 1020 008a 0B       		.uleb128 0xb
 1021 008b 0B       		.uleb128 0xb
 1022 008c 49       		.uleb128 0x49
 1023 008d 13       		.uleb128 0x13
 1024 008e 00       		.byte	0
 1025 008f 00       		.byte	0
 1026 0090 0C       		.uleb128 0xc
 1027 0091 26       		.uleb128 0x26
 1028 0092 00       		.byte	0
 1029 0093 00       		.byte	0
 1030 0094 00       		.byte	0
 1031 0095 0D       		.uleb128 0xd
 1032 0096 2E       		.uleb128 0x2e
 1033 0097 00       		.byte	0
 1034 0098 03       		.uleb128 0x3
 1035 0099 0E       		.uleb128 0xe
 1036 009a 3A       		.uleb128 0x3a
 1037 009b 0B       		.uleb128 0xb
 1038 009c 3B       		.uleb128 0x3b
 1039 009d 0B       		.uleb128 0xb
 1040 009e 27       		.uleb128 0x27
 1041 009f 19       		.uleb128 0x19
 1042 00a0 11       		.uleb128 0x11
 1043 00a1 01       		.uleb128 0x1
 1044 00a2 12       		.uleb128 0x12
 1045 00a3 06       		.uleb128 0x6
 1046 00a4 40       		.uleb128 0x40
 1047 00a5 18       		.uleb128 0x18
 1048 00a6 9642     		.uleb128 0x2116
 1049 00a8 19       		.uleb128 0x19
 1050 00a9 00       		.byte	0
 1051 00aa 00       		.byte	0
 1052 00ab 0E       		.uleb128 0xe
 1053 00ac 2E       		.uleb128 0x2e
 1054 00ad 01       		.byte	0x1
 1055 00ae 3F       		.uleb128 0x3f
 1056 00af 19       		.uleb128 0x19
 1057 00b0 03       		.uleb128 0x3
 1058 00b1 0E       		.uleb128 0xe
 1059 00b2 3A       		.uleb128 0x3a
 1060 00b3 0B       		.uleb128 0xb
 1061 00b4 3B       		.uleb128 0x3b
 1062 00b5 0B       		.uleb128 0xb
 1063 00b6 27       		.uleb128 0x27
 1064 00b7 19       		.uleb128 0x19
 1065 00b8 11       		.uleb128 0x11
 1066 00b9 01       		.uleb128 0x1
 1067 00ba 12       		.uleb128 0x12
 1068 00bb 06       		.uleb128 0x6
 1069 00bc 40       		.uleb128 0x40
 1070 00bd 18       		.uleb128 0x18
 1071 00be 9742     		.uleb128 0x2117
 1072 00c0 19       		.uleb128 0x19
 1073 00c1 01       		.uleb128 0x1
 1074 00c2 13       		.uleb128 0x13
 1075 00c3 00       		.byte	0
ARM GAS  C:\Users\Davit\AppData\Local\Temp\ccTDn23Y.s 			page 26


 1076 00c4 00       		.byte	0
 1077 00c5 0F       		.uleb128 0xf
 1078 00c6 34       		.uleb128 0x34
 1079 00c7 00       		.byte	0
 1080 00c8 03       		.uleb128 0x3
 1081 00c9 0E       		.uleb128 0xe
 1082 00ca 3A       		.uleb128 0x3a
 1083 00cb 0B       		.uleb128 0xb
 1084 00cc 3B       		.uleb128 0x3b
 1085 00cd 0B       		.uleb128 0xb
 1086 00ce 49       		.uleb128 0x49
 1087 00cf 13       		.uleb128 0x13
 1088 00d0 02       		.uleb128 0x2
 1089 00d1 18       		.uleb128 0x18
 1090 00d2 00       		.byte	0
 1091 00d3 00       		.byte	0
 1092 00d4 10       		.uleb128 0x10
 1093 00d5 2E       		.uleb128 0x2e
 1094 00d6 01       		.byte	0x1
 1095 00d7 3F       		.uleb128 0x3f
 1096 00d8 19       		.uleb128 0x19
 1097 00d9 03       		.uleb128 0x3
 1098 00da 0E       		.uleb128 0xe
 1099 00db 3A       		.uleb128 0x3a
 1100 00dc 0B       		.uleb128 0xb
 1101 00dd 3B       		.uleb128 0x3b
 1102 00de 05       		.uleb128 0x5
 1103 00df 27       		.uleb128 0x27
 1104 00e0 19       		.uleb128 0x19
 1105 00e1 11       		.uleb128 0x11
 1106 00e2 01       		.uleb128 0x1
 1107 00e3 12       		.uleb128 0x12
 1108 00e4 06       		.uleb128 0x6
 1109 00e5 40       		.uleb128 0x40
 1110 00e6 18       		.uleb128 0x18
 1111 00e7 9642     		.uleb128 0x2116
 1112 00e9 19       		.uleb128 0x19
 1113 00ea 00       		.byte	0
 1114 00eb 00       		.byte	0
 1115 00ec 11       		.uleb128 0x11
 1116 00ed 0B       		.uleb128 0xb
 1117 00ee 01       		.byte	0x1
 1118 00ef 11       		.uleb128 0x11
 1119 00f0 01       		.uleb128 0x1
 1120 00f1 12       		.uleb128 0x12
 1121 00f2 06       		.uleb128 0x6
 1122 00f3 00       		.byte	0
 1123 00f4 00       		.byte	0
 1124 00f5 12       		.uleb128 0x12
 1125 00f6 13       		.uleb128 0x13
 1126 00f7 01       		.byte	0x1
 1127 00f8 0B       		.uleb128 0xb
 1128 00f9 0B       		.uleb128 0xb
 1129 00fa 3A       		.uleb128 0x3a
 1130 00fb 0B       		.uleb128 0xb
 1131 00fc 3B       		.uleb128 0x3b
 1132 00fd 05       		.uleb128 0x5
ARM GAS  C:\Users\Davit\AppData\Local\Temp\ccTDn23Y.s 			page 27


 1133 00fe 01       		.uleb128 0x1
 1134 00ff 13       		.uleb128 0x13
 1135 0100 00       		.byte	0
 1136 0101 00       		.byte	0
 1137 0102 13       		.uleb128 0x13
 1138 0103 0D       		.uleb128 0xd
 1139 0104 00       		.byte	0
 1140 0105 03       		.uleb128 0x3
 1141 0106 0E       		.uleb128 0xe
 1142 0107 3A       		.uleb128 0x3a
 1143 0108 0B       		.uleb128 0xb
 1144 0109 3B       		.uleb128 0x3b
 1145 010a 05       		.uleb128 0x5
 1146 010b 49       		.uleb128 0x49
 1147 010c 13       		.uleb128 0x13
 1148 010d 38       		.uleb128 0x38
 1149 010e 0B       		.uleb128 0xb
 1150 010f 00       		.byte	0
 1151 0110 00       		.byte	0
 1152 0111 14       		.uleb128 0x14
 1153 0112 01       		.uleb128 0x1
 1154 0113 01       		.byte	0x1
 1155 0114 49       		.uleb128 0x49
 1156 0115 13       		.uleb128 0x13
 1157 0116 01       		.uleb128 0x1
 1158 0117 13       		.uleb128 0x13
 1159 0118 00       		.byte	0
 1160 0119 00       		.byte	0
 1161 011a 15       		.uleb128 0x15
 1162 011b 21       		.uleb128 0x21
 1163 011c 00       		.byte	0
 1164 011d 49       		.uleb128 0x49
 1165 011e 13       		.uleb128 0x13
 1166 011f 2F       		.uleb128 0x2f
 1167 0120 0B       		.uleb128 0xb
 1168 0121 00       		.byte	0
 1169 0122 00       		.byte	0
 1170 0123 16       		.uleb128 0x16
 1171 0124 34       		.uleb128 0x34
 1172 0125 00       		.byte	0
 1173 0126 03       		.uleb128 0x3
 1174 0127 0E       		.uleb128 0xe
 1175 0128 3A       		.uleb128 0x3a
 1176 0129 0B       		.uleb128 0xb
 1177 012a 3B       		.uleb128 0x3b
 1178 012b 05       		.uleb128 0x5
 1179 012c 49       		.uleb128 0x49
 1180 012d 13       		.uleb128 0x13
 1181 012e 02       		.uleb128 0x2
 1182 012f 18       		.uleb128 0x18
 1183 0130 00       		.byte	0
 1184 0131 00       		.byte	0
 1185 0132 17       		.uleb128 0x17
 1186 0133 26       		.uleb128 0x26
 1187 0134 00       		.byte	0
 1188 0135 49       		.uleb128 0x49
 1189 0136 13       		.uleb128 0x13
ARM GAS  C:\Users\Davit\AppData\Local\Temp\ccTDn23Y.s 			page 28


 1190 0137 00       		.byte	0
 1191 0138 00       		.byte	0
 1192 0139 18       		.uleb128 0x18
 1193 013a 34       		.uleb128 0x34
 1194 013b 00       		.byte	0
 1195 013c 03       		.uleb128 0x3
 1196 013d 08       		.uleb128 0x8
 1197 013e 3A       		.uleb128 0x3a
 1198 013f 0B       		.uleb128 0xb
 1199 0140 3B       		.uleb128 0x3b
 1200 0141 05       		.uleb128 0x5
 1201 0142 49       		.uleb128 0x49
 1202 0143 13       		.uleb128 0x13
 1203 0144 02       		.uleb128 0x2
 1204 0145 18       		.uleb128 0x18
 1205 0146 00       		.byte	0
 1206 0147 00       		.byte	0
 1207 0148 00       		.byte	0
 1208              		.section	.debug_aranges,"",%progbits
 1209 0000 4C000000 		.4byte	0x4c
 1210 0004 0200     		.2byte	0x2
 1211 0006 00000000 		.4byte	.Ldebug_info0
 1212 000a 04       		.byte	0x4
 1213 000b 00       		.byte	0
 1214 000c 0000     		.2byte	0
 1215 000e 0000     		.2byte	0
 1216 0010 00000000 		.4byte	.LFB2
 1217 0014 1E000000 		.4byte	.LFE2-.LFB2
 1218 0018 00000000 		.4byte	.LFB3
 1219 001c 22000000 		.4byte	.LFE3-.LFB3
 1220 0020 00000000 		.4byte	.LFB4
 1221 0024 22000000 		.4byte	.LFE4-.LFB4
 1222 0028 00000000 		.4byte	.LFB5
 1223 002c F0000000 		.4byte	.LFE5-.LFB5
 1224 0030 00000000 		.4byte	.LFB6
 1225 0034 44000000 		.4byte	.LFE6-.LFB6
 1226 0038 00000000 		.4byte	.LFB7
 1227 003c 40000000 		.4byte	.LFE7-.LFB7
 1228 0040 F0000000 		.4byte	.LFB8
 1229 0044 0C010000 		.4byte	.LFE8-.LFB8
 1230 0048 00000000 		.4byte	0
 1231 004c 00000000 		.4byte	0
 1232              		.section	.debug_ranges,"",%progbits
 1233              	.Ldebug_ranges0:
 1234 0000 00000000 		.4byte	.LFB2
 1235 0004 1E000000 		.4byte	.LFE2
 1236 0008 00000000 		.4byte	.LFB3
 1237 000c 22000000 		.4byte	.LFE3
 1238 0010 00000000 		.4byte	.LFB4
 1239 0014 22000000 		.4byte	.LFE4
 1240 0018 00000000 		.4byte	.LFB5
 1241 001c F0000000 		.4byte	.LFE5
 1242 0020 00000000 		.4byte	.LFB6
 1243 0024 44000000 		.4byte	.LFE6
 1244 0028 00000000 		.4byte	.LFB7
 1245 002c 40000000 		.4byte	.LFE7
 1246 0030 F0000000 		.4byte	.LFB8
ARM GAS  C:\Users\Davit\AppData\Local\Temp\ccTDn23Y.s 			page 29


 1247 0034 FC010000 		.4byte	.LFE8
 1248 0038 00000000 		.4byte	0
 1249 003c 00000000 		.4byte	0
 1250              		.section	.debug_line,"",%progbits
 1251              	.Ldebug_line0:
 1252 0000 88010000 		.section	.debug_str,"MS",%progbits,1
 1252      0200CB00 
 1252      00000201 
 1252      FB0E0D00 
 1252      01010101 
 1253              	.LASF22:
 1254 0000 4359434F 		.ascii	"CYCONFIGCPYCODE\000"
 1254      4E464947 
 1254      43505943 
 1254      4F444500 
 1255              	.LASF18:
 1256 0010 72656733 		.ascii	"reg32\000"
 1256      3200
 1257              	.LASF11:
 1258 0016 73697A65 		.ascii	"size_t\000"
 1258      5F7400
 1259              	.LASF24:
 1260 001d 416E616C 		.ascii	"AnalogSetDefault\000"
 1260      6F675365 
 1260      74446566 
 1260      61756C74 
 1260      00
 1261              	.LASF30:
 1262 002e 6366675F 		.ascii	"cfg_memset_list\000"
 1262      6D656D73 
 1262      65745F6C 
 1262      69737400 
 1263              	.LASF23:
 1264 003e 436C6F63 		.ascii	"ClockSetup\000"
 1264      6B536574 
 1264      757000
 1265              	.LASF4:
 1266 0049 73686F72 		.ascii	"short unsigned int\000"
 1266      7420756E 
 1266      7369676E 
 1266      65642069 
 1266      6E7400
 1267              	.LASF15:
 1268 005c 666C6F61 		.ascii	"float\000"
 1268      7400
 1269              	.LASF21:
 1270 0062 64657374 		.ascii	"dest\000"
 1270      00
 1271              	.LASF27:
 1272 0067 73697A65 		.ascii	"size\000"
 1272      00
 1273              	.LASF17:
 1274 006c 72656738 		.ascii	"reg8\000"
 1274      00
 1275              	.LASF6:
 1276 0071 6C6F6E67 		.ascii	"long unsigned int\000"
 1276      20756E73 
ARM GAS  C:\Users\Davit\AppData\Local\Temp\ccTDn23Y.s 			page 30


 1276      69676E65 
 1276      6420696E 
 1276      7400
 1277              	.LASF12:
 1278 0083 75696E74 		.ascii	"uint8\000"
 1278      3800
 1279              	.LASF19:
 1280 0089 43594D45 		.ascii	"CYMEMZERO\000"
 1280      4D5A4552 
 1280      4F00
 1281              	.LASF34:
 1282 0093 53657441 		.ascii	"SetAnalogRoutingPumps\000"
 1282      6E616C6F 
 1282      67526F75 
 1282      74696E67 
 1282      50756D70 
 1283              	.LASF2:
 1284 00a9 756E7369 		.ascii	"unsigned char\000"
 1284      676E6564 
 1284      20636861 
 1284      7200
 1285              	.LASF16:
 1286 00b7 646F7562 		.ascii	"double\000"
 1286      6C6500
 1287              	.LASF35:
 1288 00be 63796669 		.ascii	"cyfitter_cfg\000"
 1288      74746572 
 1288      5F636667 
 1288      00
 1289              	.LASF31:
 1290 00cb 474E5520 		.ascii	"GNU C 4.9.3 20150303 (release) [ARM/embedded-4_9-br"
 1290      4320342E 
 1290      392E3320 
 1290      32303135 
 1290      30333033 
 1291 00fe 616E6368 		.ascii	"anch revision 221220] -mcpu=cortex-m0 -mthumb -g -O"
 1291      20726576 
 1291      6973696F 
 1291      6E203232 
 1291      31323230 
 1292 0131 30202D66 		.ascii	"0 -ffunction-sections -ffat-lto-objects\000"
 1292      66756E63 
 1292      74696F6E 
 1292      2D736563 
 1292      74696F6E 
 1293              	.LASF13:
 1294 0159 75696E74 		.ascii	"uint16\000"
 1294      313600
 1295              	.LASF14:
 1296 0160 75696E74 		.ascii	"uint32\000"
 1296      333200
 1297              	.LASF0:
 1298 0167 756E7369 		.ascii	"unsigned int\000"
 1298      676E6564 
 1298      20696E74 
 1298      00
 1299              	.LASF26:
ARM GAS  C:\Users\Davit\AppData\Local\Temp\ccTDn23Y.s 			page 31


 1300 0174 61646472 		.ascii	"address\000"
 1300      65737300 
 1301              	.LASF8:
 1302 017c 6C6F6E67 		.ascii	"long long unsigned int\000"
 1302      206C6F6E 
 1302      6720756E 
 1302      7369676E 
 1302      65642069 
 1303              	.LASF28:
 1304 0193 6366675F 		.ascii	"cfg_memset_t\000"
 1304      6D656D73 
 1304      65745F74 
 1304      00
 1305              	.LASF9:
 1306 01a0 73697A65 		.ascii	"sizetype\000"
 1306      74797065 
 1306      00
 1307              	.LASF7:
 1308 01a9 6C6F6E67 		.ascii	"long long int\000"
 1308      206C6F6E 
 1308      6720696E 
 1308      7400
 1309              	.LASF10:
 1310 01b7 63686172 		.ascii	"char\000"
 1310      00
 1311              	.LASF3:
 1312 01bc 73686F72 		.ascii	"short int\000"
 1312      7420696E 
 1312      7400
 1313              	.LASF25:
 1314 01c6 656E6162 		.ascii	"enabled\000"
 1314      6C656400 
 1315              	.LASF5:
 1316 01ce 6C6F6E67 		.ascii	"long int\000"
 1316      20696E74 
 1316      00
 1317              	.LASF1:
 1318 01d7 7369676E 		.ascii	"signed char\000"
 1318      65642063 
 1318      68617200 
 1319              	.LASF32:
 1320 01e3 47656E65 		.ascii	"Generated_Source\\PSoC4\\cyfitter_cfg.c\000"
 1320      72617465 
 1320      645F536F 
 1320      75726365 
 1320      5C50536F 
 1321              	.LASF29:
 1322 0209 72656756 		.ascii	"regValue\000"
 1322      616C7565 
 1322      00
 1323              	.LASF20:
 1324 0212 4359434F 		.ascii	"CYCONFIGCPY\000"
 1324      4E464947 
 1324      43505900 
 1325              	.LASF33:
 1326 021e 433A5C55 		.ascii	"C:\\Users\\Davit\\Documents\\Workspace01\\Design01."
 1326      73657273 
ARM GAS  C:\Users\Davit\AppData\Local\Temp\ccTDn23Y.s 			page 32


 1326      5C446176 
 1326      69745C44 
 1326      6F63756D 
 1327 024c 63796473 		.ascii	"cydsn\000"
 1327      6E00
 1328              		.ident	"GCC: (GNU Tools for ARM Embedded Processors) 4.9.3 20150303 (release) [ARM/embedded-4_9-br
